{
  "stats": {
    "suites": 1,
    "tests": 13,
    "passes": 13,
    "pending": 0,
    "failures": 0,
    "start": "2026-02-04T15:20:13.199Z",
    "end": "2026-02-04T15:20:16.178Z",
    "duration": 2979,
    "testsRegistered": 13,
    "passPercent": 100,
    "pendingPercent": 0,
    "other": 0,
    "hasOther": false,
    "skipped": 0,
    "hasSkipped": false
  },
  "results": [
    {
      "uuid": "487aa1a8-a993-4e5f-ba41-861b24fea8a5",
      "title": "",
      "fullFile": "cypress/e2e/api/users.cy.js",
      "file": "cypress/e2e/api/users.cy.js",
      "beforeHooks": [],
      "afterHooks": [],
      "tests": [],
      "suites": [
        {
          "uuid": "091b5071-18b4-403e-bc26-48be95854f03",
          "title": "JSONPlaceholder API - Posts",
          "fullFile": "",
          "file": "",
          "beforeHooks": [],
          "afterHooks": [],
          "tests": [
            {
              "title": "GET /posts - should return list of posts",
              "fullTitle": "JSONPlaceholder API - Posts GET /posts - should return list of posts",
              "timedOut": null,
              "duration": 227,
              "state": "passed",
              "speed": "fast",
              "pass": true,
              "fail": false,
              "pending": false,
              "context": null,
              "code": "cy.request({\n  method: 'GET',\n  url: `${baseUrl}/posts`\n}).then(response => {\n  expect(response.status).to.eq(200);\n  expect(response.body).to.be.an('array');\n});",
              "err": {},
              "uuid": "68aa6f8e-27b8-4c5c-926e-895b4f47f9ad",
              "parentUUID": "091b5071-18b4-403e-bc26-48be95854f03",
              "isHook": false,
              "skipped": false
            },
            {
              "title": "GET /posts - should have valid structure",
              "fullTitle": "JSONPlaceholder API - Posts GET /posts - should have valid structure",
              "timedOut": null,
              "duration": 95,
              "state": "passed",
              "speed": "fast",
              "pass": true,
              "fail": false,
              "pending": false,
              "context": null,
              "code": "cy.request({\n  method: 'GET',\n  url: `${baseUrl}/posts`\n}).then(response => {\n  expect(response.status).to.eq(200);\n  expect(response.body).to.be.an('array');\n  expect(response.body.length).to.be.greaterThan(0);\n  const firstPost = response.body[0];\n  expect(firstPost).to.have.all.keys('userId', 'id', 'title', 'body');\n});",
              "err": {},
              "uuid": "c2df8fee-336b-4ba0-8876-fd1871ef7d9a",
              "parentUUID": "091b5071-18b4-403e-bc26-48be95854f03",
              "isHook": false,
              "skipped": false
            },
            {
              "title": "GET /posts/1 - should return specific post",
              "fullTitle": "JSONPlaceholder API - Posts GET /posts/1 - should return specific post",
              "timedOut": null,
              "duration": 72,
              "state": "passed",
              "speed": "fast",
              "pass": true,
              "fail": false,
              "pending": false,
              "context": null,
              "code": "cy.request({\n  method: 'GET',\n  url: `${baseUrl}/posts/1`\n}).then(response => {\n  expect(response.status).to.eq(200);\n  expect(response.body).to.have.property('id', 1);\n  expect(response.body).to.have.property('userId');\n  expect(response.body).to.have.property('title');\n  expect(response.body).to.have.property('body');\n});",
              "err": {},
              "uuid": "2e2424eb-aa66-4f3e-9ed9-583cf9b50704",
              "parentUUID": "091b5071-18b4-403e-bc26-48be95854f03",
              "isHook": false,
              "skipped": false
            },
            {
              "title": "GET /posts/99999 - should return 404 for non-existent post",
              "fullTitle": "JSONPlaceholder API - Posts GET /posts/99999 - should return 404 for non-existent post",
              "timedOut": null,
              "duration": 79,
              "state": "passed",
              "speed": "fast",
              "pass": true,
              "fail": false,
              "pending": false,
              "context": null,
              "code": "cy.request({\n  method: 'GET',\n  url: `${baseUrl}/posts/99999`,\n  failOnStatusCode: false\n}).then(response => {\n  expect(response.status).to.eq(404);\n});",
              "err": {},
              "uuid": "f6c8f710-0871-4393-b43b-16888ec6a9b3",
              "parentUUID": "091b5071-18b4-403e-bc26-48be95854f03",
              "isHook": false,
              "skipped": false
            },
            {
              "title": "POST /posts - should create a post with valid payload",
              "fullTitle": "JSONPlaceholder API - Posts POST /posts - should create a post with valid payload",
              "timedOut": null,
              "duration": 345,
              "state": "passed",
              "speed": "fast",
              "pass": true,
              "fail": false,
              "pending": false,
              "context": null,
              "code": "cy.request({\n  method: 'POST',\n  url: `${baseUrl}/posts`,\n  body: _postPayloads.default.validPost\n}).then(response => {\n  expect(response.status).to.eq(201);\n  expect(response.body).to.have.property('id');\n  expect(response.body.title).to.eq(_postPayloads.default.validPost.title);\n  expect(response.body.body).to.eq(_postPayloads.default.validPost.body);\n  expect(response.body.userId).to.eq(_postPayloads.default.validPost.userId);\n});",
              "err": {},
              "uuid": "6796b9da-10c8-4258-a099-cab4be5f4b2d",
              "parentUUID": "091b5071-18b4-403e-bc26-48be95854f03",
              "isHook": false,
              "skipped": false
            },
            {
              "title": "POST /posts - should handle invalid payload",
              "fullTitle": "JSONPlaceholder API - Posts POST /posts - should handle invalid payload",
              "timedOut": null,
              "duration": 174,
              "state": "passed",
              "speed": "fast",
              "pass": true,
              "fail": false,
              "pending": false,
              "context": null,
              "code": "cy.request({\n  method: 'POST',\n  url: `${baseUrl}/posts`,\n  body: _postPayloads.default.invalidUser,\n  failOnStatusCode: false\n}).then(response => {\n  // JSONPlaceholder não valida payloads, então retorna 201\n  expect([201, 400]).to.include(response.status);\n});",
              "err": {},
              "uuid": "79671225-25fd-4010-819f-abaa7bda2fa0",
              "parentUUID": "091b5071-18b4-403e-bc26-48be95854f03",
              "isHook": false,
              "skipped": false
            },
            {
              "title": "POST /posts - should create post with only title",
              "fullTitle": "JSONPlaceholder API - Posts POST /posts - should create post with only title",
              "timedOut": null,
              "duration": 196,
              "state": "passed",
              "speed": "fast",
              "pass": true,
              "fail": false,
              "pending": false,
              "context": null,
              "code": "const minimalPayload = {\n  title: 'Minimal Post'\n};\ncy.request({\n  method: 'POST',\n  url: `${baseUrl}/posts`,\n  body: minimalPayload\n}).then(response => {\n  expect(response.status).to.eq(201);\n  expect(response.body).to.have.property('id');\n  expect(response.body.title).to.eq('Minimal Post');\n});",
              "err": {},
              "uuid": "f9881c0b-45f2-43fa-b0d0-6f679bab3664",
              "parentUUID": "091b5071-18b4-403e-bc26-48be95854f03",
              "isHook": false,
              "skipped": false
            },
            {
              "title": "PUT /posts/1 - should update a post completely",
              "fullTitle": "JSONPlaceholder API - Posts PUT /posts/1 - should update a post completely",
              "timedOut": null,
              "duration": 422,
              "state": "passed",
              "speed": "fast",
              "pass": true,
              "fail": false,
              "pending": false,
              "context": null,
              "code": "cy.request({\n  method: 'PUT',\n  url: `${baseUrl}/posts/1`,\n  body: _postPayloads.default.validPost\n}).then(response => {\n  expect(response.status).to.eq(200);\n  expect(response.body.id).to.eq(1);\n  expect(response.body.title).to.eq(_postPayloads.default.validPost.title);\n});",
              "err": {},
              "uuid": "64c04911-a888-41f4-83fc-344ba21ea08a",
              "parentUUID": "091b5071-18b4-403e-bc26-48be95854f03",
              "isHook": false,
              "skipped": false
            },
            {
              "title": "PUT /posts/1 - should update only specific fields",
              "fullTitle": "JSONPlaceholder API - Posts PUT /posts/1 - should update only specific fields",
              "timedOut": null,
              "duration": 184,
              "state": "passed",
              "speed": "fast",
              "pass": true,
              "fail": false,
              "pending": false,
              "context": null,
              "code": "const partialUpdate = {\n  title: 'Updated Title'\n};\ncy.request({\n  method: 'PUT',\n  url: `${baseUrl}/posts/1`,\n  body: partialUpdate\n}).then(response => {\n  expect(response.status).to.eq(200);\n  expect(response.body.title).to.eq('Updated Title');\n});",
              "err": {},
              "uuid": "87f4309e-5166-49c8-a3cc-0c2186e8e87a",
              "parentUUID": "091b5071-18b4-403e-bc26-48be95854f03",
              "isHook": false,
              "skipped": false
            },
            {
              "title": "PATCH /posts/1 - should partially update a post",
              "fullTitle": "JSONPlaceholder API - Posts PATCH /posts/1 - should partially update a post",
              "timedOut": null,
              "duration": 189,
              "state": "passed",
              "speed": "fast",
              "pass": true,
              "fail": false,
              "pending": false,
              "context": null,
              "code": "const partialUpdate = {\n  title: 'Patched Title'\n};\ncy.request({\n  method: 'PATCH',\n  url: `${baseUrl}/posts/1`,\n  body: partialUpdate\n}).then(response => {\n  expect(response.status).to.eq(200);\n  expect(response.body.title).to.eq('Patched Title');\n  expect(response.body.id).to.eq(1);\n});",
              "err": {},
              "uuid": "3229cae9-ddb3-4363-a5fd-20e521081a52",
              "parentUUID": "091b5071-18b4-403e-bc26-48be95854f03",
              "isHook": false,
              "skipped": false
            },
            {
              "title": "PATCH /posts/2 - should update just the body",
              "fullTitle": "JSONPlaceholder API - Posts PATCH /posts/2 - should update just the body",
              "timedOut": null,
              "duration": 172,
              "state": "passed",
              "speed": "fast",
              "pass": true,
              "fail": false,
              "pending": false,
              "context": null,
              "code": "const bodyUpdate = {\n  body: 'This is the updated body content'\n};\ncy.request({\n  method: 'PATCH',\n  url: `${baseUrl}/posts/2`,\n  body: bodyUpdate\n}).then(response => {\n  expect(response.status).to.eq(200);\n  expect(response.body.body).to.eq('This is the updated body content');\n});",
              "err": {},
              "uuid": "0af16354-c501-4b45-b235-7b3f72a2a3ba",
              "parentUUID": "091b5071-18b4-403e-bc26-48be95854f03",
              "isHook": false,
              "skipped": false
            },
            {
              "title": "DELETE /posts/1 - should delete a post",
              "fullTitle": "JSONPlaceholder API - Posts DELETE /posts/1 - should delete a post",
              "timedOut": null,
              "duration": 166,
              "state": "passed",
              "speed": "fast",
              "pass": true,
              "fail": false,
              "pending": false,
              "context": null,
              "code": "cy.request({\n  method: 'DELETE',\n  url: `${baseUrl}/posts/1`\n}).then(response => {\n  expect(response.status).to.eq(200);\n});",
              "err": {},
              "uuid": "b21f2412-4225-47c9-a19a-6801922df124",
              "parentUUID": "091b5071-18b4-403e-bc26-48be95854f03",
              "isHook": false,
              "skipped": false
            },
            {
              "title": "DELETE /posts/99999 - should return 200 for non-existent post",
              "fullTitle": "JSONPlaceholder API - Posts DELETE /posts/99999 - should return 200 for non-existent post",
              "timedOut": null,
              "duration": 168,
              "state": "passed",
              "speed": "fast",
              "pass": true,
              "fail": false,
              "pending": false,
              "context": null,
              "code": "cy.request({\n  method: 'DELETE',\n  url: `${baseUrl}/posts/99999`\n}).then(response => {\n  // JSONPlaceholder sempre retorna 200 para DELETE\n  expect(response.status).to.eq(200);\n});",
              "err": {},
              "uuid": "a4867ce9-1b8d-42f5-b285-d23e72a55ecc",
              "parentUUID": "091b5071-18b4-403e-bc26-48be95854f03",
              "isHook": false,
              "skipped": false
            }
          ],
          "suites": [],
          "passes": [
            "68aa6f8e-27b8-4c5c-926e-895b4f47f9ad",
            "c2df8fee-336b-4ba0-8876-fd1871ef7d9a",
            "2e2424eb-aa66-4f3e-9ed9-583cf9b50704",
            "f6c8f710-0871-4393-b43b-16888ec6a9b3",
            "6796b9da-10c8-4258-a099-cab4be5f4b2d",
            "79671225-25fd-4010-819f-abaa7bda2fa0",
            "f9881c0b-45f2-43fa-b0d0-6f679bab3664",
            "64c04911-a888-41f4-83fc-344ba21ea08a",
            "87f4309e-5166-49c8-a3cc-0c2186e8e87a",
            "3229cae9-ddb3-4363-a5fd-20e521081a52",
            "0af16354-c501-4b45-b235-7b3f72a2a3ba",
            "b21f2412-4225-47c9-a19a-6801922df124",
            "a4867ce9-1b8d-42f5-b285-d23e72a55ecc"
          ],
          "failures": [],
          "pending": [],
          "skipped": [],
          "duration": 2489,
          "root": false,
          "rootEmpty": false,
          "_timeout": 2000
        }
      ],
      "passes": [],
      "failures": [],
      "pending": [],
      "skipped": [],
      "duration": 0,
      "root": true,
      "rootEmpty": true,
      "_timeout": 2000
    }
  ],
  "meta": {
    "mocha": {
      "version": "7.2.0"
    },
    "mochawesome": {
      "options": {
        "quiet": false,
        "reportFilename": "mochawesome",
        "saveHtml": false,
        "saveJson": true,
        "consoleReporter": "spec",
        "useInlineDiffs": false,
        "code": true
      },
      "version": "7.1.4"
    },
    "marge": {
      "options": {
        "reportDir": "cypress/reports",
        "overwrite": false,
        "html": false,
        "json": true
      },
      "version": "6.3.2"
    }
  }
}