{
  "stats": {
    "suites": 9,
    "tests": 20,
    "passes": 20,
    "pending": 0,
    "failures": 0,
    "start": "2026-02-04T13:03:12.668Z",
    "end": "2026-02-04T13:03:17.166Z",
    "duration": 4498,
    "testsRegistered": 20,
    "passPercent": 100,
    "pendingPercent": 0,
    "other": 0,
    "hasOther": false,
    "skipped": 0,
    "hasSkipped": false
  },
  "results": [
    {
      "uuid": "6a8d4075-053b-4be6-88c2-186532156818",
      "title": "",
      "fullFile": "cypress/e2e/api/users.cy.js",
      "file": "cypress/e2e/api/users.cy.js",
      "beforeHooks": [],
      "afterHooks": [],
      "tests": [],
      "suites": [
        {
          "uuid": "6396e812-10b1-47ca-b9c8-256cd3b1ce4c",
          "title": "JSONPlaceholder API - Posts (Escalável)",
          "fullFile": "",
          "file": "",
          "beforeHooks": [],
          "afterHooks": [],
          "tests": [],
          "suites": [
            {
              "uuid": "8929d43f-4733-44aa-b0fc-206ef1158f1f",
              "title": "GET /posts",
              "fullFile": "",
              "file": "",
              "beforeHooks": [],
              "afterHooks": [],
              "tests": [
                {
                  "title": "should return list of posts",
                  "fullTitle": "JSONPlaceholder API - Posts (Escalável) GET /posts should return list of posts",
                  "timedOut": null,
                  "duration": 228,
                  "state": "passed",
                  "speed": "fast",
                  "pass": true,
                  "fail": false,
                  "pending": false,
                  "context": null,
                  "code": "_JsonPlaceholderService.default.getAllPosts().then(response => {\n  expect(response.status).to.eq(200);\n  expect(response.body).to.be.an('array');\n});",
                  "err": {},
                  "uuid": "1ae2eb0e-b4b6-474b-b379-3a0f093ed062",
                  "parentUUID": "8929d43f-4733-44aa-b0fc-206ef1158f1f",
                  "isHook": false,
                  "skipped": false
                },
                {
                  "title": "should return posts with valid structure",
                  "fullTitle": "JSONPlaceholder API - Posts (Escalável) GET /posts should return posts with valid structure",
                  "timedOut": null,
                  "duration": 73,
                  "state": "passed",
                  "speed": "fast",
                  "pass": true,
                  "fail": false,
                  "pending": false,
                  "context": null,
                  "code": "_JsonPlaceholderService.default.getAllPosts().then(response => {\n  expect(response.status).to.eq(200);\n  const firstPost = response.body[0];\n  expect(firstPost).to.have.property('userId');\n  expect(firstPost).to.have.property('id');\n  expect(firstPost).to.have.property('title');\n  expect(firstPost).to.have.property('body');\n});",
                  "err": {},
                  "uuid": "b304fa81-a1a5-4ed8-9ee0-56d702786cd5",
                  "parentUUID": "8929d43f-4733-44aa-b0fc-206ef1158f1f",
                  "isHook": false,
                  "skipped": false
                },
                {
                  "title": "should return posts within acceptable response time",
                  "fullTitle": "JSONPlaceholder API - Posts (Escalável) GET /posts should return posts within acceptable response time",
                  "timedOut": null,
                  "duration": 72,
                  "state": "passed",
                  "speed": "fast",
                  "pass": true,
                  "fail": false,
                  "pending": false,
                  "context": null,
                  "code": "_JsonPlaceholderService.default.getAllPosts().then(response => {\n  expect(response.duration).to.be.lessThan(5000);\n});",
                  "err": {},
                  "uuid": "7946e010-248f-400a-a1bd-814040a43a41",
                  "parentUUID": "8929d43f-4733-44aa-b0fc-206ef1158f1f",
                  "isHook": false,
                  "skipped": false
                }
              ],
              "suites": [],
              "passes": [
                "1ae2eb0e-b4b6-474b-b379-3a0f093ed062",
                "b304fa81-a1a5-4ed8-9ee0-56d702786cd5",
                "7946e010-248f-400a-a1bd-814040a43a41"
              ],
              "failures": [],
              "pending": [],
              "skipped": [],
              "duration": 373,
              "root": false,
              "rootEmpty": false,
              "_timeout": 2000
            },
            {
              "uuid": "7077ae7f-69ba-4ca1-b412-1bc981a53a44",
              "title": "GET /posts/{id}",
              "fullFile": "",
              "file": "",
              "beforeHooks": [],
              "afterHooks": [],
              "tests": [
                {
                  "title": "should return single post by ID",
                  "fullTitle": "JSONPlaceholder API - Posts (Escalável) GET /posts/{id} should return single post by ID",
                  "timedOut": null,
                  "duration": 63,
                  "state": "passed",
                  "speed": "fast",
                  "pass": true,
                  "fail": false,
                  "pending": false,
                  "context": null,
                  "code": "const postId = 1;\n_JsonPlaceholderService.default.getPostById(postId).then(response => {\n  expect(response.status).to.eq(200);\n  expect(response.body.id).to.eq(postId);\n  expect(response.body).to.have.property('userId');\n  expect(response.body).to.have.property('title');\n  expect(response.body).to.have.property('body');\n});",
                  "err": {},
                  "uuid": "ea008e8b-2f4c-4228-92ed-3f7601e54990",
                  "parentUUID": "7077ae7f-69ba-4ca1-b412-1bc981a53a44",
                  "isHook": false,
                  "skipped": false
                },
                {
                  "title": "should return 404 for non-existent post",
                  "fullTitle": "JSONPlaceholder API - Posts (Escalável) GET /posts/{id} should return 404 for non-existent post",
                  "timedOut": null,
                  "duration": 52,
                  "state": "passed",
                  "speed": "fast",
                  "pass": true,
                  "fail": false,
                  "pending": false,
                  "context": null,
                  "code": "const nonExistentId = 9999;\n_JsonPlaceholderService.default.getPostById(nonExistentId, {\n  failOnStatusCode: false\n}).then(response => {\n  expect(response.status).to.eq(404);\n});",
                  "err": {},
                  "uuid": "044b6bf1-e7d4-4a3d-898d-6b17fc7a456a",
                  "parentUUID": "7077ae7f-69ba-4ca1-b412-1bc981a53a44",
                  "isHook": false,
                  "skipped": false
                },
                {
                  "title": "should validate post structure",
                  "fullTitle": "JSONPlaceholder API - Posts (Escalável) GET /posts/{id} should validate post structure",
                  "timedOut": null,
                  "duration": 82,
                  "state": "passed",
                  "speed": "fast",
                  "pass": true,
                  "fail": false,
                  "pending": false,
                  "context": null,
                  "code": "const postId = 1;\n_JsonPlaceholderService.default.getPostById(postId).then(response => {\n  expect(response.status).to.eq(200);\n  expect(response.body).to.have.all.keys('userId', 'id', 'title', 'body');\n  expect(response.body.userId).to.be.a('number');\n  expect(response.body.id).to.be.a('number');\n  expect(response.body.title).to.be.a('string');\n  expect(response.body.body).to.be.a('string');\n});",
                  "err": {},
                  "uuid": "5cd58bc0-183f-493e-b667-e29a68cb63b3",
                  "parentUUID": "7077ae7f-69ba-4ca1-b412-1bc981a53a44",
                  "isHook": false,
                  "skipped": false
                }
              ],
              "suites": [],
              "passes": [
                "ea008e8b-2f4c-4228-92ed-3f7601e54990",
                "044b6bf1-e7d4-4a3d-898d-6b17fc7a456a",
                "5cd58bc0-183f-493e-b667-e29a68cb63b3"
              ],
              "failures": [],
              "pending": [],
              "skipped": [],
              "duration": 197,
              "root": false,
              "rootEmpty": false,
              "_timeout": 2000
            },
            {
              "uuid": "d57a8abc-57ee-4909-9c9b-f4e45fc02246",
              "title": "POST /posts",
              "fullFile": "",
              "file": "",
              "beforeHooks": [],
              "afterHooks": [],
              "tests": [
                {
                  "title": "should create a new post with valid payload",
                  "fullTitle": "JSONPlaceholder API - Posts (Escalável) POST /posts should create a new post with valid payload",
                  "timedOut": null,
                  "duration": 185,
                  "state": "passed",
                  "speed": "fast",
                  "pass": true,
                  "fail": false,
                  "pending": false,
                  "context": null,
                  "code": "const payload = _PostFactory.default.createValid();\n_JsonPlaceholderService.default.createPost(payload).then(response => {\n  expect(response.status).to.eq(201);\n  expect(response.body).to.have.property('id');\n  expect(response.body.title).to.eq(payload.title);\n  expect(response.body.body).to.eq(payload.body);\n  expect(response.body.userId).to.eq(payload.userId);\n});",
                  "err": {},
                  "uuid": "ab289f7b-db4d-4716-bd47-b5ffb9a9eeec",
                  "parentUUID": "d57a8abc-57ee-4909-9c9b-f4e45fc02246",
                  "isHook": false,
                  "skipped": false
                },
                {
                  "title": "should create post with extra fields (ignored by API)",
                  "fullTitle": "JSONPlaceholder API - Posts (Escalável) POST /posts should create post with extra fields (ignored by API)",
                  "timedOut": null,
                  "duration": 182,
                  "state": "passed",
                  "speed": "fast",
                  "pass": true,
                  "fail": false,
                  "pending": false,
                  "context": null,
                  "code": "const payload = _PostFactory.default.createWithExtraFields();\n_JsonPlaceholderService.default.createPost(payload).then(response => {\n  expect(response.status).to.eq(201);\n  expect(response.body).to.have.property('id');\n});",
                  "err": {},
                  "uuid": "559ffa73-93fd-449f-9efc-56099359d164",
                  "parentUUID": "d57a8abc-57ee-4909-9c9b-f4e45fc02246",
                  "isHook": false,
                  "skipped": false
                },
                {
                  "title": "should fail with invalid userId",
                  "fullTitle": "JSONPlaceholder API - Posts (Escalável) POST /posts should fail with invalid userId",
                  "timedOut": null,
                  "duration": 175,
                  "state": "passed",
                  "speed": "fast",
                  "pass": true,
                  "fail": false,
                  "pending": false,
                  "context": null,
                  "code": "const payload = _PostFactory.default.createWithInvalidUserId();\n_JsonPlaceholderService.default.createPost(payload, {\n  failOnStatusCode: false\n}).then(response => {\n  expect([201, 400]).to.include(response.status);\n});",
                  "err": {},
                  "uuid": "ce25158b-5889-4b17-aa27-ad0bd93f531f",
                  "parentUUID": "d57a8abc-57ee-4909-9c9b-f4e45fc02246",
                  "isHook": false,
                  "skipped": false
                },
                {
                  "title": "should fail with missing required fields",
                  "fullTitle": "JSONPlaceholder API - Posts (Escalável) POST /posts should fail with missing required fields",
                  "timedOut": null,
                  "duration": 186,
                  "state": "passed",
                  "speed": "fast",
                  "pass": true,
                  "fail": false,
                  "pending": false,
                  "context": null,
                  "code": "const payload = {\n  title: 'Test'\n};\n_JsonPlaceholderService.default.createPost(payload, {\n  failOnStatusCode: false\n}).then(response => {\n  expect([201, 400]).to.include(response.status);\n});",
                  "err": {},
                  "uuid": "3364940d-248d-488d-ad1b-c13d4a9524fe",
                  "parentUUID": "d57a8abc-57ee-4909-9c9b-f4e45fc02246",
                  "isHook": false,
                  "skipped": false
                }
              ],
              "suites": [],
              "passes": [
                "ab289f7b-db4d-4716-bd47-b5ffb9a9eeec",
                "559ffa73-93fd-449f-9efc-56099359d164",
                "ce25158b-5889-4b17-aa27-ad0bd93f531f",
                "3364940d-248d-488d-ad1b-c13d4a9524fe"
              ],
              "failures": [],
              "pending": [],
              "skipped": [],
              "duration": 728,
              "root": false,
              "rootEmpty": false,
              "_timeout": 2000
            },
            {
              "uuid": "fbf297ef-92e6-4543-8fb6-9d5ba59ac2be",
              "title": "PUT /posts/{id}",
              "fullFile": "",
              "file": "",
              "beforeHooks": [],
              "afterHooks": [],
              "tests": [
                {
                  "title": "should update post with valid payload",
                  "fullTitle": "JSONPlaceholder API - Posts (Escalável) PUT /posts/{id} should update post with valid payload",
                  "timedOut": null,
                  "duration": 508,
                  "state": "passed",
                  "speed": "fast",
                  "pass": true,
                  "fail": false,
                  "pending": false,
                  "context": null,
                  "code": "const postId = 1;\nconst payload = _PostFactory.default.createValid();\n_JsonPlaceholderService.default.updatePost(postId, payload).then(response => {\n  expect(response.status).to.eq(200);\n  expect(response.body.id).to.eq(postId);\n  expect(response.body.title).to.eq(payload.title);\n  expect(response.body.body).to.eq(payload.body);\n});",
                  "err": {},
                  "uuid": "71c1e8aa-49e6-446c-b366-e963578f2581",
                  "parentUUID": "fbf297ef-92e6-4543-8fb6-9d5ba59ac2be",
                  "isHook": false,
                  "skipped": false
                },
                {
                  "title": "should update only specific fields with partial data",
                  "fullTitle": "JSONPlaceholder API - Posts (Escalável) PUT /posts/{id} should update only specific fields with partial data",
                  "timedOut": null,
                  "duration": 188,
                  "state": "passed",
                  "speed": "fast",
                  "pass": true,
                  "fail": false,
                  "pending": false,
                  "context": null,
                  "code": "const postId = 1;\nconst payload = _PostFactory.default.createPartial();\n_JsonPlaceholderService.default.updatePost(postId, payload).then(response => {\n  expect(response.status).to.eq(200);\n  expect(response.body.title).to.eq(payload.title);\n});",
                  "err": {},
                  "uuid": "abf45814-4879-4172-96a5-952374338563",
                  "parentUUID": "fbf297ef-92e6-4543-8fb6-9d5ba59ac2be",
                  "isHook": false,
                  "skipped": false
                }
              ],
              "suites": [],
              "passes": [
                "71c1e8aa-49e6-446c-b366-e963578f2581",
                "abf45814-4879-4172-96a5-952374338563"
              ],
              "failures": [],
              "pending": [],
              "skipped": [],
              "duration": 696,
              "root": false,
              "rootEmpty": false,
              "_timeout": 2000
            },
            {
              "uuid": "4d64325d-703f-4d11-9fdb-d5e002667c6a",
              "title": "PATCH /posts/{id}",
              "fullFile": "",
              "file": "",
              "beforeHooks": [],
              "afterHooks": [],
              "tests": [
                {
                  "title": "should partially update post",
                  "fullTitle": "JSONPlaceholder API - Posts (Escalável) PATCH /posts/{id} should partially update post",
                  "timedOut": null,
                  "duration": 217,
                  "state": "passed",
                  "speed": "fast",
                  "pass": true,
                  "fail": false,
                  "pending": false,
                  "context": null,
                  "code": "const postId = 1;\nconst payload = {\n  title: 'Updated Title'\n};\n_JsonPlaceholderService.default.patchPost(postId, payload).then(response => {\n  expect(response.status).to.eq(200);\n  expect(response.body.title).to.eq(payload.title);\n});",
                  "err": {},
                  "uuid": "099f2cdf-7d55-4923-8013-57a46e88176d",
                  "parentUUID": "4d64325d-703f-4d11-9fdb-d5e002667c6a",
                  "isHook": false,
                  "skipped": false
                },
                {
                  "title": "should update multiple fields",
                  "fullTitle": "JSONPlaceholder API - Posts (Escalável) PATCH /posts/{id} should update multiple fields",
                  "timedOut": null,
                  "duration": 194,
                  "state": "passed",
                  "speed": "fast",
                  "pass": true,
                  "fail": false,
                  "pending": false,
                  "context": null,
                  "code": "const postId = 1;\nconst payload = _PostFactory.default.createValid();\n_JsonPlaceholderService.default.patchPost(postId, payload).then(response => {\n  expect(response.status).to.eq(200);\n  expect(response.body.title).to.eq(payload.title);\n  expect(response.body.body).to.eq(payload.body);\n});",
                  "err": {},
                  "uuid": "25c57f35-bfd4-4d4f-9f24-9a1a039361c3",
                  "parentUUID": "4d64325d-703f-4d11-9fdb-d5e002667c6a",
                  "isHook": false,
                  "skipped": false
                }
              ],
              "suites": [],
              "passes": [
                "099f2cdf-7d55-4923-8013-57a46e88176d",
                "25c57f35-bfd4-4d4f-9f24-9a1a039361c3"
              ],
              "failures": [],
              "pending": [],
              "skipped": [],
              "duration": 411,
              "root": false,
              "rootEmpty": false,
              "_timeout": 2000
            },
            {
              "uuid": "c8f52fbf-e87e-43e0-b225-665399775caa",
              "title": "DELETE /posts/{id}",
              "fullFile": "",
              "file": "",
              "beforeHooks": [],
              "afterHooks": [],
              "tests": [
                {
                  "title": "should delete existing post",
                  "fullTitle": "JSONPlaceholder API - Posts (Escalável) DELETE /posts/{id} should delete existing post",
                  "timedOut": null,
                  "duration": 195,
                  "state": "passed",
                  "speed": "fast",
                  "pass": true,
                  "fail": false,
                  "pending": false,
                  "context": null,
                  "code": "const postId = 1;\n_JsonPlaceholderService.default.deletePost(postId).then(response => {\n  expect(response.status).to.eq(200);\n});",
                  "err": {},
                  "uuid": "9534afee-aee7-4119-bfb6-4d20316a969c",
                  "parentUUID": "c8f52fbf-e87e-43e0-b225-665399775caa",
                  "isHook": false,
                  "skipped": false
                },
                {
                  "title": "should return 200 for non-existent post (API behavior)",
                  "fullTitle": "JSONPlaceholder API - Posts (Escalável) DELETE /posts/{id} should return 200 for non-existent post (API behavior)",
                  "timedOut": null,
                  "duration": 186,
                  "state": "passed",
                  "speed": "fast",
                  "pass": true,
                  "fail": false,
                  "pending": false,
                  "context": null,
                  "code": "const nonExistentId = 9999;\n_JsonPlaceholderService.default.deletePost(nonExistentId, {\n  failOnStatusCode: false\n}).then(response => {\n  expect(response.status).to.eq(200);\n});",
                  "err": {},
                  "uuid": "c89b57aa-8d2a-406c-8b55-541dff4d6a55",
                  "parentUUID": "c8f52fbf-e87e-43e0-b225-665399775caa",
                  "isHook": false,
                  "skipped": false
                }
              ],
              "suites": [],
              "passes": [
                "9534afee-aee7-4119-bfb6-4d20316a969c",
                "c89b57aa-8d2a-406c-8b55-541dff4d6a55"
              ],
              "failures": [],
              "pending": [],
              "skipped": [],
              "duration": 381,
              "root": false,
              "rootEmpty": false,
              "_timeout": 2000
            },
            {
              "uuid": "1d5334b7-b687-467e-86a2-6ae99c0ce408",
              "title": "Custom Endpoints",
              "fullFile": "",
              "file": "",
              "beforeHooks": [],
              "afterHooks": [],
              "tests": [
                {
                  "title": "should filter posts by user ID",
                  "fullTitle": "JSONPlaceholder API - Posts (Escalável) Custom Endpoints should filter posts by user ID",
                  "timedOut": null,
                  "duration": 83,
                  "state": "passed",
                  "speed": "fast",
                  "pass": true,
                  "fail": false,
                  "pending": false,
                  "context": null,
                  "code": "const userId = 1;\n_JsonPlaceholderService.default.getPostsByUser(userId).then(response => {\n  expect(response.status).to.eq(200);\n  expect(response.body).to.be.an('array');\n  response.body.forEach(post => {\n    expect(post.userId).to.eq(userId);\n  });\n});",
                  "err": {},
                  "uuid": "31b4bbd6-c290-4ae6-b5fb-f8c2a806475f",
                  "parentUUID": "1d5334b7-b687-467e-86a2-6ae99c0ce408",
                  "isHook": false,
                  "skipped": false
                },
                {
                  "title": "should return posts with pagination",
                  "fullTitle": "JSONPlaceholder API - Posts (Escalável) Custom Endpoints should return posts with pagination",
                  "timedOut": null,
                  "duration": 70,
                  "state": "passed",
                  "speed": "fast",
                  "pass": true,
                  "fail": false,
                  "pending": false,
                  "context": null,
                  "code": "const page = 1;\nconst perPage = 5;\n_JsonPlaceholderService.default.getPostsPaginated(page, perPage).then(response => {\n  expect(response.status).to.eq(200);\n  expect(response.body).to.have.lengthOf(perPage);\n});",
                  "err": {},
                  "uuid": "3a12f989-fa20-4fff-873d-a70017ff49c8",
                  "parentUUID": "1d5334b7-b687-467e-86a2-6ae99c0ce408",
                  "isHook": false,
                  "skipped": false
                }
              ],
              "suites": [],
              "passes": [
                "31b4bbd6-c290-4ae6-b5fb-f8c2a806475f",
                "3a12f989-fa20-4fff-873d-a70017ff49c8"
              ],
              "failures": [],
              "pending": [],
              "skipped": [],
              "duration": 153,
              "root": false,
              "rootEmpty": false,
              "_timeout": 2000
            },
            {
              "uuid": "2bb62279-c67b-4a49-9372-88f8783cf756",
              "title": "Integration Tests",
              "fullFile": "",
              "file": "",
              "beforeHooks": [],
              "afterHooks": [],
              "tests": [
                {
                  "title": "should create, update, and delete a post",
                  "fullTitle": "JSONPlaceholder API - Posts (Escalável) Integration Tests should create, update, and delete a post",
                  "timedOut": null,
                  "duration": 501,
                  "state": "passed",
                  "speed": "fast",
                  "pass": true,
                  "fail": false,
                  "pending": false,
                  "context": null,
                  "code": "// Create - testa que POST retorna 201 e ID válido\nconst createPayload = _PostFactory.default.createValid();\n_JsonPlaceholderService.default.createPost(createPayload).then(createResponse => {\n  expect(createResponse.status).to.eq(201);\n  expect(createResponse.body).to.have.property('id');\n  const createdId = createResponse.body.id;\n  expect(createdId).to.be.a('number');\n});\n// Update - usa ID existente (1) pois API não persiste dados\nconst existingPostId = 1;\nconst updatePayload = _PostFactory.default.create();\n_JsonPlaceholderService.default.updatePost(existingPostId, updatePayload).then(updateResponse => {\n  expect(updateResponse.status).to.eq(200);\n  expect(updateResponse.body.id).to.eq(existingPostId);\n  expect(updateResponse.body.title).to.eq(updatePayload.title);\n});\n// Delete - usa ID existente (1)\n_JsonPlaceholderService.default.deletePost(existingPostId).then(deleteResponse => {\n  expect(deleteResponse.status).to.eq(200);\n});",
                  "err": {},
                  "uuid": "b9e1d60f-a226-4b3a-aa59-312a1bc417f0",
                  "parentUUID": "2bb62279-c67b-4a49-9372-88f8783cf756",
                  "isHook": false,
                  "skipped": false
                },
                {
                  "title": "should perform CRUD operations in batch",
                  "fullTitle": "JSONPlaceholder API - Posts (Escalável) Integration Tests should perform CRUD operations in batch",
                  "timedOut": null,
                  "duration": 531,
                  "state": "passed",
                  "speed": "fast",
                  "pass": true,
                  "fail": false,
                  "pending": false,
                  "context": null,
                  "code": "const posts = _PostFactory.default.createMultiple(3);\nposts.forEach(payload => {\n  _JsonPlaceholderService.default.createPost(payload).then(response => {\n    expect(response.status).to.eq(201);\n    expect(response.body).to.have.property('id');\n    expect(response.body.title).to.eq(payload.title);\n    expect(response.body.body).to.eq(payload.body);\n  });\n});",
                  "err": {},
                  "uuid": "52959f5c-f30c-4977-b48f-0f24be8759be",
                  "parentUUID": "2bb62279-c67b-4a49-9372-88f8783cf756",
                  "isHook": false,
                  "skipped": false
                }
              ],
              "suites": [],
              "passes": [
                "b9e1d60f-a226-4b3a-aa59-312a1bc417f0",
                "52959f5c-f30c-4977-b48f-0f24be8759be"
              ],
              "failures": [],
              "pending": [],
              "skipped": [],
              "duration": 1032,
              "root": false,
              "rootEmpty": false,
              "_timeout": 2000
            }
          ],
          "passes": [],
          "failures": [],
          "pending": [],
          "skipped": [],
          "duration": 0,
          "root": false,
          "rootEmpty": false,
          "_timeout": 2000
        }
      ],
      "passes": [],
      "failures": [],
      "pending": [],
      "skipped": [],
      "duration": 0,
      "root": true,
      "rootEmpty": true,
      "_timeout": 2000
    }
  ],
  "meta": {
    "mocha": {
      "version": "7.2.0"
    },
    "mochawesome": {
      "options": {
        "quiet": false,
        "reportFilename": "mochawesome",
        "saveHtml": false,
        "saveJson": true,
        "consoleReporter": "spec",
        "useInlineDiffs": false,
        "code": true
      },
      "version": "7.1.4"
    },
    "marge": {
      "options": {
        "reportDir": "cypress/reports",
        "overwrite": false,
        "html": false,
        "json": true
      },
      "version": "6.3.2"
    }
  }
}