{
  "stats": {
    "suites": 9,
    "tests": 22,
    "passes": 22,
    "pending": 0,
    "failures": 0,
    "start": "2026-02-04T18:46:49.523Z",
    "end": "2026-02-04T18:46:54.023Z",
    "duration": 4500,
    "testsRegistered": 22,
    "passPercent": 100,
    "pendingPercent": 0,
    "other": 0,
    "hasOther": false,
    "skipped": 0,
    "hasSkipped": false
  },
  "results": [
    {
      "uuid": "6ad14888-3e18-4bc9-a7de-ae9c6d3a8131",
      "title": "",
      "fullFile": "cypress/e2e/api/users.cy.js",
      "file": "cypress/e2e/api/users.cy.js",
      "beforeHooks": [],
      "afterHooks": [],
      "tests": [],
      "suites": [
        {
          "uuid": "c96cbdf0-14f6-4efe-9e4c-2d90b2b5c7f2",
          "title": "JSONPlaceholder API - Posts",
          "fullFile": "",
          "file": "",
          "beforeHooks": [],
          "afterHooks": [],
          "tests": [],
          "suites": [
            {
              "uuid": "1975477d-a74d-45b2-8b22-fcfbd7a08f9a",
              "title": "GET /posts",
              "fullFile": "",
              "file": "",
              "beforeHooks": [],
              "afterHooks": [],
              "tests": [
                {
                  "title": "should return list of posts with status 200",
                  "fullTitle": "JSONPlaceholder API - Posts GET /posts should return list of posts with status 200",
                  "timedOut": null,
                  "duration": 202,
                  "state": "passed",
                  "speed": "fast",
                  "pass": true,
                  "fail": false,
                  "pending": false,
                  "context": null,
                  "code": "_JsonPlaceholderService.default.getPosts().then(response => {\n  _ApiAssertions.default.expectStatus(response, 200);\n  _ApiAssertions.default.expectArray(response);\n});",
                  "err": {},
                  "uuid": "ef601a97-7073-411b-a8c3-4552390b35e5",
                  "parentUUID": "1975477d-a74d-45b2-8b22-fcfbd7a08f9a",
                  "isHook": false,
                  "skipped": false
                },
                {
                  "title": "should return posts with valid structure",
                  "fullTitle": "JSONPlaceholder API - Posts GET /posts should return posts with valid structure",
                  "timedOut": null,
                  "duration": 75,
                  "state": "passed",
                  "speed": "fast",
                  "pass": true,
                  "fail": false,
                  "pending": false,
                  "context": null,
                  "code": "_JsonPlaceholderService.default.getPosts().then(response => {\n  _ApiAssertions.default.expectStatus(response, 200);\n  _ApiAssertions.default.expectPostsArrayStructure(response);\n});",
                  "err": {},
                  "uuid": "91eb49af-9e31-4106-af16-5d0233b43639",
                  "parentUUID": "1975477d-a74d-45b2-8b22-fcfbd7a08f9a",
                  "isHook": false,
                  "skipped": false
                },
                {
                  "title": "should return posts within acceptable response time",
                  "fullTitle": "JSONPlaceholder API - Posts GET /posts should return posts within acceptable response time",
                  "timedOut": null,
                  "duration": 195,
                  "state": "passed",
                  "speed": "fast",
                  "pass": true,
                  "fail": false,
                  "pending": false,
                  "context": null,
                  "code": "_JsonPlaceholderService.default.getPosts().then(response => {\n  _ApiAssertions.default.expectStatus(response, 200);\n  _ApiAssertions.default.expectResponseTime(response, 2000);\n});",
                  "err": {},
                  "uuid": "81a960cf-a6b6-4122-b1c5-6acfdb0a9227",
                  "parentUUID": "1975477d-a74d-45b2-8b22-fcfbd7a08f9a",
                  "isHook": false,
                  "skipped": false
                }
              ],
              "suites": [],
              "passes": [
                "ef601a97-7073-411b-a8c3-4552390b35e5",
                "91eb49af-9e31-4106-af16-5d0233b43639",
                "81a960cf-a6b6-4122-b1c5-6acfdb0a9227"
              ],
              "failures": [],
              "pending": [],
              "skipped": [],
              "duration": 472,
              "root": false,
              "rootEmpty": false,
              "_timeout": 2000
            },
            {
              "uuid": "5024123e-b77b-4b56-acbf-b6040cd24483",
              "title": "GET /posts/{id}",
              "fullFile": "",
              "file": "",
              "beforeHooks": [],
              "afterHooks": [],
              "tests": [
                {
                  "title": "should return specific post with status 200",
                  "fullTitle": "JSONPlaceholder API - Posts GET /posts/{id} should return specific post with status 200",
                  "timedOut": null,
                  "duration": 75,
                  "state": "passed",
                  "speed": "fast",
                  "pass": true,
                  "fail": false,
                  "pending": false,
                  "context": null,
                  "code": "_JsonPlaceholderService.default.getPostById(1).then(response => {\n  _ApiAssertions.default.expectStatus(response, 200);\n  _ApiAssertions.default.expectPostStructure(response);\n  _ApiAssertions.default.expectProperty(response, 'id', 1);\n});",
                  "err": {},
                  "uuid": "1534329c-d001-4916-b722-f5aadbcd72ac",
                  "parentUUID": "5024123e-b77b-4b56-acbf-b6040cd24483",
                  "isHook": false,
                  "skipped": false
                },
                {
                  "title": "should return 404 for non-existent post",
                  "fullTitle": "JSONPlaceholder API - Posts GET /posts/{id} should return 404 for non-existent post",
                  "timedOut": null,
                  "duration": 45,
                  "state": "passed",
                  "speed": "fast",
                  "pass": true,
                  "fail": false,
                  "pending": false,
                  "context": null,
                  "code": "_JsonPlaceholderService.default.getPostById(99999, false).then(response => {\n  _ApiAssertions.default.expectStatus(response, 404);\n});",
                  "err": {},
                  "uuid": "9ac57782-bf62-4c12-a530-844e63c3ae93",
                  "parentUUID": "5024123e-b77b-4b56-acbf-b6040cd24483",
                  "isHook": false,
                  "skipped": false
                },
                {
                  "title": "should return valid structure for any post id",
                  "fullTitle": "JSONPlaceholder API - Posts GET /posts/{id} should return valid structure for any post id",
                  "timedOut": null,
                  "duration": 104,
                  "state": "passed",
                  "speed": "fast",
                  "pass": true,
                  "fail": false,
                  "pending": false,
                  "context": null,
                  "code": "_JsonPlaceholderService.default.getPostById(5).then(response => {\n  _ApiAssertions.default.expectStatus(response, 200);\n  _ApiAssertions.default.expectPostStructure(response);\n  _ApiAssertions.default.expectProperty(response, 'id', 5);\n});",
                  "err": {},
                  "uuid": "4c75703c-a62f-4a01-bdee-ba9a1bcc7eba",
                  "parentUUID": "5024123e-b77b-4b56-acbf-b6040cd24483",
                  "isHook": false,
                  "skipped": false
                }
              ],
              "suites": [],
              "passes": [
                "1534329c-d001-4916-b722-f5aadbcd72ac",
                "9ac57782-bf62-4c12-a530-844e63c3ae93",
                "4c75703c-a62f-4a01-bdee-ba9a1bcc7eba"
              ],
              "failures": [],
              "pending": [],
              "skipped": [],
              "duration": 224,
              "root": false,
              "rootEmpty": false,
              "_timeout": 2000
            },
            {
              "uuid": "400c9d0e-aca1-4fd2-9bb7-759c53951cec",
              "title": "GET /posts?userId={id}",
              "fullFile": "",
              "file": "",
              "beforeHooks": [],
              "afterHooks": [],
              "tests": [
                {
                  "title": "should return posts filtered by user id",
                  "fullTitle": "JSONPlaceholder API - Posts GET /posts?userId={id} should return posts filtered by user id",
                  "timedOut": null,
                  "duration": 79,
                  "state": "passed",
                  "speed": "fast",
                  "pass": true,
                  "fail": false,
                  "pending": false,
                  "context": null,
                  "code": "_JsonPlaceholderService.default.getPostsByUser(1).then(response => {\n  _ApiAssertions.default.expectStatus(response, 200);\n  _ApiAssertions.default.expectArray(response);\n  response.body.forEach(post => {\n    expect(post.userId).to.eq(1);\n  });\n});",
                  "err": {},
                  "uuid": "1d0b98da-3011-4568-b4b2-1edbd99aabb7",
                  "parentUUID": "400c9d0e-aca1-4fd2-9bb7-759c53951cec",
                  "isHook": false,
                  "skipped": false
                }
              ],
              "suites": [],
              "passes": [
                "1d0b98da-3011-4568-b4b2-1edbd99aabb7"
              ],
              "failures": [],
              "pending": [],
              "skipped": [],
              "duration": 79,
              "root": false,
              "rootEmpty": false,
              "_timeout": 2000
            },
            {
              "uuid": "072bb992-9bb2-4c66-b530-add11e942e5c",
              "title": "POST /posts",
              "fullFile": "",
              "file": "",
              "beforeHooks": [],
              "afterHooks": [],
              "tests": [
                {
                  "title": "should create a post with valid payload",
                  "fullTitle": "JSONPlaceholder API - Posts POST /posts should create a post with valid payload",
                  "timedOut": null,
                  "duration": 201,
                  "state": "passed",
                  "speed": "fast",
                  "pass": true,
                  "fail": false,
                  "pending": false,
                  "context": null,
                  "code": "const payload = _PostFactory.default.createPost();\n_JsonPlaceholderService.default.createPost(payload).then(response => {\n  _ApiAssertions.default.expectStatus(response, 201);\n  _ApiAssertions.default.expectCreatedId(response);\n  _ApiAssertions.default.expectProperty(response, 'title', payload.title);\n  _ApiAssertions.default.expectProperty(response, 'body', payload.body);\n  _ApiAssertions.default.expectProperty(response, 'userId', payload.userId);\n});",
                  "err": {},
                  "uuid": "9fa42e1c-56bc-46fb-82dc-64a7e8b97567",
                  "parentUUID": "072bb992-9bb2-4c66-b530-add11e942e5c",
                  "isHook": false,
                  "skipped": false
                },
                {
                  "title": "should create post with only title (minimal payload)",
                  "fullTitle": "JSONPlaceholder API - Posts POST /posts should create post with only title (minimal payload)",
                  "timedOut": null,
                  "duration": 179,
                  "state": "passed",
                  "speed": "fast",
                  "pass": true,
                  "fail": false,
                  "pending": false,
                  "context": null,
                  "code": "const payload = _PostFactory.default.createPostWithOnlyTitle();\n_JsonPlaceholderService.default.createPost(payload).then(response => {\n  _ApiAssertions.default.expectStatus(response, 201);\n  _ApiAssertions.default.expectCreatedId(response);\n  _ApiAssertions.default.expectProperty(response, 'title', payload.title);\n});",
                  "err": {},
                  "uuid": "ca18e6c1-f306-42de-92bc-83eda5967317",
                  "parentUUID": "072bb992-9bb2-4c66-b530-add11e942e5c",
                  "isHook": false,
                  "skipped": false
                },
                {
                  "title": "should handle extra fields in payload",
                  "fullTitle": "JSONPlaceholder API - Posts POST /posts should handle extra fields in payload",
                  "timedOut": null,
                  "duration": 174,
                  "state": "passed",
                  "speed": "fast",
                  "pass": true,
                  "fail": false,
                  "pending": false,
                  "context": null,
                  "code": "const payload = _PostFactory.default.createPostWithExtraFields();\n_JsonPlaceholderService.default.createPost(payload).then(response => {\n  _ApiAssertions.default.expectStatus(response, 201);\n  _ApiAssertions.default.expectCreatedId(response);\n});",
                  "err": {},
                  "uuid": "bb3f5556-3a8a-4522-a539-2404250f32ac",
                  "parentUUID": "072bb992-9bb2-4c66-b530-add11e942e5c",
                  "isHook": false,
                  "skipped": false
                },
                {
                  "title": "should return 201 even with empty fields (JSONPlaceholder behavior)",
                  "fullTitle": "JSONPlaceholder API - Posts POST /posts should return 201 even with empty fields (JSONPlaceholder behavior)",
                  "timedOut": null,
                  "duration": 166,
                  "state": "passed",
                  "speed": "fast",
                  "pass": true,
                  "fail": false,
                  "pending": false,
                  "context": null,
                  "code": "const payload = _PostFactory.default.createPostWithEmptyFields();\n_JsonPlaceholderService.default.createPost(payload, false).then(response => {\n  // JSONPlaceholder não valida payload, retorna 201\n  _ApiAssertions.default.expectStatus(response, 201);\n});",
                  "err": {},
                  "uuid": "54568c00-b627-4821-b098-3c208bf762f4",
                  "parentUUID": "072bb992-9bb2-4c66-b530-add11e942e5c",
                  "isHook": false,
                  "skipped": false
                }
              ],
              "suites": [],
              "passes": [
                "9fa42e1c-56bc-46fb-82dc-64a7e8b97567",
                "ca18e6c1-f306-42de-92bc-83eda5967317",
                "bb3f5556-3a8a-4522-a539-2404250f32ac",
                "54568c00-b627-4821-b098-3c208bf762f4"
              ],
              "failures": [],
              "pending": [],
              "skipped": [],
              "duration": 720,
              "root": false,
              "rootEmpty": false,
              "_timeout": 2000
            },
            {
              "uuid": "63f942cd-99f8-4819-99e2-1847bd614b80",
              "title": "PUT /posts/{id}",
              "fullFile": "",
              "file": "",
              "beforeHooks": [],
              "afterHooks": [],
              "tests": [
                {
                  "title": "should completely update a post",
                  "fullTitle": "JSONPlaceholder API - Posts PUT /posts/{id} should completely update a post",
                  "timedOut": null,
                  "duration": 586,
                  "state": "passed",
                  "speed": "fast",
                  "pass": true,
                  "fail": false,
                  "pending": false,
                  "context": null,
                  "code": "const payload = _PostFactory.default.createUpdatePayload({\n  id: 1\n});\n_JsonPlaceholderService.default.updatePost(1, payload).then(response => {\n  _ApiAssertions.default.expectStatus(response, 200);\n  _ApiAssertions.default.expectProperty(response, 'id', 1);\n  _ApiAssertions.default.expectProperty(response, 'title', payload.title);\n  _ApiAssertions.default.expectProperty(response, 'body', payload.body);\n});",
                  "err": {},
                  "uuid": "92025af8-3b40-474f-8cf4-5bb9cdb62f8e",
                  "parentUUID": "63f942cd-99f8-4819-99e2-1847bd614b80",
                  "isHook": false,
                  "skipped": false
                },
                {
                  "title": "should update only specific fields via PUT",
                  "fullTitle": "JSONPlaceholder API - Posts PUT /posts/{id} should update only specific fields via PUT",
                  "timedOut": null,
                  "duration": 195,
                  "state": "passed",
                  "speed": "fast",
                  "pass": true,
                  "fail": false,
                  "pending": false,
                  "context": null,
                  "code": "const payload = _PostFactory.default.createPatchPayload();\n_JsonPlaceholderService.default.updatePost(1, payload).then(response => {\n  _ApiAssertions.default.expectStatus(response, 200);\n  _ApiAssertions.default.expectProperty(response, 'title', payload.title);\n});",
                  "err": {},
                  "uuid": "52a482c3-a3dc-4501-9473-c1fbfe09baf2",
                  "parentUUID": "63f942cd-99f8-4819-99e2-1847bd614b80",
                  "isHook": false,
                  "skipped": false
                }
              ],
              "suites": [],
              "passes": [
                "92025af8-3b40-474f-8cf4-5bb9cdb62f8e",
                "52a482c3-a3dc-4501-9473-c1fbfe09baf2"
              ],
              "failures": [],
              "pending": [],
              "skipped": [],
              "duration": 781,
              "root": false,
              "rootEmpty": false,
              "_timeout": 2000
            },
            {
              "uuid": "fc3b8422-960f-468a-b410-af7491829486",
              "title": "PATCH /posts/{id}",
              "fullFile": "",
              "file": "",
              "beforeHooks": [],
              "afterHooks": [],
              "tests": [
                {
                  "title": "should partially update post title",
                  "fullTitle": "JSONPlaceholder API - Posts PATCH /posts/{id} should partially update post title",
                  "timedOut": null,
                  "duration": 198,
                  "state": "passed",
                  "speed": "fast",
                  "pass": true,
                  "fail": false,
                  "pending": false,
                  "context": null,
                  "code": "const payload = _PostFactory.default.createPatchPayload();\n_JsonPlaceholderService.default.patchPost(1, payload).then(response => {\n  _ApiAssertions.default.expectStatus(response, 200);\n  _ApiAssertions.default.expectProperty(response, 'id', 1);\n  _ApiAssertions.default.expectProperty(response, 'title', payload.title);\n});",
                  "err": {},
                  "uuid": "9b5130e8-7922-4012-84ba-6aba622f2173",
                  "parentUUID": "fc3b8422-960f-468a-b410-af7491829486",
                  "isHook": false,
                  "skipped": false
                },
                {
                  "title": "should partially update only the body",
                  "fullTitle": "JSONPlaceholder API - Posts PATCH /posts/{id} should partially update only the body",
                  "timedOut": null,
                  "duration": 197,
                  "state": "passed",
                  "speed": "fast",
                  "pass": true,
                  "fail": false,
                  "pending": false,
                  "context": null,
                  "code": "const payload = _PostFactory.default.createBodyPatchPayload();\n_JsonPlaceholderService.default.patchPost(2, payload).then(response => {\n  _ApiAssertions.default.expectStatus(response, 200);\n  _ApiAssertions.default.expectProperty(response, 'id', 2);\n  _ApiAssertions.default.expectProperty(response, 'body', payload.body);\n});",
                  "err": {},
                  "uuid": "02ab0923-a6ba-48ec-871d-f96c87931e0b",
                  "parentUUID": "fc3b8422-960f-468a-b410-af7491829486",
                  "isHook": false,
                  "skipped": false
                },
                {
                  "title": "should update with mixed fields",
                  "fullTitle": "JSONPlaceholder API - Posts PATCH /posts/{id} should update with mixed fields",
                  "timedOut": null,
                  "duration": 208,
                  "state": "passed",
                  "speed": "fast",
                  "pass": true,
                  "fail": false,
                  "pending": false,
                  "context": null,
                  "code": "const payload = _PostFactory.default.createPost({\n  title: 'Mixed Update',\n  body: 'Updated body content'\n});\n_JsonPlaceholderService.default.patchPost(3, payload).then(response => {\n  _ApiAssertions.default.expectStatus(response, 200);\n  _ApiAssertions.default.expectProperty(response, 'title', payload.title);\n  _ApiAssertions.default.expectProperty(response, 'body', payload.body);\n});",
                  "err": {},
                  "uuid": "25455e72-af72-401d-a29d-0418810fa5b2",
                  "parentUUID": "fc3b8422-960f-468a-b410-af7491829486",
                  "isHook": false,
                  "skipped": false
                }
              ],
              "suites": [],
              "passes": [
                "9b5130e8-7922-4012-84ba-6aba622f2173",
                "02ab0923-a6ba-48ec-871d-f96c87931e0b",
                "25455e72-af72-401d-a29d-0418810fa5b2"
              ],
              "failures": [],
              "pending": [],
              "skipped": [],
              "duration": 603,
              "root": false,
              "rootEmpty": false,
              "_timeout": 2000
            },
            {
              "uuid": "a05b2d3a-072c-42e5-ad25-97a06946df25",
              "title": "DELETE /posts/{id}",
              "fullFile": "",
              "file": "",
              "beforeHooks": [],
              "afterHooks": [],
              "tests": [
                {
                  "title": "should delete a post with status 200",
                  "fullTitle": "JSONPlaceholder API - Posts DELETE /posts/{id} should delete a post with status 200",
                  "timedOut": null,
                  "duration": 202,
                  "state": "passed",
                  "speed": "fast",
                  "pass": true,
                  "fail": false,
                  "pending": false,
                  "context": null,
                  "code": "_JsonPlaceholderService.default.deletePost(1).then(response => {\n  _ApiAssertions.default.expectStatus(response, 200);\n});",
                  "err": {},
                  "uuid": "825f7c01-a4af-4a1d-8121-6de84bd89fb8",
                  "parentUUID": "a05b2d3a-072c-42e5-ad25-97a06946df25",
                  "isHook": false,
                  "skipped": false
                },
                {
                  "title": "should return 200 for non-existent post (JSONPlaceholder behavior)",
                  "fullTitle": "JSONPlaceholder API - Posts DELETE /posts/{id} should return 200 for non-existent post (JSONPlaceholder behavior)",
                  "timedOut": null,
                  "duration": 182,
                  "state": "passed",
                  "speed": "fast",
                  "pass": true,
                  "fail": false,
                  "pending": false,
                  "context": null,
                  "code": "_JsonPlaceholderService.default.deletePost(99999).then(response => {\n  _ApiAssertions.default.expectStatus(response, 200);\n});",
                  "err": {},
                  "uuid": "985341db-102e-4d45-887c-cf2036e27a60",
                  "parentUUID": "a05b2d3a-072c-42e5-ad25-97a06946df25",
                  "isHook": false,
                  "skipped": false
                },
                {
                  "title": "should successfully delete different post ids",
                  "fullTitle": "JSONPlaceholder API - Posts DELETE /posts/{id} should successfully delete different post ids",
                  "timedOut": null,
                  "duration": 369,
                  "state": "passed",
                  "speed": "fast",
                  "pass": true,
                  "fail": false,
                  "pending": false,
                  "context": null,
                  "code": "_JsonPlaceholderService.default.deletePost(5).then(response => {\n  _ApiAssertions.default.expectStatus(response, 200);\n});\n_JsonPlaceholderService.default.deletePost(10).then(response => {\n  _ApiAssertions.default.expectStatus(response, 200);\n});",
                  "err": {},
                  "uuid": "445c8f97-9a9f-4a7f-af2c-a2051f46ad4c",
                  "parentUUID": "a05b2d3a-072c-42e5-ad25-97a06946df25",
                  "isHook": false,
                  "skipped": false
                }
              ],
              "suites": [],
              "passes": [
                "825f7c01-a4af-4a1d-8121-6de84bd89fb8",
                "985341db-102e-4d45-887c-cf2036e27a60",
                "445c8f97-9a9f-4a7f-af2c-a2051f46ad4c"
              ],
              "failures": [],
              "pending": [],
              "skipped": [],
              "duration": 753,
              "root": false,
              "rootEmpty": false,
              "_timeout": 2000
            },
            {
              "uuid": "3b7a9c47-b6c3-4e28-b27c-622ec47e0e91",
              "title": "Contract Validation",
              "fullFile": "",
              "file": "",
              "beforeHooks": [],
              "afterHooks": [],
              "tests": [
                {
                  "title": "should validate post response structure",
                  "fullTitle": "JSONPlaceholder API - Posts Contract Validation should validate post response structure",
                  "timedOut": null,
                  "duration": 82,
                  "state": "passed",
                  "speed": "fast",
                  "pass": true,
                  "fail": false,
                  "pending": false,
                  "context": null,
                  "code": "_JsonPlaceholderService.default.getPostById(1).then(response => {\n  _ApiAssertions.default.expectStatus(response, 200);\n  _ApiAssertions.default.expectPostStructure(response);\n});",
                  "err": {},
                  "uuid": "a40f4514-1246-4951-b077-57d917b0db7a",
                  "parentUUID": "3b7a9c47-b6c3-4e28-b27c-622ec47e0e91",
                  "isHook": false,
                  "skipped": false
                },
                {
                  "title": "should validate posts list response structure",
                  "fullTitle": "JSONPlaceholder API - Posts Contract Validation should validate posts list response structure",
                  "timedOut": null,
                  "duration": 79,
                  "state": "passed",
                  "speed": "fast",
                  "pass": true,
                  "fail": false,
                  "pending": false,
                  "context": null,
                  "code": "_JsonPlaceholderService.default.getPosts().then(response => {\n  _ApiAssertions.default.expectStatus(response, 200);\n  _ApiAssertions.default.expectPostsArrayStructure(response);\n});",
                  "err": {},
                  "uuid": "0cb4ef2c-7d48-43b4-a30c-1ab1c20a4ef0",
                  "parentUUID": "3b7a9c47-b6c3-4e28-b27c-622ec47e0e91",
                  "isHook": false,
                  "skipped": false
                },
                {
                  "title": "should validate created post structure",
                  "fullTitle": "JSONPlaceholder API - Posts Contract Validation should validate created post structure",
                  "timedOut": null,
                  "duration": 196,
                  "state": "passed",
                  "speed": "fast",
                  "pass": true,
                  "fail": false,
                  "pending": false,
                  "context": null,
                  "code": "const payload = _PostFactory.default.createPost();\n_JsonPlaceholderService.default.createPost(payload).then(response => {\n  _ApiAssertions.default.expectStatus(response, 201);\n  _ApiAssertions.default.expectCreatedId(response);\n  _ApiAssertions.default.expectPostStructure(response);\n});",
                  "err": {},
                  "uuid": "1909c9e3-7d48-45cb-8846-6060fb911f11",
                  "parentUUID": "3b7a9c47-b6c3-4e28-b27c-622ec47e0e91",
                  "isHook": false,
                  "skipped": false
                }
              ],
              "suites": [],
              "passes": [
                "a40f4514-1246-4951-b077-57d917b0db7a",
                "0cb4ef2c-7d48-43b4-a30c-1ab1c20a4ef0",
                "1909c9e3-7d48-45cb-8846-6060fb911f11"
              ],
              "failures": [],
              "pending": [],
              "skipped": [],
              "duration": 357,
              "root": false,
              "rootEmpty": false,
              "_timeout": 2000
            }
          ],
          "passes": [],
          "failures": [],
          "pending": [],
          "skipped": [],
          "duration": 0,
          "root": false,
          "rootEmpty": false,
          "_timeout": 2000
        }
      ],
      "passes": [],
      "failures": [],
      "pending": [],
      "skipped": [],
      "duration": 0,
      "root": true,
      "rootEmpty": true,
      "_timeout": 2000
    }
  ],
  "meta": {
    "mocha": {
      "version": "7.2.0"
    },
    "mochawesome": {
      "options": {
        "quiet": false,
        "reportFilename": "mochawesome",
        "saveHtml": false,
        "saveJson": true,
        "consoleReporter": "spec",
        "useInlineDiffs": false,
        "code": true
      },
      "version": "7.1.4"
    },
    "marge": {
      "options": {
        "reportDir": "cypress/reports",
        "overwrite": false,
        "html": false,
        "json": true
      },
      "version": "6.3.2"
    }
  }
}