{
  "stats": {
    "suites": 1,
    "tests": 5,
    "passes": 5,
    "pending": 0,
    "failures": 0,
    "start": "2026-01-27T00:10:44.128Z",
    "end": "2026-01-27T00:10:45.392Z",
    "duration": 1264,
    "testsRegistered": 5,
    "passPercent": 100,
    "pendingPercent": 0,
    "other": 0,
    "hasOther": false,
    "skipped": 0,
    "hasSkipped": false
  },
  "results": [
    {
      "uuid": "9d58c3ae-fe00-47cd-b3a4-ec99a66aea5f",
      "title": "",
      "fullFile": "cypress/e2e/api/users.cy.js",
      "file": "cypress/e2e/api/users.cy.js",
      "beforeHooks": [],
      "afterHooks": [],
      "tests": [],
      "suites": [
        {
          "uuid": "3046b36b-222c-4c1a-92bf-b2cf9da39b44",
          "title": "JSONPlaceholder API - Posts",
          "fullFile": "",
          "file": "",
          "beforeHooks": [],
          "afterHooks": [],
          "tests": [
            {
              "title": "POST /posts - should create a post (valid payload)",
              "fullTitle": "JSONPlaceholder API - Posts POST /posts - should create a post (valid payload)",
              "timedOut": null,
              "duration": 303,
              "state": "passed",
              "speed": "fast",
              "pass": true,
              "fail": false,
              "pending": false,
              "context": null,
              "code": "cy.request({\n  method: 'POST',\n  url: `${baseUrl}/posts`,\n  body: _postPayloads.default.validPost\n}).then(response => {\n  expect(response.status).to.eq(201);\n  expect(response.body).to.have.property('id');\n  expect(response.body.title).to.eq(_postPayloads.default.validPost.title);\n});",
              "err": {},
              "uuid": "329996aa-3c44-4dae-bb74-0514c740921b",
              "parentUUID": "3046b36b-222c-4c1a-92bf-b2cf9da39b44",
              "isHook": false,
              "skipped": false
            },
            {
              "title": "POST /posts - should fail with invalid payload",
              "fullTitle": "JSONPlaceholder API - Posts POST /posts - should fail with invalid payload",
              "timedOut": null,
              "duration": 175,
              "state": "passed",
              "speed": "fast",
              "pass": true,
              "fail": false,
              "pending": false,
              "context": null,
              "code": "cy.request({\n  method: 'POST',\n  url: `${baseUrl}/posts`,\n  body: _postPayloads.default.invalidUser,\n  failOnStatusCode: false\n}).then(response => {\n  // JSONPlaceholder não valida de verdade, mas você pode simular o cenário\n  expect([201, 400]).to.include(response.status);\n});",
              "err": {},
              "uuid": "d92d7e8b-0127-4bc5-a564-f7a8a8563c8e",
              "parentUUID": "3046b36b-222c-4c1a-92bf-b2cf9da39b44",
              "isHook": false,
              "skipped": false
            },
            {
              "title": "GET /posts - should return list of posts",
              "fullTitle": "JSONPlaceholder API - Posts GET /posts - should return list of posts",
              "timedOut": null,
              "duration": 71,
              "state": "passed",
              "speed": "fast",
              "pass": true,
              "fail": false,
              "pending": false,
              "context": null,
              "code": "cy.request({\n  method: 'GET',\n  url: `${baseUrl}/posts`\n}).then(response => {\n  expect(response.status).to.eq(200);\n  expect(response.body).to.be.an('array');\n});",
              "err": {},
              "uuid": "e9a8171c-2eb2-437b-8961-634e845dbb40",
              "parentUUID": "3046b36b-222c-4c1a-92bf-b2cf9da39b44",
              "isHook": false,
              "skipped": false
            },
            {
              "title": "PUT /posts/{id} - should update a post",
              "fullTitle": "JSONPlaceholder API - Posts PUT /posts/{id} - should update a post",
              "timedOut": null,
              "duration": 427,
              "state": "passed",
              "speed": "fast",
              "pass": true,
              "fail": false,
              "pending": false,
              "context": null,
              "code": "cy.request({\n  method: 'PUT',\n  url: `${baseUrl}/posts/1`,\n  body: _postPayloads.default.validPost\n}).then(response => {\n  expect(response.status).to.eq(200);\n  expect(response.body.title).to.eq(_postPayloads.default.validPost.title);\n});",
              "err": {},
              "uuid": "90aaa4d2-4c7e-45d1-b8b3-294301b3716f",
              "parentUUID": "3046b36b-222c-4c1a-92bf-b2cf9da39b44",
              "isHook": false,
              "skipped": false
            },
            {
              "title": "DELETE /posts/{id} - should delete a post",
              "fullTitle": "JSONPlaceholder API - Posts DELETE /posts/{id} - should delete a post",
              "timedOut": null,
              "duration": 175,
              "state": "passed",
              "speed": "fast",
              "pass": true,
              "fail": false,
              "pending": false,
              "context": null,
              "code": "cy.request({\n  method: 'DELETE',\n  url: `${baseUrl}/posts/1`\n}).then(response => {\n  expect(response.status).to.eq(200);\n});",
              "err": {},
              "uuid": "6b529525-3f65-42c2-b433-72709b937582",
              "parentUUID": "3046b36b-222c-4c1a-92bf-b2cf9da39b44",
              "isHook": false,
              "skipped": false
            }
          ],
          "suites": [],
          "passes": [
            "329996aa-3c44-4dae-bb74-0514c740921b",
            "d92d7e8b-0127-4bc5-a564-f7a8a8563c8e",
            "e9a8171c-2eb2-437b-8961-634e845dbb40",
            "90aaa4d2-4c7e-45d1-b8b3-294301b3716f",
            "6b529525-3f65-42c2-b433-72709b937582"
          ],
          "failures": [],
          "pending": [],
          "skipped": [],
          "duration": 1151,
          "root": false,
          "rootEmpty": false,
          "_timeout": 2000
        }
      ],
      "passes": [],
      "failures": [],
      "pending": [],
      "skipped": [],
      "duration": 0,
      "root": true,
      "rootEmpty": true,
      "_timeout": 2000
    }
  ],
  "meta": {
    "mocha": {
      "version": "7.2.0"
    },
    "mochawesome": {
      "options": {
        "quiet": false,
        "reportFilename": "mochawesome",
        "saveHtml": false,
        "saveJson": true,
        "consoleReporter": "spec",
        "useInlineDiffs": false,
        "code": true
      },
      "version": "7.1.4"
    },
    "marge": {
      "options": {
        "reportDir": "cypress/reports",
        "overwrite": false,
        "html": false,
        "json": true
      },
      "version": "6.3.2"
    }
  }
}