{
  "stats": {
    "suites": 9,
    "tests": 20,
    "passes": 19,
    "pending": 0,
    "failures": 1,
    "start": "2026-02-04T12:33:06.218Z",
    "end": "2026-02-04T12:33:12.470Z",
    "duration": 6252,
    "testsRegistered": 20,
    "passPercent": 95,
    "pendingPercent": 0,
    "other": 0,
    "hasOther": false,
    "skipped": 0,
    "hasSkipped": false
  },
  "results": [
    {
      "uuid": "a1222234-a5c5-47c8-ad57-de0dd48890f6",
      "title": "",
      "fullFile": "cypress/e2e/api/users.cy.js",
      "file": "cypress/e2e/api/users.cy.js",
      "beforeHooks": [],
      "afterHooks": [],
      "tests": [],
      "suites": [
        {
          "uuid": "3db9b612-13c2-41aa-868a-81f7e0ffe273",
          "title": "JSONPlaceholder API - Posts (Escalável)",
          "fullFile": "",
          "file": "",
          "beforeHooks": [],
          "afterHooks": [],
          "tests": [],
          "suites": [
            {
              "uuid": "41737e2a-7f08-464a-816e-77be9f4159b7",
              "title": "GET /posts",
              "fullFile": "",
              "file": "",
              "beforeHooks": [],
              "afterHooks": [],
              "tests": [
                {
                  "title": "should return list of posts",
                  "fullTitle": "JSONPlaceholder API - Posts (Escalável) GET /posts should return list of posts",
                  "timedOut": null,
                  "duration": 253,
                  "state": "passed",
                  "speed": "fast",
                  "pass": true,
                  "fail": false,
                  "pending": false,
                  "context": null,
                  "code": "_JsonPlaceholderService.default.getAllPosts().then(response => {\n  expect(response.status).to.eq(200);\n  expect(response.body).to.be.an('array');\n});",
                  "err": {},
                  "uuid": "20251a50-231f-441b-9d6c-24e708e43416",
                  "parentUUID": "41737e2a-7f08-464a-816e-77be9f4159b7",
                  "isHook": false,
                  "skipped": false
                },
                {
                  "title": "should return posts with valid structure",
                  "fullTitle": "JSONPlaceholder API - Posts (Escalável) GET /posts should return posts with valid structure",
                  "timedOut": null,
                  "duration": 94,
                  "state": "passed",
                  "speed": "fast",
                  "pass": true,
                  "fail": false,
                  "pending": false,
                  "context": null,
                  "code": "_JsonPlaceholderService.default.getAllPosts().then(response => {\n  expect(response.status).to.eq(200);\n  const firstPost = response.body[0];\n  expect(firstPost).to.have.property('userId');\n  expect(firstPost).to.have.property('id');\n  expect(firstPost).to.have.property('title');\n  expect(firstPost).to.have.property('body');\n});",
                  "err": {},
                  "uuid": "b9ffa344-780c-44a9-98ab-17753aaa399e",
                  "parentUUID": "41737e2a-7f08-464a-816e-77be9f4159b7",
                  "isHook": false,
                  "skipped": false
                },
                {
                  "title": "should return posts within acceptable response time",
                  "fullTitle": "JSONPlaceholder API - Posts (Escalável) GET /posts should return posts within acceptable response time",
                  "timedOut": null,
                  "duration": 72,
                  "state": "passed",
                  "speed": "fast",
                  "pass": true,
                  "fail": false,
                  "pending": false,
                  "context": null,
                  "code": "_JsonPlaceholderService.default.getAllPosts().then(response => {\n  expect(response.duration).to.be.lessThan(5000);\n});",
                  "err": {},
                  "uuid": "34a1d905-af31-4c98-96f3-0aa487a213a6",
                  "parentUUID": "41737e2a-7f08-464a-816e-77be9f4159b7",
                  "isHook": false,
                  "skipped": false
                }
              ],
              "suites": [],
              "passes": [
                "20251a50-231f-441b-9d6c-24e708e43416",
                "b9ffa344-780c-44a9-98ab-17753aaa399e",
                "34a1d905-af31-4c98-96f3-0aa487a213a6"
              ],
              "failures": [],
              "pending": [],
              "skipped": [],
              "duration": 419,
              "root": false,
              "rootEmpty": false,
              "_timeout": 2000
            },
            {
              "uuid": "fc1f40b1-9644-43fa-8cfd-b4df28d1f729",
              "title": "GET /posts/{id}",
              "fullFile": "",
              "file": "",
              "beforeHooks": [],
              "afterHooks": [],
              "tests": [
                {
                  "title": "should return single post by ID",
                  "fullTitle": "JSONPlaceholder API - Posts (Escalável) GET /posts/{id} should return single post by ID",
                  "timedOut": null,
                  "duration": 68,
                  "state": "passed",
                  "speed": "fast",
                  "pass": true,
                  "fail": false,
                  "pending": false,
                  "context": null,
                  "code": "const postId = 1;\n_JsonPlaceholderService.default.getPostById(postId).then(response => {\n  expect(response.status).to.eq(200);\n  expect(response.body.id).to.eq(postId);\n  expect(response.body).to.have.property('userId');\n  expect(response.body).to.have.property('title');\n  expect(response.body).to.have.property('body');\n});",
                  "err": {},
                  "uuid": "9aad33f2-4c9b-48de-8924-50e64b4afbc9",
                  "parentUUID": "fc1f40b1-9644-43fa-8cfd-b4df28d1f729",
                  "isHook": false,
                  "skipped": false
                },
                {
                  "title": "should return 404 for non-existent post",
                  "fullTitle": "JSONPlaceholder API - Posts (Escalável) GET /posts/{id} should return 404 for non-existent post",
                  "timedOut": null,
                  "duration": 463,
                  "state": "passed",
                  "speed": "fast",
                  "pass": true,
                  "fail": false,
                  "pending": false,
                  "context": null,
                  "code": "const nonExistentId = 9999;\n_JsonPlaceholderService.default.getPostById(nonExistentId, {\n  failOnStatusCode: false\n}).then(response => {\n  expect(response.status).to.eq(404);\n});",
                  "err": {},
                  "uuid": "903d96f8-7e2b-4e9f-b23d-431f2a254252",
                  "parentUUID": "fc1f40b1-9644-43fa-8cfd-b4df28d1f729",
                  "isHook": false,
                  "skipped": false
                },
                {
                  "title": "should validate post structure",
                  "fullTitle": "JSONPlaceholder API - Posts (Escalável) GET /posts/{id} should validate post structure",
                  "timedOut": null,
                  "duration": 187,
                  "state": "passed",
                  "speed": "fast",
                  "pass": true,
                  "fail": false,
                  "pending": false,
                  "context": null,
                  "code": "const postId = 1;\n_JsonPlaceholderService.default.getPostById(postId).then(response => {\n  expect(response.status).to.eq(200);\n  expect(response.body).to.have.all.keys('userId', 'id', 'title', 'body');\n  expect(response.body.userId).to.be.a('number');\n  expect(response.body.id).to.be.a('number');\n  expect(response.body.title).to.be.a('string');\n  expect(response.body.body).to.be.a('string');\n});",
                  "err": {},
                  "uuid": "4a6130de-11c1-42da-8a04-16ac03d18991",
                  "parentUUID": "fc1f40b1-9644-43fa-8cfd-b4df28d1f729",
                  "isHook": false,
                  "skipped": false
                }
              ],
              "suites": [],
              "passes": [
                "9aad33f2-4c9b-48de-8924-50e64b4afbc9",
                "903d96f8-7e2b-4e9f-b23d-431f2a254252",
                "4a6130de-11c1-42da-8a04-16ac03d18991"
              ],
              "failures": [],
              "pending": [],
              "skipped": [],
              "duration": 718,
              "root": false,
              "rootEmpty": false,
              "_timeout": 2000
            },
            {
              "uuid": "5f2b24c3-293d-4ca0-8d93-2b3c37674417",
              "title": "POST /posts",
              "fullFile": "",
              "file": "",
              "beforeHooks": [],
              "afterHooks": [],
              "tests": [
                {
                  "title": "should create a new post with valid payload",
                  "fullTitle": "JSONPlaceholder API - Posts (Escalável) POST /posts should create a new post with valid payload",
                  "timedOut": null,
                  "duration": 185,
                  "state": "passed",
                  "speed": "fast",
                  "pass": true,
                  "fail": false,
                  "pending": false,
                  "context": null,
                  "code": "const payload = _PostFactory.default.createValid();\n_JsonPlaceholderService.default.createPost(payload).then(response => {\n  expect(response.status).to.eq(201);\n  expect(response.body).to.have.property('id');\n  expect(response.body.title).to.eq(payload.title);\n  expect(response.body.body).to.eq(payload.body);\n  expect(response.body.userId).to.eq(payload.userId);\n});",
                  "err": {},
                  "uuid": "664aa6f5-a93f-4a60-9b8a-0bb8c990f4ce",
                  "parentUUID": "5f2b24c3-293d-4ca0-8d93-2b3c37674417",
                  "isHook": false,
                  "skipped": false
                },
                {
                  "title": "should create post with extra fields (ignored by API)",
                  "fullTitle": "JSONPlaceholder API - Posts (Escalável) POST /posts should create post with extra fields (ignored by API)",
                  "timedOut": null,
                  "duration": 182,
                  "state": "passed",
                  "speed": "fast",
                  "pass": true,
                  "fail": false,
                  "pending": false,
                  "context": null,
                  "code": "const payload = _PostFactory.default.createWithExtraFields();\n_JsonPlaceholderService.default.createPost(payload).then(response => {\n  expect(response.status).to.eq(201);\n  expect(response.body).to.have.property('id');\n});",
                  "err": {},
                  "uuid": "9d3c25bb-5106-4c3f-9f75-af0a9aa0bd06",
                  "parentUUID": "5f2b24c3-293d-4ca0-8d93-2b3c37674417",
                  "isHook": false,
                  "skipped": false
                },
                {
                  "title": "should fail with invalid userId",
                  "fullTitle": "JSONPlaceholder API - Posts (Escalável) POST /posts should fail with invalid userId",
                  "timedOut": null,
                  "duration": 170,
                  "state": "passed",
                  "speed": "fast",
                  "pass": true,
                  "fail": false,
                  "pending": false,
                  "context": null,
                  "code": "const payload = _PostFactory.default.createWithInvalidUserId();\n_JsonPlaceholderService.default.createPost(payload, {\n  failOnStatusCode: false\n}).then(response => {\n  expect([201, 400]).to.include(response.status);\n});",
                  "err": {},
                  "uuid": "f41de4f5-999e-4101-b80e-d437f5f57878",
                  "parentUUID": "5f2b24c3-293d-4ca0-8d93-2b3c37674417",
                  "isHook": false,
                  "skipped": false
                },
                {
                  "title": "should fail with missing required fields",
                  "fullTitle": "JSONPlaceholder API - Posts (Escalável) POST /posts should fail with missing required fields",
                  "timedOut": null,
                  "duration": 170,
                  "state": "passed",
                  "speed": "fast",
                  "pass": true,
                  "fail": false,
                  "pending": false,
                  "context": null,
                  "code": "const payload = {\n  title: 'Test'\n};\n_JsonPlaceholderService.default.createPost(payload, {\n  failOnStatusCode: false\n}).then(response => {\n  expect([201, 400]).to.include(response.status);\n});",
                  "err": {},
                  "uuid": "5227de65-05ab-4252-8b2a-ca07042f0a90",
                  "parentUUID": "5f2b24c3-293d-4ca0-8d93-2b3c37674417",
                  "isHook": false,
                  "skipped": false
                }
              ],
              "suites": [],
              "passes": [
                "664aa6f5-a93f-4a60-9b8a-0bb8c990f4ce",
                "9d3c25bb-5106-4c3f-9f75-af0a9aa0bd06",
                "f41de4f5-999e-4101-b80e-d437f5f57878",
                "5227de65-05ab-4252-8b2a-ca07042f0a90"
              ],
              "failures": [],
              "pending": [],
              "skipped": [],
              "duration": 707,
              "root": false,
              "rootEmpty": false,
              "_timeout": 2000
            },
            {
              "uuid": "02d36acd-66f8-4c15-9cd1-faf85c147af2",
              "title": "PUT /posts/{id}",
              "fullFile": "",
              "file": "",
              "beforeHooks": [],
              "afterHooks": [],
              "tests": [
                {
                  "title": "should update post with valid payload",
                  "fullTitle": "JSONPlaceholder API - Posts (Escalável) PUT /posts/{id} should update post with valid payload",
                  "timedOut": null,
                  "duration": 431,
                  "state": "passed",
                  "speed": "fast",
                  "pass": true,
                  "fail": false,
                  "pending": false,
                  "context": null,
                  "code": "const postId = 1;\nconst payload = _PostFactory.default.createValid();\n_JsonPlaceholderService.default.updatePost(postId, payload).then(response => {\n  expect(response.status).to.eq(200);\n  expect(response.body.id).to.eq(postId);\n  expect(response.body.title).to.eq(payload.title);\n  expect(response.body.body).to.eq(payload.body);\n});",
                  "err": {},
                  "uuid": "b32c5cff-a94d-4bb3-8b65-671d4f33eb0b",
                  "parentUUID": "02d36acd-66f8-4c15-9cd1-faf85c147af2",
                  "isHook": false,
                  "skipped": false
                },
                {
                  "title": "should update only specific fields with partial data",
                  "fullTitle": "JSONPlaceholder API - Posts (Escalável) PUT /posts/{id} should update only specific fields with partial data",
                  "timedOut": null,
                  "duration": 179,
                  "state": "passed",
                  "speed": "fast",
                  "pass": true,
                  "fail": false,
                  "pending": false,
                  "context": null,
                  "code": "const postId = 1;\nconst payload = _PostFactory.default.createPartial();\n_JsonPlaceholderService.default.updatePost(postId, payload).then(response => {\n  expect(response.status).to.eq(200);\n  expect(response.body.title).to.eq(payload.title);\n});",
                  "err": {},
                  "uuid": "909d4d29-9946-4d77-b82a-1a0dd8004886",
                  "parentUUID": "02d36acd-66f8-4c15-9cd1-faf85c147af2",
                  "isHook": false,
                  "skipped": false
                }
              ],
              "suites": [],
              "passes": [
                "b32c5cff-a94d-4bb3-8b65-671d4f33eb0b",
                "909d4d29-9946-4d77-b82a-1a0dd8004886"
              ],
              "failures": [],
              "pending": [],
              "skipped": [],
              "duration": 610,
              "root": false,
              "rootEmpty": false,
              "_timeout": 2000
            },
            {
              "uuid": "e268c642-4768-4a36-a903-ccdd7fc80036",
              "title": "PATCH /posts/{id}",
              "fullFile": "",
              "file": "",
              "beforeHooks": [],
              "afterHooks": [],
              "tests": [
                {
                  "title": "should partially update post",
                  "fullTitle": "JSONPlaceholder API - Posts (Escalável) PATCH /posts/{id} should partially update post",
                  "timedOut": null,
                  "duration": 184,
                  "state": "passed",
                  "speed": "fast",
                  "pass": true,
                  "fail": false,
                  "pending": false,
                  "context": null,
                  "code": "const postId = 1;\nconst payload = {\n  title: 'Updated Title'\n};\n_JsonPlaceholderService.default.patchPost(postId, payload).then(response => {\n  expect(response.status).to.eq(200);\n  expect(response.body.title).to.eq(payload.title);\n});",
                  "err": {},
                  "uuid": "7949145c-7faf-456c-bf6c-e81ba175c8c3",
                  "parentUUID": "e268c642-4768-4a36-a903-ccdd7fc80036",
                  "isHook": false,
                  "skipped": false
                },
                {
                  "title": "should update multiple fields",
                  "fullTitle": "JSONPlaceholder API - Posts (Escalável) PATCH /posts/{id} should update multiple fields",
                  "timedOut": null,
                  "duration": 172,
                  "state": "passed",
                  "speed": "fast",
                  "pass": true,
                  "fail": false,
                  "pending": false,
                  "context": null,
                  "code": "const postId = 1;\nconst payload = _PostFactory.default.createValid();\n_JsonPlaceholderService.default.patchPost(postId, payload).then(response => {\n  expect(response.status).to.eq(200);\n  expect(response.body.title).to.eq(payload.title);\n  expect(response.body.body).to.eq(payload.body);\n});",
                  "err": {},
                  "uuid": "516f9cba-b45a-4965-9188-8f9f2c7b5ba8",
                  "parentUUID": "e268c642-4768-4a36-a903-ccdd7fc80036",
                  "isHook": false,
                  "skipped": false
                }
              ],
              "suites": [],
              "passes": [
                "7949145c-7faf-456c-bf6c-e81ba175c8c3",
                "516f9cba-b45a-4965-9188-8f9f2c7b5ba8"
              ],
              "failures": [],
              "pending": [],
              "skipped": [],
              "duration": 356,
              "root": false,
              "rootEmpty": false,
              "_timeout": 2000
            },
            {
              "uuid": "ac531e14-20ac-427d-9cb8-bf2bf3ea2438",
              "title": "DELETE /posts/{id}",
              "fullFile": "",
              "file": "",
              "beforeHooks": [],
              "afterHooks": [],
              "tests": [
                {
                  "title": "should delete existing post",
                  "fullTitle": "JSONPlaceholder API - Posts (Escalável) DELETE /posts/{id} should delete existing post",
                  "timedOut": null,
                  "duration": 171,
                  "state": "passed",
                  "speed": "fast",
                  "pass": true,
                  "fail": false,
                  "pending": false,
                  "context": null,
                  "code": "const postId = 1;\n_JsonPlaceholderService.default.deletePost(postId).then(response => {\n  expect(response.status).to.eq(200);\n});",
                  "err": {},
                  "uuid": "74ca9e16-7913-4f27-bb0d-1d07f4343b1f",
                  "parentUUID": "ac531e14-20ac-427d-9cb8-bf2bf3ea2438",
                  "isHook": false,
                  "skipped": false
                },
                {
                  "title": "should return 200 for non-existent post (API behavior)",
                  "fullTitle": "JSONPlaceholder API - Posts (Escalável) DELETE /posts/{id} should return 200 for non-existent post (API behavior)",
                  "timedOut": null,
                  "duration": 171,
                  "state": "passed",
                  "speed": "fast",
                  "pass": true,
                  "fail": false,
                  "pending": false,
                  "context": null,
                  "code": "const nonExistentId = 9999;\n_JsonPlaceholderService.default.deletePost(nonExistentId, {\n  failOnStatusCode: false\n}).then(response => {\n  expect(response.status).to.eq(200);\n});",
                  "err": {},
                  "uuid": "350ba623-5eb0-4cbd-82c9-39f8fd30f43f",
                  "parentUUID": "ac531e14-20ac-427d-9cb8-bf2bf3ea2438",
                  "isHook": false,
                  "skipped": false
                }
              ],
              "suites": [],
              "passes": [
                "74ca9e16-7913-4f27-bb0d-1d07f4343b1f",
                "350ba623-5eb0-4cbd-82c9-39f8fd30f43f"
              ],
              "failures": [],
              "pending": [],
              "skipped": [],
              "duration": 342,
              "root": false,
              "rootEmpty": false,
              "_timeout": 2000
            },
            {
              "uuid": "c0369834-920b-4bef-8104-ae3d457b9757",
              "title": "Custom Endpoints",
              "fullFile": "",
              "file": "",
              "beforeHooks": [],
              "afterHooks": [],
              "tests": [
                {
                  "title": "should filter posts by user ID",
                  "fullTitle": "JSONPlaceholder API - Posts (Escalável) Custom Endpoints should filter posts by user ID",
                  "timedOut": null,
                  "duration": 547,
                  "state": "passed",
                  "speed": "fast",
                  "pass": true,
                  "fail": false,
                  "pending": false,
                  "context": null,
                  "code": "const userId = 1;\n_JsonPlaceholderService.default.getPostsByUser(userId).then(response => {\n  expect(response.status).to.eq(200);\n  expect(response.body).to.be.an('array');\n  response.body.forEach(post => {\n    expect(post.userId).to.eq(userId);\n  });\n});",
                  "err": {},
                  "uuid": "33a60d25-4b31-41c4-bbf9-7ec2f2350461",
                  "parentUUID": "c0369834-920b-4bef-8104-ae3d457b9757",
                  "isHook": false,
                  "skipped": false
                },
                {
                  "title": "should return posts with pagination",
                  "fullTitle": "JSONPlaceholder API - Posts (Escalável) Custom Endpoints should return posts with pagination",
                  "timedOut": null,
                  "duration": 457,
                  "state": "passed",
                  "speed": "fast",
                  "pass": true,
                  "fail": false,
                  "pending": false,
                  "context": null,
                  "code": "const page = 1;\nconst perPage = 5;\n_JsonPlaceholderService.default.getPostsPaginated(page, perPage).then(response => {\n  expect(response.status).to.eq(200);\n  expect(response.body).to.have.lengthOf(perPage);\n});",
                  "err": {},
                  "uuid": "5a76f8e6-94f6-40c5-b86e-29630271fc6e",
                  "parentUUID": "c0369834-920b-4bef-8104-ae3d457b9757",
                  "isHook": false,
                  "skipped": false
                }
              ],
              "suites": [],
              "passes": [
                "33a60d25-4b31-41c4-bbf9-7ec2f2350461",
                "5a76f8e6-94f6-40c5-b86e-29630271fc6e"
              ],
              "failures": [],
              "pending": [],
              "skipped": [],
              "duration": 1004,
              "root": false,
              "rootEmpty": false,
              "_timeout": 2000
            },
            {
              "uuid": "755f74b2-f7bc-46e2-994b-0ac6b889a493",
              "title": "Integration Tests",
              "fullFile": "",
              "file": "",
              "beforeHooks": [],
              "afterHooks": [],
              "tests": [
                {
                  "title": "should create, update, and delete a post",
                  "fullTitle": "JSONPlaceholder API - Posts (Escalável) Integration Tests should create, update, and delete a post",
                  "timedOut": null,
                  "duration": 1122,
                  "state": "failed",
                  "speed": null,
                  "pass": false,
                  "fail": true,
                  "pending": false,
                  "context": null,
                  "code": "// Create\nconst createPayload = _PostFactory.default.createValid();\n_JsonPlaceholderService.default.createPost(createPayload).then(createResponse => {\n  expect(createResponse.status).to.eq(201);\n  const createdId = createResponse.body.id;\n  // Verify created\n  _JsonPlaceholderService.default.getPostById(createdId).then(getResponse => {\n    expect(getResponse.status).to.eq(200);\n    // Update\n    const updatePayload = _PostFactory.default.create();\n    _JsonPlaceholderService.default.updatePost(createdId, updatePayload).then(updateResponse => {\n      expect(updateResponse.status).to.eq(200);\n      expect(updateResponse.body.title).to.eq(updatePayload.title);\n      // Delete\n      _JsonPlaceholderService.default.deletePost(createdId).then(deleteResponse => {\n        expect(deleteResponse.status).to.eq(200);\n      });\n    });\n  });\n});",
                  "err": {
                    "message": "CypressError: `cy.request()` failed on:\n\nhttps://jsonplaceholder.typicode.com/posts/101\n\nThe response we received from your web server was:\n\n  > 404: Not Found\n\nThis was considered a failure because the status code was not `2xx` or `3xx`.\n\nIf you do not want status codes to cause failures pass the option: `failOnStatusCode: false`\n\n-----------------------------------------------------------\n\nThe request we sent was:\n\nMethod: GET\nURL: https://jsonplaceholder.typicode.com/posts/101\nHeaders: {\n  \"Connection\": \"keep-alive\",\n  \"user-agent\": \"Mozilla/5.0 (Macintosh; Intel Mac OS X 10_15_7) AppleWebKit/537.36 (KHTML, like Gecko) Cypress/15.9.0 Chrome/138.0.7204.251 Electron/37.6.0 Safari/537.36\",\n  \"accept\": \"*/*\",\n  \"accept-encoding\": \"gzip, deflate\"\n}\n\n-----------------------------------------------------------\n\nThe response we got was:\n\nStatus: 404 - Not Found\nHeaders: {\n  \"date\": \"Wed, 04 Feb 2026 12:33:11 GMT\",\n  \"content-type\": \"application/json; charset=utf-8\",\n  \"transfer-encoding\": \"chunked\",\n  \"connection\": \"keep-alive\",\n  \"access-control-allow-credentials\": \"true\",\n  \"cache-control\": \"max-age=43200\",\n  \"etag\": \"W/\\\"2-vyGp6PvFo4RvsFtPoIWeCReyIC8\\\"\",\n  \"expires\": \"-1\",\n  \"nel\": \"{\\\"report_to\\\":\\\"heroku-nel\\\",\\\"response_headers\\\":[\\\"Via\\\"],\\\"max_age\\\":3600,\\\"success_fraction\\\":0.01,\\\"failure_fraction\\\":0.1}\",\n  \"pragma\": \"no-cache\",\n  \"report-to\": \"{\\\"group\\\":\\\"heroku-nel\\\",\\\"endpoints\\\":[{\\\"url\\\":\\\"https://nel.heroku.com/reports?s=%2BzUijruiSwhp9QVwAwoSZ2i71gN27fKEXp792kyW0Oo%3D\\\\u0026sid=e11707d5-02a7-43ef-b45e-2cf4d2036f7d\\\\u0026ts=1770208391\\\"}],\\\"max_age\\\":3600}\",\n  \"reporting-endpoints\": \"heroku-nel=\\\"https://nel.heroku.com/reports?s=%2BzUijruiSwhp9QVwAwoSZ2i71gN27fKEXp792kyW0Oo%3D&sid=e11707d5-02a7-43ef-b45e-2cf4d2036f7d&ts=1770208391\\\"\",\n  \"server\": \"cloudflare\",\n  \"vary\": \"Origin, Accept-Encoding\",\n  \"via\": \"2.0 heroku-router\",\n  \"x-content-type-options\": \"nosniff\",\n  \"x-powered-by\": \"Express\",\n  \"x-ratelimit-limit\": \"1000\",\n  \"x-ratelimit-remaining\": \"985\",\n  \"x-ratelimit-reset\": \"1770208401\",\n  \"cf-cache-status\": \"EXPIRED\",\n  \"content-encoding\": \"gzip\",\n  \"cf-ray\": \"9c8a31ec3e6cdf4a-GIG\",\n  \"alt-svc\": \"h3=\\\":443\\\"; ma=86400\"\n}\nBody: {}\n\n\nhttps://on.cypress.io/request",
                    "estack": "CypressError: `cy.request()` failed on:\n\nhttps://jsonplaceholder.typicode.com/posts/101\n\nThe response we received from your web server was:\n\n  > 404: Not Found\n\nThis was considered a failure because the status code was not `2xx` or `3xx`.\n\nIf you do not want status codes to cause failures pass the option: `failOnStatusCode: false`\n\n-----------------------------------------------------------\n\nThe request we sent was:\n\nMethod: GET\nURL: https://jsonplaceholder.typicode.com/posts/101\nHeaders: {\n  \"Connection\": \"keep-alive\",\n  \"user-agent\": \"Mozilla/5.0 (Macintosh; Intel Mac OS X 10_15_7) AppleWebKit/537.36 (KHTML, like Gecko) Cypress/15.9.0 Chrome/138.0.7204.251 Electron/37.6.0 Safari/537.36\",\n  \"accept\": \"*/*\",\n  \"accept-encoding\": \"gzip, deflate\"\n}\n\n-----------------------------------------------------------\n\nThe response we got was:\n\nStatus: 404 - Not Found\nHeaders: {\n  \"date\": \"Wed, 04 Feb 2026 12:33:11 GMT\",\n  \"content-type\": \"application/json; charset=utf-8\",\n  \"transfer-encoding\": \"chunked\",\n  \"connection\": \"keep-alive\",\n  \"access-control-allow-credentials\": \"true\",\n  \"cache-control\": \"max-age=43200\",\n  \"etag\": \"W/\\\"2-vyGp6PvFo4RvsFtPoIWeCReyIC8\\\"\",\n  \"expires\": \"-1\",\n  \"nel\": \"{\\\"report_to\\\":\\\"heroku-nel\\\",\\\"response_headers\\\":[\\\"Via\\\"],\\\"max_age\\\":3600,\\\"success_fraction\\\":0.01,\\\"failure_fraction\\\":0.1}\",\n  \"pragma\": \"no-cache\",\n  \"report-to\": \"{\\\"group\\\":\\\"heroku-nel\\\",\\\"endpoints\\\":[{\\\"url\\\":\\\"https://nel.heroku.com/reports?s=%2BzUijruiSwhp9QVwAwoSZ2i71gN27fKEXp792kyW0Oo%3D\\\\u0026sid=e11707d5-02a7-43ef-b45e-2cf4d2036f7d\\\\u0026ts=1770208391\\\"}],\\\"max_age\\\":3600}\",\n  \"reporting-endpoints\": \"heroku-nel=\\\"https://nel.heroku.com/reports?s=%2BzUijruiSwhp9QVwAwoSZ2i71gN27fKEXp792kyW0Oo%3D&sid=e11707d5-02a7-43ef-b45e-2cf4d2036f7d&ts=1770208391\\\"\",\n  \"server\": \"cloudflare\",\n  \"vary\": \"Origin, Accept-Encoding\",\n  \"via\": \"2.0 heroku-router\",\n  \"x-content-type-options\": \"nosniff\",\n  \"x-powered-by\": \"Express\",\n  \"x-ratelimit-limit\": \"1000\",\n  \"x-ratelimit-remaining\": \"985\",\n  \"x-ratelimit-reset\": \"1770208401\",\n  \"cf-cache-status\": \"EXPIRED\",\n  \"content-encoding\": \"gzip\",\n  \"cf-ray\": \"9c8a31ec3e6cdf4a-GIG\",\n  \"alt-svc\": \"h3=\\\":443\\\"; ma=86400\"\n}\nBody: {}\n\n\nhttps://on.cypress.io/request\n    at <unknown> (https://jsonplaceholder.typicode.com/__cypress/runner/cypress_runner.js:136154:72)\n    at tryCatcher (https://jsonplaceholder.typicode.com/__cypress/runner/cypress_runner.js:1777:23)\n    at Promise._settlePromiseFromHandler (https://jsonplaceholder.typicode.com/__cypress/runner/cypress_runner.js:1489:31)\n    at Promise._settlePromise (https://jsonplaceholder.typicode.com/__cypress/runner/cypress_runner.js:1546:18)\n    at Promise._settlePromise0 (https://jsonplaceholder.typicode.com/__cypress/runner/cypress_runner.js:1591:10)\n    at Promise._settlePromises (https://jsonplaceholder.typicode.com/__cypress/runner/cypress_runner.js:1671:18)\n    at _drainQueueStep (https://jsonplaceholder.typicode.com/__cypress/runner/cypress_runner.js:2377:12)\n    at _drainQueue (https://jsonplaceholder.typicode.com/__cypress/runner/cypress_runner.js:2370:9)\n    at Async._drainQueues (https://jsonplaceholder.typicode.com/__cypress/runner/cypress_runner.js:2386:5)\n    at Async.drainQueues (https://jsonplaceholder.typicode.com/__cypress/runner/cypress_runner.js:2256:14)\nFrom Your Spec Code:\n    at Context.eval (webpack://outsera-cypress-automation/./cypress/e2e/api/users.cy.js:190:8)\n    at getRet (https://jsonplaceholder.typicode.com/__cypress/runner/cypress_runner.js:122690:20)\n    at tryCatcher (https://jsonplaceholder.typicode.com/__cypress/runner/cypress_runner.js:1777:23)\n    at Promise.attempt.Promise.try (https://jsonplaceholder.typicode.com/__cypress/runner/cypress_runner.js:4285:29)\n    at Context.thenFn (https://jsonplaceholder.typicode.com/__cypress/runner/cypress_runner.js:122701:66)\n    at Context.then (https://jsonplaceholder.typicode.com/__cypress/runner/cypress_runner.js:122952:21)\n    at wrapped (https://jsonplaceholder.typicode.com/__cypress/runner/cypress_runner.js:146050:19)",
                    "diff": null
                  },
                  "uuid": "ddbd21a5-8193-490f-afd6-f20d800d0a44",
                  "parentUUID": "755f74b2-f7bc-46e2-994b-0ac6b889a493",
                  "isHook": false,
                  "skipped": false
                },
                {
                  "title": "should perform CRUD operations in batch",
                  "fullTitle": "JSONPlaceholder API - Posts (Escalável) Integration Tests should perform CRUD operations in batch",
                  "timedOut": null,
                  "duration": 497,
                  "state": "passed",
                  "speed": "fast",
                  "pass": true,
                  "fail": false,
                  "pending": false,
                  "context": null,
                  "code": "const posts = _PostFactory.default.createMultiple(3);\nposts.forEach(payload => {\n  _JsonPlaceholderService.default.createPost(payload).then(response => {\n    expect(response.status).to.eq(201);\n    expect(response.body).to.have.property('id');\n    expect(response.body.title).to.eq(payload.title);\n    expect(response.body.body).to.eq(payload.body);\n  });\n});",
                  "err": {},
                  "uuid": "96538cc1-82b9-4eb0-a4d9-b0e37ef3f600",
                  "parentUUID": "755f74b2-f7bc-46e2-994b-0ac6b889a493",
                  "isHook": false,
                  "skipped": false
                }
              ],
              "suites": [],
              "passes": [
                "96538cc1-82b9-4eb0-a4d9-b0e37ef3f600"
              ],
              "failures": [
                "ddbd21a5-8193-490f-afd6-f20d800d0a44"
              ],
              "pending": [],
              "skipped": [],
              "duration": 1619,
              "root": false,
              "rootEmpty": false,
              "_timeout": 2000
            }
          ],
          "passes": [],
          "failures": [],
          "pending": [],
          "skipped": [],
          "duration": 0,
          "root": false,
          "rootEmpty": false,
          "_timeout": 2000
        }
      ],
      "passes": [],
      "failures": [],
      "pending": [],
      "skipped": [],
      "duration": 0,
      "root": true,
      "rootEmpty": true,
      "_timeout": 2000
    }
  ],
  "meta": {
    "mocha": {
      "version": "7.2.0"
    },
    "mochawesome": {
      "options": {
        "quiet": false,
        "reportFilename": "mochawesome",
        "saveHtml": false,
        "saveJson": true,
        "consoleReporter": "spec",
        "useInlineDiffs": false,
        "code": true
      },
      "version": "7.1.4"
    },
    "marge": {
      "options": {
        "reportDir": "cypress/reports",
        "overwrite": false,
        "html": false,
        "json": true
      },
      "version": "6.3.2"
    }
  }
}