{
  "stats": {
    "suites": 9,
    "tests": 22,
    "passes": 22,
    "pending": 0,
    "failures": 0,
    "start": "2026-02-04T18:35:23.475Z",
    "end": "2026-02-04T18:35:27.741Z",
    "duration": 4266,
    "testsRegistered": 22,
    "passPercent": 100,
    "pendingPercent": 0,
    "other": 0,
    "hasOther": false,
    "skipped": 0,
    "hasSkipped": false
  },
  "results": [
    {
      "uuid": "52a6e736-a57b-409d-b07d-9cdb6a3a7c28",
      "title": "",
      "fullFile": "cypress/e2e/api/users.cy.js",
      "file": "cypress/e2e/api/users.cy.js",
      "beforeHooks": [],
      "afterHooks": [],
      "tests": [],
      "suites": [
        {
          "uuid": "2327b660-4cf0-48f6-a6c2-afb942f7d73f",
          "title": "JSONPlaceholder API - Posts",
          "fullFile": "",
          "file": "",
          "beforeHooks": [],
          "afterHooks": [],
          "tests": [],
          "suites": [
            {
              "uuid": "69b103fa-db2c-4eb9-9b60-cea7348f4397",
              "title": "GET /posts",
              "fullFile": "",
              "file": "",
              "beforeHooks": [],
              "afterHooks": [],
              "tests": [
                {
                  "title": "should return list of posts with status 200",
                  "fullTitle": "JSONPlaceholder API - Posts GET /posts should return list of posts with status 200",
                  "timedOut": null,
                  "duration": 169,
                  "state": "passed",
                  "speed": "fast",
                  "pass": true,
                  "fail": false,
                  "pending": false,
                  "context": null,
                  "code": "_JsonPlaceholderService.default.getPosts().then(response => {\n  _ApiAssertions.default.expectStatus(response, 200);\n  _ApiAssertions.default.expectArray(response);\n});",
                  "err": {},
                  "uuid": "4dbb17db-2137-49ec-86d5-92672f471b39",
                  "parentUUID": "69b103fa-db2c-4eb9-9b60-cea7348f4397",
                  "isHook": false,
                  "skipped": false
                },
                {
                  "title": "should return posts with valid structure",
                  "fullTitle": "JSONPlaceholder API - Posts GET /posts should return posts with valid structure",
                  "timedOut": null,
                  "duration": 64,
                  "state": "passed",
                  "speed": "fast",
                  "pass": true,
                  "fail": false,
                  "pending": false,
                  "context": null,
                  "code": "_JsonPlaceholderService.default.getPosts().then(response => {\n  _ApiAssertions.default.expectStatus(response, 200);\n  _ApiAssertions.default.expectPostsArrayStructure(response);\n});",
                  "err": {},
                  "uuid": "6776f9b0-46fd-42eb-bb4e-31b0ca0582d2",
                  "parentUUID": "69b103fa-db2c-4eb9-9b60-cea7348f4397",
                  "isHook": false,
                  "skipped": false
                },
                {
                  "title": "should return posts within acceptable response time",
                  "fullTitle": "JSONPlaceholder API - Posts GET /posts should return posts within acceptable response time",
                  "timedOut": null,
                  "duration": 70,
                  "state": "passed",
                  "speed": "fast",
                  "pass": true,
                  "fail": false,
                  "pending": false,
                  "context": null,
                  "code": "_JsonPlaceholderService.default.getPosts().then(response => {\n  _ApiAssertions.default.expectStatus(response, 200);\n  _ApiAssertions.default.expectResponseTime(response, 2000);\n});",
                  "err": {},
                  "uuid": "15ff891d-e701-46e8-82aa-1f63a2df294a",
                  "parentUUID": "69b103fa-db2c-4eb9-9b60-cea7348f4397",
                  "isHook": false,
                  "skipped": false
                }
              ],
              "suites": [],
              "passes": [
                "4dbb17db-2137-49ec-86d5-92672f471b39",
                "6776f9b0-46fd-42eb-bb4e-31b0ca0582d2",
                "15ff891d-e701-46e8-82aa-1f63a2df294a"
              ],
              "failures": [],
              "pending": [],
              "skipped": [],
              "duration": 303,
              "root": false,
              "rootEmpty": false,
              "_timeout": 2000
            },
            {
              "uuid": "e9c9b15b-2cac-4c63-91b9-28913619c37c",
              "title": "GET /posts/{id}",
              "fullFile": "",
              "file": "",
              "beforeHooks": [],
              "afterHooks": [],
              "tests": [
                {
                  "title": "should return specific post with status 200",
                  "fullTitle": "JSONPlaceholder API - Posts GET /posts/{id} should return specific post with status 200",
                  "timedOut": null,
                  "duration": 55,
                  "state": "passed",
                  "speed": "fast",
                  "pass": true,
                  "fail": false,
                  "pending": false,
                  "context": null,
                  "code": "_JsonPlaceholderService.default.getPostById(1).then(response => {\n  _ApiAssertions.default.expectStatus(response, 200);\n  _ApiAssertions.default.expectPostStructure(response);\n  _ApiAssertions.default.expectProperty(response, 'id', 1);\n});",
                  "err": {},
                  "uuid": "fe02ddc9-e3c3-416e-8c5c-38aa3242393c",
                  "parentUUID": "e9c9b15b-2cac-4c63-91b9-28913619c37c",
                  "isHook": false,
                  "skipped": false
                },
                {
                  "title": "should return 404 for non-existent post",
                  "fullTitle": "JSONPlaceholder API - Posts GET /posts/{id} should return 404 for non-existent post",
                  "timedOut": null,
                  "duration": 47,
                  "state": "passed",
                  "speed": "fast",
                  "pass": true,
                  "fail": false,
                  "pending": false,
                  "context": null,
                  "code": "_JsonPlaceholderService.default.getPostById(99999, false).then(response => {\n  _ApiAssertions.default.expectStatus(response, 404);\n});",
                  "err": {},
                  "uuid": "221849ec-91c4-4b4e-a180-c1328e1e63e5",
                  "parentUUID": "e9c9b15b-2cac-4c63-91b9-28913619c37c",
                  "isHook": false,
                  "skipped": false
                },
                {
                  "title": "should return valid structure for any post id",
                  "fullTitle": "JSONPlaceholder API - Posts GET /posts/{id} should return valid structure for any post id",
                  "timedOut": null,
                  "duration": 433,
                  "state": "passed",
                  "speed": "fast",
                  "pass": true,
                  "fail": false,
                  "pending": false,
                  "context": null,
                  "code": "_JsonPlaceholderService.default.getPostById(5).then(response => {\n  _ApiAssertions.default.expectStatus(response, 200);\n  _ApiAssertions.default.expectPostStructure(response);\n  _ApiAssertions.default.expectProperty(response, 'id', 5);\n});",
                  "err": {},
                  "uuid": "c70d0a46-090d-4f0c-b938-226a55962b01",
                  "parentUUID": "e9c9b15b-2cac-4c63-91b9-28913619c37c",
                  "isHook": false,
                  "skipped": false
                }
              ],
              "suites": [],
              "passes": [
                "fe02ddc9-e3c3-416e-8c5c-38aa3242393c",
                "221849ec-91c4-4b4e-a180-c1328e1e63e5",
                "c70d0a46-090d-4f0c-b938-226a55962b01"
              ],
              "failures": [],
              "pending": [],
              "skipped": [],
              "duration": 535,
              "root": false,
              "rootEmpty": false,
              "_timeout": 2000
            },
            {
              "uuid": "1c89a342-610d-4d4d-8ca6-7c2bc51ba38e",
              "title": "GET /posts?userId={id}",
              "fullFile": "",
              "file": "",
              "beforeHooks": [],
              "afterHooks": [],
              "tests": [
                {
                  "title": "should return posts filtered by user id",
                  "fullTitle": "JSONPlaceholder API - Posts GET /posts?userId={id} should return posts filtered by user id",
                  "timedOut": null,
                  "duration": 61,
                  "state": "passed",
                  "speed": "fast",
                  "pass": true,
                  "fail": false,
                  "pending": false,
                  "context": null,
                  "code": "_JsonPlaceholderService.default.getPostsByUser(1).then(response => {\n  _ApiAssertions.default.expectStatus(response, 200);\n  _ApiAssertions.default.expectArray(response);\n  response.body.forEach(post => {\n    expect(post.userId).to.eq(1);\n  });\n});",
                  "err": {},
                  "uuid": "e5f52d95-7054-4c64-a2b8-810443353c89",
                  "parentUUID": "1c89a342-610d-4d4d-8ca6-7c2bc51ba38e",
                  "isHook": false,
                  "skipped": false
                }
              ],
              "suites": [],
              "passes": [
                "e5f52d95-7054-4c64-a2b8-810443353c89"
              ],
              "failures": [],
              "pending": [],
              "skipped": [],
              "duration": 61,
              "root": false,
              "rootEmpty": false,
              "_timeout": 2000
            },
            {
              "uuid": "597be3e6-e085-4414-b84b-69598caefa75",
              "title": "POST /posts",
              "fullFile": "",
              "file": "",
              "beforeHooks": [],
              "afterHooks": [],
              "tests": [
                {
                  "title": "should create a post with valid payload",
                  "fullTitle": "JSONPlaceholder API - Posts POST /posts should create a post with valid payload",
                  "timedOut": null,
                  "duration": 181,
                  "state": "passed",
                  "speed": "fast",
                  "pass": true,
                  "fail": false,
                  "pending": false,
                  "context": null,
                  "code": "const payload = _PostFactory.default.createPost();\n_JsonPlaceholderService.default.createPost(payload).then(response => {\n  _ApiAssertions.default.expectStatus(response, 201);\n  _ApiAssertions.default.expectCreatedId(response);\n  _ApiAssertions.default.expectProperty(response, 'title', payload.title);\n  _ApiAssertions.default.expectProperty(response, 'body', payload.body);\n  _ApiAssertions.default.expectProperty(response, 'userId', payload.userId);\n});",
                  "err": {},
                  "uuid": "20bafdfb-c3a3-4c99-b756-00d0e7d3dacf",
                  "parentUUID": "597be3e6-e085-4414-b84b-69598caefa75",
                  "isHook": false,
                  "skipped": false
                },
                {
                  "title": "should create post with only title (minimal payload)",
                  "fullTitle": "JSONPlaceholder API - Posts POST /posts should create post with only title (minimal payload)",
                  "timedOut": null,
                  "duration": 172,
                  "state": "passed",
                  "speed": "fast",
                  "pass": true,
                  "fail": false,
                  "pending": false,
                  "context": null,
                  "code": "const payload = _PostFactory.default.createPostWithOnlyTitle();\n_JsonPlaceholderService.default.createPost(payload).then(response => {\n  _ApiAssertions.default.expectStatus(response, 201);\n  _ApiAssertions.default.expectCreatedId(response);\n  _ApiAssertions.default.expectProperty(response, 'title', payload.title);\n});",
                  "err": {},
                  "uuid": "4c286c69-38d8-4f76-95d3-3aeb8863198a",
                  "parentUUID": "597be3e6-e085-4414-b84b-69598caefa75",
                  "isHook": false,
                  "skipped": false
                },
                {
                  "title": "should handle extra fields in payload",
                  "fullTitle": "JSONPlaceholder API - Posts POST /posts should handle extra fields in payload",
                  "timedOut": null,
                  "duration": 174,
                  "state": "passed",
                  "speed": "fast",
                  "pass": true,
                  "fail": false,
                  "pending": false,
                  "context": null,
                  "code": "const payload = _PostFactory.default.createPostWithExtraFields();\n_JsonPlaceholderService.default.createPost(payload).then(response => {\n  _ApiAssertions.default.expectStatus(response, 201);\n  _ApiAssertions.default.expectCreatedId(response);\n});",
                  "err": {},
                  "uuid": "7898bb8b-a27a-4e59-b98f-b2f870cd5d87",
                  "parentUUID": "597be3e6-e085-4414-b84b-69598caefa75",
                  "isHook": false,
                  "skipped": false
                },
                {
                  "title": "should return 201 even with empty fields (JSONPlaceholder behavior)",
                  "fullTitle": "JSONPlaceholder API - Posts POST /posts should return 201 even with empty fields (JSONPlaceholder behavior)",
                  "timedOut": null,
                  "duration": 174,
                  "state": "passed",
                  "speed": "fast",
                  "pass": true,
                  "fail": false,
                  "pending": false,
                  "context": null,
                  "code": "const payload = _PostFactory.default.createPostWithEmptyFields();\n_JsonPlaceholderService.default.createPost(payload, false).then(response => {\n  // JSONPlaceholder não valida payload, retorna 201\n  _ApiAssertions.default.expectStatus(response, 201);\n});",
                  "err": {},
                  "uuid": "cfa7d4ea-7902-4723-bf95-9130c0322aaf",
                  "parentUUID": "597be3e6-e085-4414-b84b-69598caefa75",
                  "isHook": false,
                  "skipped": false
                }
              ],
              "suites": [],
              "passes": [
                "20bafdfb-c3a3-4c99-b756-00d0e7d3dacf",
                "4c286c69-38d8-4f76-95d3-3aeb8863198a",
                "7898bb8b-a27a-4e59-b98f-b2f870cd5d87",
                "cfa7d4ea-7902-4723-bf95-9130c0322aaf"
              ],
              "failures": [],
              "pending": [],
              "skipped": [],
              "duration": 701,
              "root": false,
              "rootEmpty": false,
              "_timeout": 2000
            },
            {
              "uuid": "9ae1bf93-0518-4b13-a49d-c9d04ad5da7a",
              "title": "PUT /posts/{id}",
              "fullFile": "",
              "file": "",
              "beforeHooks": [],
              "afterHooks": [],
              "tests": [
                {
                  "title": "should completely update a post",
                  "fullTitle": "JSONPlaceholder API - Posts PUT /posts/{id} should completely update a post",
                  "timedOut": null,
                  "duration": 421,
                  "state": "passed",
                  "speed": "fast",
                  "pass": true,
                  "fail": false,
                  "pending": false,
                  "context": null,
                  "code": "const payload = _PostFactory.default.createUpdatePayload({\n  id: 1\n});\n_JsonPlaceholderService.default.updatePost(1, payload).then(response => {\n  _ApiAssertions.default.expectStatus(response, 200);\n  _ApiAssertions.default.expectProperty(response, 'id', 1);\n  _ApiAssertions.default.expectProperty(response, 'title', payload.title);\n  _ApiAssertions.default.expectProperty(response, 'body', payload.body);\n});",
                  "err": {},
                  "uuid": "1e16f3ea-3dce-432e-97d5-508b1c14dc1d",
                  "parentUUID": "9ae1bf93-0518-4b13-a49d-c9d04ad5da7a",
                  "isHook": false,
                  "skipped": false
                },
                {
                  "title": "should update only specific fields via PUT",
                  "fullTitle": "JSONPlaceholder API - Posts PUT /posts/{id} should update only specific fields via PUT",
                  "timedOut": null,
                  "duration": 180,
                  "state": "passed",
                  "speed": "fast",
                  "pass": true,
                  "fail": false,
                  "pending": false,
                  "context": null,
                  "code": "const payload = _PostFactory.default.createPatchPayload();\n_JsonPlaceholderService.default.updatePost(1, payload).then(response => {\n  _ApiAssertions.default.expectStatus(response, 200);\n  _ApiAssertions.default.expectProperty(response, 'title', payload.title);\n});",
                  "err": {},
                  "uuid": "a7eaba21-605a-49a8-9429-3e239d3c014c",
                  "parentUUID": "9ae1bf93-0518-4b13-a49d-c9d04ad5da7a",
                  "isHook": false,
                  "skipped": false
                }
              ],
              "suites": [],
              "passes": [
                "1e16f3ea-3dce-432e-97d5-508b1c14dc1d",
                "a7eaba21-605a-49a8-9429-3e239d3c014c"
              ],
              "failures": [],
              "pending": [],
              "skipped": [],
              "duration": 601,
              "root": false,
              "rootEmpty": false,
              "_timeout": 2000
            },
            {
              "uuid": "498e2a48-a5b5-4c67-b6b6-9268b640520b",
              "title": "PATCH /posts/{id}",
              "fullFile": "",
              "file": "",
              "beforeHooks": [],
              "afterHooks": [],
              "tests": [
                {
                  "title": "should partially update post title",
                  "fullTitle": "JSONPlaceholder API - Posts PATCH /posts/{id} should partially update post title",
                  "timedOut": null,
                  "duration": 194,
                  "state": "passed",
                  "speed": "fast",
                  "pass": true,
                  "fail": false,
                  "pending": false,
                  "context": null,
                  "code": "const payload = _PostFactory.default.createPatchPayload();\n_JsonPlaceholderService.default.patchPost(1, payload).then(response => {\n  _ApiAssertions.default.expectStatus(response, 200);\n  _ApiAssertions.default.expectProperty(response, 'id', 1);\n  _ApiAssertions.default.expectProperty(response, 'title', payload.title);\n});",
                  "err": {},
                  "uuid": "b703485f-56e2-499b-89f8-24026072797d",
                  "parentUUID": "498e2a48-a5b5-4c67-b6b6-9268b640520b",
                  "isHook": false,
                  "skipped": false
                },
                {
                  "title": "should partially update only the body",
                  "fullTitle": "JSONPlaceholder API - Posts PATCH /posts/{id} should partially update only the body",
                  "timedOut": null,
                  "duration": 213,
                  "state": "passed",
                  "speed": "fast",
                  "pass": true,
                  "fail": false,
                  "pending": false,
                  "context": null,
                  "code": "const payload = _PostFactory.default.createBodyPatchPayload();\n_JsonPlaceholderService.default.patchPost(2, payload).then(response => {\n  _ApiAssertions.default.expectStatus(response, 200);\n  _ApiAssertions.default.expectProperty(response, 'id', 2);\n  _ApiAssertions.default.expectProperty(response, 'body', payload.body);\n});",
                  "err": {},
                  "uuid": "766c2430-3349-47b5-8c76-5b983bd29c69",
                  "parentUUID": "498e2a48-a5b5-4c67-b6b6-9268b640520b",
                  "isHook": false,
                  "skipped": false
                },
                {
                  "title": "should update with mixed fields",
                  "fullTitle": "JSONPlaceholder API - Posts PATCH /posts/{id} should update with mixed fields",
                  "timedOut": null,
                  "duration": 217,
                  "state": "passed",
                  "speed": "fast",
                  "pass": true,
                  "fail": false,
                  "pending": false,
                  "context": null,
                  "code": "const payload = _PostFactory.default.createPost({\n  title: 'Mixed Update',\n  body: 'Updated body content'\n});\n_JsonPlaceholderService.default.patchPost(3, payload).then(response => {\n  _ApiAssertions.default.expectStatus(response, 200);\n  _ApiAssertions.default.expectProperty(response, 'title', payload.title);\n  _ApiAssertions.default.expectProperty(response, 'body', payload.body);\n});",
                  "err": {},
                  "uuid": "86240d41-b9d1-4824-97fc-4dd0a825d883",
                  "parentUUID": "498e2a48-a5b5-4c67-b6b6-9268b640520b",
                  "isHook": false,
                  "skipped": false
                }
              ],
              "suites": [],
              "passes": [
                "b703485f-56e2-499b-89f8-24026072797d",
                "766c2430-3349-47b5-8c76-5b983bd29c69",
                "86240d41-b9d1-4824-97fc-4dd0a825d883"
              ],
              "failures": [],
              "pending": [],
              "skipped": [],
              "duration": 624,
              "root": false,
              "rootEmpty": false,
              "_timeout": 2000
            },
            {
              "uuid": "14370da8-b234-46b6-8149-e5deba7c7188",
              "title": "DELETE /posts/{id}",
              "fullFile": "",
              "file": "",
              "beforeHooks": [],
              "afterHooks": [],
              "tests": [
                {
                  "title": "should delete a post with status 200",
                  "fullTitle": "JSONPlaceholder API - Posts DELETE /posts/{id} should delete a post with status 200",
                  "timedOut": null,
                  "duration": 184,
                  "state": "passed",
                  "speed": "fast",
                  "pass": true,
                  "fail": false,
                  "pending": false,
                  "context": null,
                  "code": "_JsonPlaceholderService.default.deletePost(1).then(response => {\n  _ApiAssertions.default.expectStatus(response, 200);\n});",
                  "err": {},
                  "uuid": "4eb5c26f-5b9f-4395-8f66-0bf9e3ef522e",
                  "parentUUID": "14370da8-b234-46b6-8149-e5deba7c7188",
                  "isHook": false,
                  "skipped": false
                },
                {
                  "title": "should return 200 for non-existent post (JSONPlaceholder behavior)",
                  "fullTitle": "JSONPlaceholder API - Posts DELETE /posts/{id} should return 200 for non-existent post (JSONPlaceholder behavior)",
                  "timedOut": null,
                  "duration": 170,
                  "state": "passed",
                  "speed": "fast",
                  "pass": true,
                  "fail": false,
                  "pending": false,
                  "context": null,
                  "code": "_JsonPlaceholderService.default.deletePost(99999).then(response => {\n  _ApiAssertions.default.expectStatus(response, 200);\n});",
                  "err": {},
                  "uuid": "2180f741-895e-417a-b372-382d14267ab8",
                  "parentUUID": "14370da8-b234-46b6-8149-e5deba7c7188",
                  "isHook": false,
                  "skipped": false
                },
                {
                  "title": "should successfully delete different post ids",
                  "fullTitle": "JSONPlaceholder API - Posts DELETE /posts/{id} should successfully delete different post ids",
                  "timedOut": null,
                  "duration": 368,
                  "state": "passed",
                  "speed": "fast",
                  "pass": true,
                  "fail": false,
                  "pending": false,
                  "context": null,
                  "code": "_JsonPlaceholderService.default.deletePost(5).then(response => {\n  _ApiAssertions.default.expectStatus(response, 200);\n});\n_JsonPlaceholderService.default.deletePost(10).then(response => {\n  _ApiAssertions.default.expectStatus(response, 200);\n});",
                  "err": {},
                  "uuid": "5873b789-39bf-420d-b8f2-9ac93d695175",
                  "parentUUID": "14370da8-b234-46b6-8149-e5deba7c7188",
                  "isHook": false,
                  "skipped": false
                }
              ],
              "suites": [],
              "passes": [
                "4eb5c26f-5b9f-4395-8f66-0bf9e3ef522e",
                "2180f741-895e-417a-b372-382d14267ab8",
                "5873b789-39bf-420d-b8f2-9ac93d695175"
              ],
              "failures": [],
              "pending": [],
              "skipped": [],
              "duration": 722,
              "root": false,
              "rootEmpty": false,
              "_timeout": 2000
            },
            {
              "uuid": "0ead3fb7-1ede-41bf-8148-55889273a923",
              "title": "Contract Validation",
              "fullFile": "",
              "file": "",
              "beforeHooks": [],
              "afterHooks": [],
              "tests": [
                {
                  "title": "should validate post response structure",
                  "fullTitle": "JSONPlaceholder API - Posts Contract Validation should validate post response structure",
                  "timedOut": null,
                  "duration": 56,
                  "state": "passed",
                  "speed": "fast",
                  "pass": true,
                  "fail": false,
                  "pending": false,
                  "context": null,
                  "code": "_JsonPlaceholderService.default.getPostById(1).then(response => {\n  _ApiAssertions.default.expectStatus(response, 200);\n  _ApiAssertions.default.expectPostStructure(response);\n});",
                  "err": {},
                  "uuid": "bb226c5e-7546-4f7f-8f83-422148419be2",
                  "parentUUID": "0ead3fb7-1ede-41bf-8148-55889273a923",
                  "isHook": false,
                  "skipped": false
                },
                {
                  "title": "should validate posts list response structure",
                  "fullTitle": "JSONPlaceholder API - Posts Contract Validation should validate posts list response structure",
                  "timedOut": null,
                  "duration": 60,
                  "state": "passed",
                  "speed": "fast",
                  "pass": true,
                  "fail": false,
                  "pending": false,
                  "context": null,
                  "code": "_JsonPlaceholderService.default.getPosts().then(response => {\n  _ApiAssertions.default.expectStatus(response, 200);\n  _ApiAssertions.default.expectPostsArrayStructure(response);\n});",
                  "err": {},
                  "uuid": "a0c89903-04f1-499c-bb5c-5ddb1517bca5",
                  "parentUUID": "0ead3fb7-1ede-41bf-8148-55889273a923",
                  "isHook": false,
                  "skipped": false
                },
                {
                  "title": "should validate created post structure",
                  "fullTitle": "JSONPlaceholder API - Posts Contract Validation should validate created post structure",
                  "timedOut": null,
                  "duration": 180,
                  "state": "passed",
                  "speed": "fast",
                  "pass": true,
                  "fail": false,
                  "pending": false,
                  "context": null,
                  "code": "const payload = _PostFactory.default.createPost();\n_JsonPlaceholderService.default.createPost(payload).then(response => {\n  _ApiAssertions.default.expectStatus(response, 201);\n  _ApiAssertions.default.expectCreatedId(response);\n  _ApiAssertions.default.expectPostStructure(response);\n});",
                  "err": {},
                  "uuid": "01c89528-caea-46df-9ca8-5cb94ef9e491",
                  "parentUUID": "0ead3fb7-1ede-41bf-8148-55889273a923",
                  "isHook": false,
                  "skipped": false
                }
              ],
              "suites": [],
              "passes": [
                "bb226c5e-7546-4f7f-8f83-422148419be2",
                "a0c89903-04f1-499c-bb5c-5ddb1517bca5",
                "01c89528-caea-46df-9ca8-5cb94ef9e491"
              ],
              "failures": [],
              "pending": [],
              "skipped": [],
              "duration": 296,
              "root": false,
              "rootEmpty": false,
              "_timeout": 2000
            }
          ],
          "passes": [],
          "failures": [],
          "pending": [],
          "skipped": [],
          "duration": 0,
          "root": false,
          "rootEmpty": false,
          "_timeout": 2000
        }
      ],
      "passes": [],
      "failures": [],
      "pending": [],
      "skipped": [],
      "duration": 0,
      "root": true,
      "rootEmpty": true,
      "_timeout": 2000
    }
  ],
  "meta": {
    "mocha": {
      "version": "7.2.0"
    },
    "mochawesome": {
      "options": {
        "quiet": false,
        "reportFilename": "mochawesome",
        "saveHtml": false,
        "saveJson": true,
        "consoleReporter": "spec",
        "useInlineDiffs": false,
        "code": true
      },
      "version": "7.1.4"
    },
    "marge": {
      "options": {
        "reportDir": "cypress/reports",
        "overwrite": false,
        "html": false,
        "json": true
      },
      "version": "6.3.2"
    }
  }
}