{
  "stats": {
    "suites": 1,
    "tests": 13,
    "passes": 13,
    "pending": 0,
    "failures": 0,
    "start": "2026-02-04T17:14:08.057Z",
    "end": "2026-02-04T17:14:10.737Z",
    "duration": 2680,
    "testsRegistered": 13,
    "passPercent": 100,
    "pendingPercent": 0,
    "other": 0,
    "hasOther": false,
    "skipped": 0,
    "hasSkipped": false
  },
  "results": [
    {
      "uuid": "31672d8c-2caf-4025-9f25-ec922b880ea8",
      "title": "",
      "fullFile": "cypress/e2e/api/users.cy.js",
      "file": "cypress/e2e/api/users.cy.js",
      "beforeHooks": [],
      "afterHooks": [],
      "tests": [],
      "suites": [
        {
          "uuid": "26af4422-1ed6-43ed-b359-67218991e0b2",
          "title": "JSONPlaceholder API - Posts",
          "fullFile": "",
          "file": "",
          "beforeHooks": [],
          "afterHooks": [],
          "tests": [
            {
              "title": "GET /posts - should return list of posts",
              "fullTitle": "JSONPlaceholder API - Posts GET /posts - should return list of posts",
              "timedOut": null,
              "duration": 193,
              "state": "passed",
              "speed": "fast",
              "pass": true,
              "fail": false,
              "pending": false,
              "context": null,
              "code": "cy.request({\n  method: 'GET',\n  url: `${baseUrl}/posts`\n}).then(response => {\n  expect(response.status).to.eq(200);\n  expect(response.body).to.be.an('array');\n});",
              "err": {},
              "uuid": "c792eab7-9aac-46b3-8c6b-bd529f3d8069",
              "parentUUID": "26af4422-1ed6-43ed-b359-67218991e0b2",
              "isHook": false,
              "skipped": false
            },
            {
              "title": "GET /posts - should have valid structure",
              "fullTitle": "JSONPlaceholder API - Posts GET /posts - should have valid structure",
              "timedOut": null,
              "duration": 75,
              "state": "passed",
              "speed": "fast",
              "pass": true,
              "fail": false,
              "pending": false,
              "context": null,
              "code": "cy.request({\n  method: 'GET',\n  url: `${baseUrl}/posts`\n}).then(response => {\n  expect(response.status).to.eq(200);\n  expect(response.body).to.be.an('array');\n  expect(response.body.length).to.be.greaterThan(0);\n  const firstPost = response.body[0];\n  expect(firstPost).to.have.all.keys('userId', 'id', 'title', 'body');\n});",
              "err": {},
              "uuid": "452ffe57-6685-430c-99c4-063813cfee89",
              "parentUUID": "26af4422-1ed6-43ed-b359-67218991e0b2",
              "isHook": false,
              "skipped": false
            },
            {
              "title": "GET /posts/1 - should return specific post",
              "fullTitle": "JSONPlaceholder API - Posts GET /posts/1 - should return specific post",
              "timedOut": null,
              "duration": 60,
              "state": "passed",
              "speed": "fast",
              "pass": true,
              "fail": false,
              "pending": false,
              "context": null,
              "code": "cy.request({\n  method: 'GET',\n  url: `${baseUrl}/posts/1`\n}).then(response => {\n  expect(response.status).to.eq(200);\n  expect(response.body).to.have.property('id', 1);\n  expect(response.body).to.have.property('userId');\n  expect(response.body).to.have.property('title');\n  expect(response.body).to.have.property('body');\n});",
              "err": {},
              "uuid": "c95506ea-f094-4921-8323-4f69348810ec",
              "parentUUID": "26af4422-1ed6-43ed-b359-67218991e0b2",
              "isHook": false,
              "skipped": false
            },
            {
              "title": "GET /posts/99999 - should return 404 for non-existent post",
              "fullTitle": "JSONPlaceholder API - Posts GET /posts/99999 - should return 404 for non-existent post",
              "timedOut": null,
              "duration": 51,
              "state": "passed",
              "speed": "fast",
              "pass": true,
              "fail": false,
              "pending": false,
              "context": null,
              "code": "cy.request({\n  method: 'GET',\n  url: `${baseUrl}/posts/99999`,\n  failOnStatusCode: false\n}).then(response => {\n  expect(response.status).to.eq(404);\n});",
              "err": {},
              "uuid": "e3dea126-04b2-4f5b-93fb-3a8acabcb494",
              "parentUUID": "26af4422-1ed6-43ed-b359-67218991e0b2",
              "isHook": false,
              "skipped": false
            },
            {
              "title": "POST /posts - should create a post with valid payload",
              "fullTitle": "JSONPlaceholder API - Posts POST /posts - should create a post with valid payload",
              "timedOut": null,
              "duration": 199,
              "state": "passed",
              "speed": "fast",
              "pass": true,
              "fail": false,
              "pending": false,
              "context": null,
              "code": "cy.request({\n  method: 'POST',\n  url: `${baseUrl}/posts`,\n  body: _postPayloads.default.validPost\n}).then(response => {\n  expect(response.status).to.eq(201);\n  expect(response.body).to.have.property('id');\n  expect(response.body.title).to.eq(_postPayloads.default.validPost.title);\n  expect(response.body.body).to.eq(_postPayloads.default.validPost.body);\n  expect(response.body.userId).to.eq(_postPayloads.default.validPost.userId);\n});",
              "err": {},
              "uuid": "abdc3131-f6a5-441d-a730-e9367e234fff",
              "parentUUID": "26af4422-1ed6-43ed-b359-67218991e0b2",
              "isHook": false,
              "skipped": false
            },
            {
              "title": "POST /posts - should handle invalid payload",
              "fullTitle": "JSONPlaceholder API - Posts POST /posts - should handle invalid payload",
              "timedOut": null,
              "duration": 174,
              "state": "passed",
              "speed": "fast",
              "pass": true,
              "fail": false,
              "pending": false,
              "context": null,
              "code": "cy.request({\n  method: 'POST',\n  url: `${baseUrl}/posts`,\n  body: _postPayloads.default.invalidUser,\n  failOnStatusCode: false\n}).then(response => {\n  // JSONPlaceholder não valida payloads, então retorna 201\n  expect([201, 400]).to.include(response.status);\n});",
              "err": {},
              "uuid": "92173a25-bda9-4f4f-8865-8712795a5298",
              "parentUUID": "26af4422-1ed6-43ed-b359-67218991e0b2",
              "isHook": false,
              "skipped": false
            },
            {
              "title": "POST /posts - should create post with only title",
              "fullTitle": "JSONPlaceholder API - Posts POST /posts - should create post with only title",
              "timedOut": null,
              "duration": 176,
              "state": "passed",
              "speed": "fast",
              "pass": true,
              "fail": false,
              "pending": false,
              "context": null,
              "code": "const minimalPayload = {\n  title: 'Minimal Post'\n};\ncy.request({\n  method: 'POST',\n  url: `${baseUrl}/posts`,\n  body: minimalPayload\n}).then(response => {\n  expect(response.status).to.eq(201);\n  expect(response.body).to.have.property('id');\n  expect(response.body.title).to.eq('Minimal Post');\n});",
              "err": {},
              "uuid": "2fc39049-b585-44e8-aa01-77fa200c2670",
              "parentUUID": "26af4422-1ed6-43ed-b359-67218991e0b2",
              "isHook": false,
              "skipped": false
            },
            {
              "title": "PUT /posts/1 - should update a post completely",
              "fullTitle": "JSONPlaceholder API - Posts PUT /posts/1 - should update a post completely",
              "timedOut": null,
              "duration": 505,
              "state": "passed",
              "speed": "fast",
              "pass": true,
              "fail": false,
              "pending": false,
              "context": null,
              "code": "cy.request({\n  method: 'PUT',\n  url: `${baseUrl}/posts/1`,\n  body: _postPayloads.default.validPost\n}).then(response => {\n  expect(response.status).to.eq(200);\n  expect(response.body.id).to.eq(1);\n  expect(response.body.title).to.eq(_postPayloads.default.validPost.title);\n});",
              "err": {},
              "uuid": "8190ea53-4e05-43cc-9b57-3a393314e033",
              "parentUUID": "26af4422-1ed6-43ed-b359-67218991e0b2",
              "isHook": false,
              "skipped": false
            },
            {
              "title": "PUT /posts/1 - should update only specific fields",
              "fullTitle": "JSONPlaceholder API - Posts PUT /posts/1 - should update only specific fields",
              "timedOut": null,
              "duration": 207,
              "state": "passed",
              "speed": "fast",
              "pass": true,
              "fail": false,
              "pending": false,
              "context": null,
              "code": "const partialUpdate = {\n  title: 'Updated Title'\n};\ncy.request({\n  method: 'PUT',\n  url: `${baseUrl}/posts/1`,\n  body: partialUpdate\n}).then(response => {\n  expect(response.status).to.eq(200);\n  expect(response.body.title).to.eq('Updated Title');\n});",
              "err": {},
              "uuid": "860a3182-eb16-45dd-a349-096e8df9f06d",
              "parentUUID": "26af4422-1ed6-43ed-b359-67218991e0b2",
              "isHook": false,
              "skipped": false
            },
            {
              "title": "PATCH /posts/1 - should partially update a post",
              "fullTitle": "JSONPlaceholder API - Posts PATCH /posts/1 - should partially update a post",
              "timedOut": null,
              "duration": 193,
              "state": "passed",
              "speed": "fast",
              "pass": true,
              "fail": false,
              "pending": false,
              "context": null,
              "code": "const partialUpdate = {\n  title: 'Patched Title'\n};\ncy.request({\n  method: 'PATCH',\n  url: `${baseUrl}/posts/1`,\n  body: partialUpdate\n}).then(response => {\n  expect(response.status).to.eq(200);\n  expect(response.body.title).to.eq('Patched Title');\n  expect(response.body.id).to.eq(1);\n});",
              "err": {},
              "uuid": "22a2f8e9-2a36-424f-aa60-e8f5bd44c3d4",
              "parentUUID": "26af4422-1ed6-43ed-b359-67218991e0b2",
              "isHook": false,
              "skipped": false
            },
            {
              "title": "PATCH /posts/2 - should update just the body",
              "fullTitle": "JSONPlaceholder API - Posts PATCH /posts/2 - should update just the body",
              "timedOut": null,
              "duration": 193,
              "state": "passed",
              "speed": "fast",
              "pass": true,
              "fail": false,
              "pending": false,
              "context": null,
              "code": "const bodyUpdate = {\n  body: 'This is the updated body content'\n};\ncy.request({\n  method: 'PATCH',\n  url: `${baseUrl}/posts/2`,\n  body: bodyUpdate\n}).then(response => {\n  expect(response.status).to.eq(200);\n  expect(response.body.body).to.eq('This is the updated body content');\n});",
              "err": {},
              "uuid": "e0bb00d7-0fa9-4ebd-b32f-844ddb9bc710",
              "parentUUID": "26af4422-1ed6-43ed-b359-67218991e0b2",
              "isHook": false,
              "skipped": false
            },
            {
              "title": "DELETE /posts/1 - should delete a post",
              "fullTitle": "JSONPlaceholder API - Posts DELETE /posts/1 - should delete a post",
              "timedOut": null,
              "duration": 180,
              "state": "passed",
              "speed": "fast",
              "pass": true,
              "fail": false,
              "pending": false,
              "context": null,
              "code": "cy.request({\n  method: 'DELETE',\n  url: `${baseUrl}/posts/1`\n}).then(response => {\n  expect(response.status).to.eq(200);\n});",
              "err": {},
              "uuid": "d9b6aa81-a8f6-4db9-bf81-3be0ee86b340",
              "parentUUID": "26af4422-1ed6-43ed-b359-67218991e0b2",
              "isHook": false,
              "skipped": false
            },
            {
              "title": "DELETE /posts/99999 - should return 200 for non-existent post",
              "fullTitle": "JSONPlaceholder API - Posts DELETE /posts/99999 - should return 200 for non-existent post",
              "timedOut": null,
              "duration": 188,
              "state": "passed",
              "speed": "fast",
              "pass": true,
              "fail": false,
              "pending": false,
              "context": null,
              "code": "cy.request({\n  method: 'DELETE',\n  url: `${baseUrl}/posts/99999`\n}).then(response => {\n  // JSONPlaceholder sempre retorna 200 para DELETE\n  expect(response.status).to.eq(200);\n});",
              "err": {},
              "uuid": "09fc7f6e-4239-47e3-81ae-21c3606933aa",
              "parentUUID": "26af4422-1ed6-43ed-b359-67218991e0b2",
              "isHook": false,
              "skipped": false
            }
          ],
          "suites": [],
          "passes": [
            "c792eab7-9aac-46b3-8c6b-bd529f3d8069",
            "452ffe57-6685-430c-99c4-063813cfee89",
            "c95506ea-f094-4921-8323-4f69348810ec",
            "e3dea126-04b2-4f5b-93fb-3a8acabcb494",
            "abdc3131-f6a5-441d-a730-e9367e234fff",
            "92173a25-bda9-4f4f-8865-8712795a5298",
            "2fc39049-b585-44e8-aa01-77fa200c2670",
            "8190ea53-4e05-43cc-9b57-3a393314e033",
            "860a3182-eb16-45dd-a349-096e8df9f06d",
            "22a2f8e9-2a36-424f-aa60-e8f5bd44c3d4",
            "e0bb00d7-0fa9-4ebd-b32f-844ddb9bc710",
            "d9b6aa81-a8f6-4db9-bf81-3be0ee86b340",
            "09fc7f6e-4239-47e3-81ae-21c3606933aa"
          ],
          "failures": [],
          "pending": [],
          "skipped": [],
          "duration": 2394,
          "root": false,
          "rootEmpty": false,
          "_timeout": 2000
        }
      ],
      "passes": [],
      "failures": [],
      "pending": [],
      "skipped": [],
      "duration": 0,
      "root": true,
      "rootEmpty": true,
      "_timeout": 2000
    }
  ],
  "meta": {
    "mocha": {
      "version": "7.2.0"
    },
    "mochawesome": {
      "options": {
        "quiet": false,
        "reportFilename": "mochawesome",
        "saveHtml": false,
        "saveJson": true,
        "consoleReporter": "spec",
        "useInlineDiffs": false,
        "code": true
      },
      "version": "7.1.4"
    },
    "marge": {
      "options": {
        "reportDir": "cypress/reports",
        "overwrite": false,
        "html": false,
        "json": true
      },
      "version": "6.3.2"
    }
  }
}