{
  "stats": {
    "suites": 9,
    "tests": 20,
    "passes": 19,
    "pending": 0,
    "failures": 1,
    "start": "2026-02-04T12:38:15.568Z",
    "end": "2026-02-04T12:38:21.005Z",
    "duration": 5437,
    "testsRegistered": 20,
    "passPercent": 95,
    "pendingPercent": 0,
    "other": 0,
    "hasOther": false,
    "skipped": 0,
    "hasSkipped": false
  },
  "results": [
    {
      "uuid": "446033e1-346e-4abd-b40f-ae70403f2eef",
      "title": "",
      "fullFile": "cypress/e2e/api/users.cy.js",
      "file": "cypress/e2e/api/users.cy.js",
      "beforeHooks": [],
      "afterHooks": [],
      "tests": [],
      "suites": [
        {
          "uuid": "1fae4f9f-aa73-4e57-ad47-b12eb0dcf4e9",
          "title": "JSONPlaceholder API - Posts (Escalável)",
          "fullFile": "",
          "file": "",
          "beforeHooks": [],
          "afterHooks": [],
          "tests": [],
          "suites": [
            {
              "uuid": "4b5d5f75-1dda-48b6-b857-7988726a74cf",
              "title": "GET /posts",
              "fullFile": "",
              "file": "",
              "beforeHooks": [],
              "afterHooks": [],
              "tests": [
                {
                  "title": "should return list of posts",
                  "fullTitle": "JSONPlaceholder API - Posts (Escalável) GET /posts should return list of posts",
                  "timedOut": null,
                  "duration": 216,
                  "state": "passed",
                  "speed": "fast",
                  "pass": true,
                  "fail": false,
                  "pending": false,
                  "context": null,
                  "code": "_JsonPlaceholderService.default.getAllPosts().then(response => {\n  expect(response.status).to.eq(200);\n  expect(response.body).to.be.an('array');\n});",
                  "err": {},
                  "uuid": "df3bd6b1-6d24-42eb-b347-a3d656c8777c",
                  "parentUUID": "4b5d5f75-1dda-48b6-b857-7988726a74cf",
                  "isHook": false,
                  "skipped": false
                },
                {
                  "title": "should return posts with valid structure",
                  "fullTitle": "JSONPlaceholder API - Posts (Escalável) GET /posts should return posts with valid structure",
                  "timedOut": null,
                  "duration": 89,
                  "state": "passed",
                  "speed": "fast",
                  "pass": true,
                  "fail": false,
                  "pending": false,
                  "context": null,
                  "code": "_JsonPlaceholderService.default.getAllPosts().then(response => {\n  expect(response.status).to.eq(200);\n  const firstPost = response.body[0];\n  expect(firstPost).to.have.property('userId');\n  expect(firstPost).to.have.property('id');\n  expect(firstPost).to.have.property('title');\n  expect(firstPost).to.have.property('body');\n});",
                  "err": {},
                  "uuid": "76ec7c43-5aa8-475e-84c0-8c1e1b917e3c",
                  "parentUUID": "4b5d5f75-1dda-48b6-b857-7988726a74cf",
                  "isHook": false,
                  "skipped": false
                },
                {
                  "title": "should return posts within acceptable response time",
                  "fullTitle": "JSONPlaceholder API - Posts (Escalável) GET /posts should return posts within acceptable response time",
                  "timedOut": null,
                  "duration": 61,
                  "state": "passed",
                  "speed": "fast",
                  "pass": true,
                  "fail": false,
                  "pending": false,
                  "context": null,
                  "code": "_JsonPlaceholderService.default.getAllPosts().then(response => {\n  expect(response.duration).to.be.lessThan(5000);\n});",
                  "err": {},
                  "uuid": "92957df4-cdfb-4bb5-ba31-1c5f708f9058",
                  "parentUUID": "4b5d5f75-1dda-48b6-b857-7988726a74cf",
                  "isHook": false,
                  "skipped": false
                }
              ],
              "suites": [],
              "passes": [
                "df3bd6b1-6d24-42eb-b347-a3d656c8777c",
                "76ec7c43-5aa8-475e-84c0-8c1e1b917e3c",
                "92957df4-cdfb-4bb5-ba31-1c5f708f9058"
              ],
              "failures": [],
              "pending": [],
              "skipped": [],
              "duration": 366,
              "root": false,
              "rootEmpty": false,
              "_timeout": 2000
            },
            {
              "uuid": "0a650bb1-0409-43cd-85e6-8b96adc6a23c",
              "title": "GET /posts/{id}",
              "fullFile": "",
              "file": "",
              "beforeHooks": [],
              "afterHooks": [],
              "tests": [
                {
                  "title": "should return single post by ID",
                  "fullTitle": "JSONPlaceholder API - Posts (Escalável) GET /posts/{id} should return single post by ID",
                  "timedOut": null,
                  "duration": 60,
                  "state": "passed",
                  "speed": "fast",
                  "pass": true,
                  "fail": false,
                  "pending": false,
                  "context": null,
                  "code": "const postId = 1;\n_JsonPlaceholderService.default.getPostById(postId).then(response => {\n  expect(response.status).to.eq(200);\n  expect(response.body.id).to.eq(postId);\n  expect(response.body).to.have.property('userId');\n  expect(response.body).to.have.property('title');\n  expect(response.body).to.have.property('body');\n});",
                  "err": {},
                  "uuid": "7ad52dc1-696c-493c-97ad-a35c34a92ebc",
                  "parentUUID": "0a650bb1-0409-43cd-85e6-8b96adc6a23c",
                  "isHook": false,
                  "skipped": false
                },
                {
                  "title": "should return 404 for non-existent post",
                  "fullTitle": "JSONPlaceholder API - Posts (Escalável) GET /posts/{id} should return 404 for non-existent post",
                  "timedOut": null,
                  "duration": 50,
                  "state": "passed",
                  "speed": "fast",
                  "pass": true,
                  "fail": false,
                  "pending": false,
                  "context": null,
                  "code": "const nonExistentId = 9999;\n_JsonPlaceholderService.default.getPostById(nonExistentId, {\n  failOnStatusCode: false\n}).then(response => {\n  expect(response.status).to.eq(404);\n});",
                  "err": {},
                  "uuid": "9683867d-04b6-45d4-be2c-68c31908e981",
                  "parentUUID": "0a650bb1-0409-43cd-85e6-8b96adc6a23c",
                  "isHook": false,
                  "skipped": false
                },
                {
                  "title": "should validate post structure",
                  "fullTitle": "JSONPlaceholder API - Posts (Escalável) GET /posts/{id} should validate post structure",
                  "timedOut": null,
                  "duration": 98,
                  "state": "passed",
                  "speed": "fast",
                  "pass": true,
                  "fail": false,
                  "pending": false,
                  "context": null,
                  "code": "const postId = 1;\n_JsonPlaceholderService.default.getPostById(postId).then(response => {\n  expect(response.status).to.eq(200);\n  expect(response.body).to.have.all.keys('userId', 'id', 'title', 'body');\n  expect(response.body.userId).to.be.a('number');\n  expect(response.body.id).to.be.a('number');\n  expect(response.body.title).to.be.a('string');\n  expect(response.body.body).to.be.a('string');\n});",
                  "err": {},
                  "uuid": "89e88e24-397e-409a-be6c-b6e9d5b1adcb",
                  "parentUUID": "0a650bb1-0409-43cd-85e6-8b96adc6a23c",
                  "isHook": false,
                  "skipped": false
                }
              ],
              "suites": [],
              "passes": [
                "7ad52dc1-696c-493c-97ad-a35c34a92ebc",
                "9683867d-04b6-45d4-be2c-68c31908e981",
                "89e88e24-397e-409a-be6c-b6e9d5b1adcb"
              ],
              "failures": [],
              "pending": [],
              "skipped": [],
              "duration": 208,
              "root": false,
              "rootEmpty": false,
              "_timeout": 2000
            },
            {
              "uuid": "4e8498da-f1b7-4b38-863d-3a260510b630",
              "title": "POST /posts",
              "fullFile": "",
              "file": "",
              "beforeHooks": [],
              "afterHooks": [],
              "tests": [
                {
                  "title": "should create a new post with valid payload",
                  "fullTitle": "JSONPlaceholder API - Posts (Escalável) POST /posts should create a new post with valid payload",
                  "timedOut": null,
                  "duration": 444,
                  "state": "passed",
                  "speed": "fast",
                  "pass": true,
                  "fail": false,
                  "pending": false,
                  "context": null,
                  "code": "const payload = _PostFactory.default.createValid();\n_JsonPlaceholderService.default.createPost(payload).then(response => {\n  expect(response.status).to.eq(201);\n  expect(response.body).to.have.property('id');\n  expect(response.body.title).to.eq(payload.title);\n  expect(response.body.body).to.eq(payload.body);\n  expect(response.body.userId).to.eq(payload.userId);\n});",
                  "err": {},
                  "uuid": "6914a47a-e8ee-4878-b360-7bb08d3d368c",
                  "parentUUID": "4e8498da-f1b7-4b38-863d-3a260510b630",
                  "isHook": false,
                  "skipped": false
                },
                {
                  "title": "should create post with extra fields (ignored by API)",
                  "fullTitle": "JSONPlaceholder API - Posts (Escalável) POST /posts should create post with extra fields (ignored by API)",
                  "timedOut": null,
                  "duration": 172,
                  "state": "passed",
                  "speed": "fast",
                  "pass": true,
                  "fail": false,
                  "pending": false,
                  "context": null,
                  "code": "const payload = _PostFactory.default.createWithExtraFields();\n_JsonPlaceholderService.default.createPost(payload).then(response => {\n  expect(response.status).to.eq(201);\n  expect(response.body).to.have.property('id');\n});",
                  "err": {},
                  "uuid": "8744291f-8f35-423d-9e64-100b72410d28",
                  "parentUUID": "4e8498da-f1b7-4b38-863d-3a260510b630",
                  "isHook": false,
                  "skipped": false
                },
                {
                  "title": "should fail with invalid userId",
                  "fullTitle": "JSONPlaceholder API - Posts (Escalável) POST /posts should fail with invalid userId",
                  "timedOut": null,
                  "duration": 174,
                  "state": "passed",
                  "speed": "fast",
                  "pass": true,
                  "fail": false,
                  "pending": false,
                  "context": null,
                  "code": "const payload = _PostFactory.default.createWithInvalidUserId();\n_JsonPlaceholderService.default.createPost(payload, {\n  failOnStatusCode: false\n}).then(response => {\n  expect([201, 400]).to.include(response.status);\n});",
                  "err": {},
                  "uuid": "3d3c7d0d-6d40-40c8-8a24-dddce3b3f49e",
                  "parentUUID": "4e8498da-f1b7-4b38-863d-3a260510b630",
                  "isHook": false,
                  "skipped": false
                },
                {
                  "title": "should fail with missing required fields",
                  "fullTitle": "JSONPlaceholder API - Posts (Escalável) POST /posts should fail with missing required fields",
                  "timedOut": null,
                  "duration": 170,
                  "state": "passed",
                  "speed": "fast",
                  "pass": true,
                  "fail": false,
                  "pending": false,
                  "context": null,
                  "code": "const payload = {\n  title: 'Test'\n};\n_JsonPlaceholderService.default.createPost(payload, {\n  failOnStatusCode: false\n}).then(response => {\n  expect([201, 400]).to.include(response.status);\n});",
                  "err": {},
                  "uuid": "24c03c55-c801-453b-9357-16168fc8086f",
                  "parentUUID": "4e8498da-f1b7-4b38-863d-3a260510b630",
                  "isHook": false,
                  "skipped": false
                }
              ],
              "suites": [],
              "passes": [
                "6914a47a-e8ee-4878-b360-7bb08d3d368c",
                "8744291f-8f35-423d-9e64-100b72410d28",
                "3d3c7d0d-6d40-40c8-8a24-dddce3b3f49e",
                "24c03c55-c801-453b-9357-16168fc8086f"
              ],
              "failures": [],
              "pending": [],
              "skipped": [],
              "duration": 960,
              "root": false,
              "rootEmpty": false,
              "_timeout": 2000
            },
            {
              "uuid": "e5f5338d-0b87-4672-9302-4357b04543bf",
              "title": "PUT /posts/{id}",
              "fullFile": "",
              "file": "",
              "beforeHooks": [],
              "afterHooks": [],
              "tests": [
                {
                  "title": "should update post with valid payload",
                  "fullTitle": "JSONPlaceholder API - Posts (Escalável) PUT /posts/{id} should update post with valid payload",
                  "timedOut": null,
                  "duration": 538,
                  "state": "passed",
                  "speed": "fast",
                  "pass": true,
                  "fail": false,
                  "pending": false,
                  "context": null,
                  "code": "const postId = 1;\nconst payload = _PostFactory.default.createValid();\n_JsonPlaceholderService.default.updatePost(postId, payload).then(response => {\n  expect(response.status).to.eq(200);\n  expect(response.body.id).to.eq(postId);\n  expect(response.body.title).to.eq(payload.title);\n  expect(response.body.body).to.eq(payload.body);\n});",
                  "err": {},
                  "uuid": "8b6b9832-8170-47dc-b39a-b8365f7ea68c",
                  "parentUUID": "e5f5338d-0b87-4672-9302-4357b04543bf",
                  "isHook": false,
                  "skipped": false
                },
                {
                  "title": "should update only specific fields with partial data",
                  "fullTitle": "JSONPlaceholder API - Posts (Escalável) PUT /posts/{id} should update only specific fields with partial data",
                  "timedOut": null,
                  "duration": 189,
                  "state": "passed",
                  "speed": "fast",
                  "pass": true,
                  "fail": false,
                  "pending": false,
                  "context": null,
                  "code": "const postId = 1;\nconst payload = _PostFactory.default.createPartial();\n_JsonPlaceholderService.default.updatePost(postId, payload).then(response => {\n  expect(response.status).to.eq(200);\n  expect(response.body.title).to.eq(payload.title);\n});",
                  "err": {},
                  "uuid": "04639d37-3d16-4fc3-922f-f3e459b2511c",
                  "parentUUID": "e5f5338d-0b87-4672-9302-4357b04543bf",
                  "isHook": false,
                  "skipped": false
                }
              ],
              "suites": [],
              "passes": [
                "8b6b9832-8170-47dc-b39a-b8365f7ea68c",
                "04639d37-3d16-4fc3-922f-f3e459b2511c"
              ],
              "failures": [],
              "pending": [],
              "skipped": [],
              "duration": 727,
              "root": false,
              "rootEmpty": false,
              "_timeout": 2000
            },
            {
              "uuid": "4c465517-b13c-4c46-bb02-c5e2a79b59b7",
              "title": "PATCH /posts/{id}",
              "fullFile": "",
              "file": "",
              "beforeHooks": [],
              "afterHooks": [],
              "tests": [
                {
                  "title": "should partially update post",
                  "fullTitle": "JSONPlaceholder API - Posts (Escalável) PATCH /posts/{id} should partially update post",
                  "timedOut": null,
                  "duration": 218,
                  "state": "passed",
                  "speed": "fast",
                  "pass": true,
                  "fail": false,
                  "pending": false,
                  "context": null,
                  "code": "const postId = 1;\nconst payload = {\n  title: 'Updated Title'\n};\n_JsonPlaceholderService.default.patchPost(postId, payload).then(response => {\n  expect(response.status).to.eq(200);\n  expect(response.body.title).to.eq(payload.title);\n});",
                  "err": {},
                  "uuid": "4c650d08-a71b-410b-831e-240a0ed42ff4",
                  "parentUUID": "4c465517-b13c-4c46-bb02-c5e2a79b59b7",
                  "isHook": false,
                  "skipped": false
                },
                {
                  "title": "should update multiple fields",
                  "fullTitle": "JSONPlaceholder API - Posts (Escalável) PATCH /posts/{id} should update multiple fields",
                  "timedOut": null,
                  "duration": 194,
                  "state": "passed",
                  "speed": "fast",
                  "pass": true,
                  "fail": false,
                  "pending": false,
                  "context": null,
                  "code": "const postId = 1;\nconst payload = _PostFactory.default.createValid();\n_JsonPlaceholderService.default.patchPost(postId, payload).then(response => {\n  expect(response.status).to.eq(200);\n  expect(response.body.title).to.eq(payload.title);\n  expect(response.body.body).to.eq(payload.body);\n});",
                  "err": {},
                  "uuid": "5bf4c854-0f57-4c3a-87b4-dce6968caf0f",
                  "parentUUID": "4c465517-b13c-4c46-bb02-c5e2a79b59b7",
                  "isHook": false,
                  "skipped": false
                }
              ],
              "suites": [],
              "passes": [
                "4c650d08-a71b-410b-831e-240a0ed42ff4",
                "5bf4c854-0f57-4c3a-87b4-dce6968caf0f"
              ],
              "failures": [],
              "pending": [],
              "skipped": [],
              "duration": 412,
              "root": false,
              "rootEmpty": false,
              "_timeout": 2000
            },
            {
              "uuid": "6dcc91b7-93a9-45c8-bfaf-e7a21db62ac0",
              "title": "DELETE /posts/{id}",
              "fullFile": "",
              "file": "",
              "beforeHooks": [],
              "afterHooks": [],
              "tests": [
                {
                  "title": "should delete existing post",
                  "fullTitle": "JSONPlaceholder API - Posts (Escalável) DELETE /posts/{id} should delete existing post",
                  "timedOut": null,
                  "duration": 197,
                  "state": "passed",
                  "speed": "fast",
                  "pass": true,
                  "fail": false,
                  "pending": false,
                  "context": null,
                  "code": "const postId = 1;\n_JsonPlaceholderService.default.deletePost(postId).then(response => {\n  expect(response.status).to.eq(200);\n});",
                  "err": {},
                  "uuid": "4722b799-f52e-4dbe-a2fb-c44699273661",
                  "parentUUID": "6dcc91b7-93a9-45c8-bfaf-e7a21db62ac0",
                  "isHook": false,
                  "skipped": false
                },
                {
                  "title": "should return 200 for non-existent post (API behavior)",
                  "fullTitle": "JSONPlaceholder API - Posts (Escalável) DELETE /posts/{id} should return 200 for non-existent post (API behavior)",
                  "timedOut": null,
                  "duration": 172,
                  "state": "passed",
                  "speed": "fast",
                  "pass": true,
                  "fail": false,
                  "pending": false,
                  "context": null,
                  "code": "const nonExistentId = 9999;\n_JsonPlaceholderService.default.deletePost(nonExistentId, {\n  failOnStatusCode: false\n}).then(response => {\n  expect(response.status).to.eq(200);\n});",
                  "err": {},
                  "uuid": "db2de9fc-8ef0-40b9-a67c-3b325fad9596",
                  "parentUUID": "6dcc91b7-93a9-45c8-bfaf-e7a21db62ac0",
                  "isHook": false,
                  "skipped": false
                }
              ],
              "suites": [],
              "passes": [
                "4722b799-f52e-4dbe-a2fb-c44699273661",
                "db2de9fc-8ef0-40b9-a67c-3b325fad9596"
              ],
              "failures": [],
              "pending": [],
              "skipped": [],
              "duration": 369,
              "root": false,
              "rootEmpty": false,
              "_timeout": 2000
            },
            {
              "uuid": "505b498b-c24f-4b9a-be81-36adde52b24a",
              "title": "Custom Endpoints",
              "fullFile": "",
              "file": "",
              "beforeHooks": [],
              "afterHooks": [],
              "tests": [
                {
                  "title": "should filter posts by user ID",
                  "fullTitle": "JSONPlaceholder API - Posts (Escalável) Custom Endpoints should filter posts by user ID",
                  "timedOut": null,
                  "duration": 70,
                  "state": "passed",
                  "speed": "fast",
                  "pass": true,
                  "fail": false,
                  "pending": false,
                  "context": null,
                  "code": "const userId = 1;\n_JsonPlaceholderService.default.getPostsByUser(userId).then(response => {\n  expect(response.status).to.eq(200);\n  expect(response.body).to.be.an('array');\n  response.body.forEach(post => {\n    expect(post.userId).to.eq(userId);\n  });\n});",
                  "err": {},
                  "uuid": "e5089c12-994d-4c5b-882a-c0bdd9aa6de8",
                  "parentUUID": "505b498b-c24f-4b9a-be81-36adde52b24a",
                  "isHook": false,
                  "skipped": false
                },
                {
                  "title": "should return posts with pagination",
                  "fullTitle": "JSONPlaceholder API - Posts (Escalável) Custom Endpoints should return posts with pagination",
                  "timedOut": null,
                  "duration": 62,
                  "state": "passed",
                  "speed": "fast",
                  "pass": true,
                  "fail": false,
                  "pending": false,
                  "context": null,
                  "code": "const page = 1;\nconst perPage = 5;\n_JsonPlaceholderService.default.getPostsPaginated(page, perPage).then(response => {\n  expect(response.status).to.eq(200);\n  expect(response.body).to.have.lengthOf(perPage);\n});",
                  "err": {},
                  "uuid": "ca4fdc33-6a4e-479b-aca8-5f0408270552",
                  "parentUUID": "505b498b-c24f-4b9a-be81-36adde52b24a",
                  "isHook": false,
                  "skipped": false
                }
              ],
              "suites": [],
              "passes": [
                "e5089c12-994d-4c5b-882a-c0bdd9aa6de8",
                "ca4fdc33-6a4e-479b-aca8-5f0408270552"
              ],
              "failures": [],
              "pending": [],
              "skipped": [],
              "duration": 132,
              "root": false,
              "rootEmpty": false,
              "_timeout": 2000
            },
            {
              "uuid": "a701751f-c31e-4e09-a635-7853f4734fda",
              "title": "Integration Tests",
              "fullFile": "",
              "file": "",
              "beforeHooks": [],
              "afterHooks": [],
              "tests": [
                {
                  "title": "should create, update, and delete a post",
                  "fullTitle": "JSONPlaceholder API - Posts (Escalável) Integration Tests should create, update, and delete a post",
                  "timedOut": null,
                  "duration": 1255,
                  "state": "failed",
                  "speed": null,
                  "pass": false,
                  "fail": true,
                  "pending": false,
                  "context": null,
                  "code": "// Create\nconst createPayload = _PostFactory.default.createValid();\n_JsonPlaceholderService.default.createPost(createPayload).then(createResponse => {\n  expect(createResponse.status).to.eq(201);\n  const createdId = createResponse.body.id;\n  expect(createdId).to.be.a('number');\n  // Update\n  const updatePayload = _PostFactory.default.create();\n  _JsonPlaceholderService.default.updatePost(createdId, updatePayload).then(updateResponse => {\n    expect(updateResponse.status).to.eq(200);\n    expect(updateResponse.body.id).to.eq(createdId);\n    expect(updateResponse.body.title).to.eq(updatePayload.title);\n    // Delete\n    _JsonPlaceholderService.default.deletePost(createdId).then(deleteResponse => {\n      expect(deleteResponse.status).to.eq(200);\n    });\n  });\n});",
                  "err": {
                    "message": "CypressError: `cy.request()` failed on:\n\nhttps://jsonplaceholder.typicode.com/posts/101\n\nThe response we received from your web server was:\n\n  > 500: Internal Server Error\n\nThis was considered a failure because the status code was not `2xx` or `3xx`.\n\nIf you do not want status codes to cause failures pass the option: `failOnStatusCode: false`\n\n-----------------------------------------------------------\n\nThe request we sent was:\n\nMethod: PUT\nURL: https://jsonplaceholder.typicode.com/posts/101\nHeaders: {\n  \"Connection\": \"keep-alive\",\n  \"user-agent\": \"Mozilla/5.0 (Macintosh; Intel Mac OS X 10_15_7) AppleWebKit/537.36 (KHTML, like Gecko) Cypress/15.9.0 Chrome/138.0.7204.251 Electron/37.6.0 Safari/537.36\",\n  \"accept\": \"*/*\",\n  \"accept-encoding\": \"gzip, deflate\",\n  \"content-type\": \"application/json\",\n  \"content-length\": 94\n}\nBody: {\"title\":\"Post Title 1770208699320_8\",\"body\":\"This is the body content for post 9\",\"userId\":9}\n\n-----------------------------------------------------------\n\nThe response we got was:\n\nStatus: 500 - Internal Server Error\nHeaders: {\n  \"date\": \"Wed, 04 Feb 2026 12:38:19 GMT\",\n  \"content-type\": \"text/html; charset=utf-8\",\n  \"content-length\": \"819\",\n  \"connection\": \"keep-alive\",\n  \"access-control-allow-credentials\": \"true\",\n  \"cache-control\": \"no-cache\",\n  \"etag\": \"W/\\\"333-hUw8JUX24BjghGOYHTH5xx+nCFo\\\"\",\n  \"expires\": \"-1\",\n  \"nel\": \"{\\\"report_to\\\":\\\"heroku-nel\\\",\\\"response_headers\\\":[\\\"Via\\\"],\\\"max_age\\\":3600,\\\"success_fraction\\\":0.01,\\\"failure_fraction\\\":0.1}\",\n  \"pragma\": \"no-cache\",\n  \"report-to\": \"{\\\"group\\\":\\\"heroku-nel\\\",\\\"endpoints\\\":[{\\\"url\\\":\\\"https://nel.heroku.com/reports?s=BtbsWAsPr2XNaJKi4NCTFkAICJ9mPVMXSJfo%2B05Tvf0%3D\\\\u0026sid=e11707d5-02a7-43ef-b45e-2cf4d2036f7d\\\\u0026ts=1770208699\\\"}],\\\"max_age\\\":3600}\",\n  \"reporting-endpoints\": \"heroku-nel=\\\"https://nel.heroku.com/reports?s=BtbsWAsPr2XNaJKi4NCTFkAICJ9mPVMXSJfo%2B05Tvf0%3D&sid=e11707d5-02a7-43ef-b45e-2cf4d2036f7d&ts=1770208699\\\"\",\n  \"server\": \"cloudflare\",\n  \"vary\": \"Origin, Accept-Encoding\",\n  \"via\": \"2.0 heroku-router\",\n  \"x-powered-by\": \"Express\",\n  \"x-ratelimit-limit\": \"1000\",\n  \"x-ratelimit-remaining\": \"988\",\n  \"x-ratelimit-reset\": \"1770208701\",\n  \"cf-cache-status\": \"DYNAMIC\",\n  \"cf-ray\": \"9c8a3973bc85caa7-GIG\",\n  \"alt-svc\": \"h3=\\\":443\\\"; ma=86400\"\n}\nBody: TypeError: Cannot read properties of undefined (reading 'id')\n    at update (/app/node_modules/json-server/lib/server/router/plural.js:262:24)\n    at Layer.handle [as handle_request] (/app/node_modules/express/lib/router/layer.js:95:5)\n    at next (/app/node_modules/express/lib/router/route.js:137:13)\n    at next (/app/node_modules/express/lib/router/route.js:131:14)\n    at Route.dispatch (/app/node_modules/express/lib/router/route.js:112:3)\n    at Layer.handle [as handle_request] (/app/node_modules/express/lib/router/layer.js:95:5)\n    at /app/node_modules/express/lib/router/index.js:281:22\n    at param (/app/node_modules/express/lib/router/index.js:354:14)\n    at param (/app/node_modules/express/lib/router/index.js:365:14)\n    at Function.process_params (/app/node_modules/express/lib/router/index.js:410:3)\n\n\nhttps://on.cypress.io/request",
                    "estack": "CypressError: `cy.request()` failed on:\n\nhttps://jsonplaceholder.typicode.com/posts/101\n\nThe response we received from your web server was:\n\n  > 500: Internal Server Error\n\nThis was considered a failure because the status code was not `2xx` or `3xx`.\n\nIf you do not want status codes to cause failures pass the option: `failOnStatusCode: false`\n\n-----------------------------------------------------------\n\nThe request we sent was:\n\nMethod: PUT\nURL: https://jsonplaceholder.typicode.com/posts/101\nHeaders: {\n  \"Connection\": \"keep-alive\",\n  \"user-agent\": \"Mozilla/5.0 (Macintosh; Intel Mac OS X 10_15_7) AppleWebKit/537.36 (KHTML, like Gecko) Cypress/15.9.0 Chrome/138.0.7204.251 Electron/37.6.0 Safari/537.36\",\n  \"accept\": \"*/*\",\n  \"accept-encoding\": \"gzip, deflate\",\n  \"content-type\": \"application/json\",\n  \"content-length\": 94\n}\nBody: {\"title\":\"Post Title 1770208699320_8\",\"body\":\"This is the body content for post 9\",\"userId\":9}\n\n-----------------------------------------------------------\n\nThe response we got was:\n\nStatus: 500 - Internal Server Error\nHeaders: {\n  \"date\": \"Wed, 04 Feb 2026 12:38:19 GMT\",\n  \"content-type\": \"text/html; charset=utf-8\",\n  \"content-length\": \"819\",\n  \"connection\": \"keep-alive\",\n  \"access-control-allow-credentials\": \"true\",\n  \"cache-control\": \"no-cache\",\n  \"etag\": \"W/\\\"333-hUw8JUX24BjghGOYHTH5xx+nCFo\\\"\",\n  \"expires\": \"-1\",\n  \"nel\": \"{\\\"report_to\\\":\\\"heroku-nel\\\",\\\"response_headers\\\":[\\\"Via\\\"],\\\"max_age\\\":3600,\\\"success_fraction\\\":0.01,\\\"failure_fraction\\\":0.1}\",\n  \"pragma\": \"no-cache\",\n  \"report-to\": \"{\\\"group\\\":\\\"heroku-nel\\\",\\\"endpoints\\\":[{\\\"url\\\":\\\"https://nel.heroku.com/reports?s=BtbsWAsPr2XNaJKi4NCTFkAICJ9mPVMXSJfo%2B05Tvf0%3D\\\\u0026sid=e11707d5-02a7-43ef-b45e-2cf4d2036f7d\\\\u0026ts=1770208699\\\"}],\\\"max_age\\\":3600}\",\n  \"reporting-endpoints\": \"heroku-nel=\\\"https://nel.heroku.com/reports?s=BtbsWAsPr2XNaJKi4NCTFkAICJ9mPVMXSJfo%2B05Tvf0%3D&sid=e11707d5-02a7-43ef-b45e-2cf4d2036f7d&ts=1770208699\\\"\",\n  \"server\": \"cloudflare\",\n  \"vary\": \"Origin, Accept-Encoding\",\n  \"via\": \"2.0 heroku-router\",\n  \"x-powered-by\": \"Express\",\n  \"x-ratelimit-limit\": \"1000\",\n  \"x-ratelimit-remaining\": \"988\",\n  \"x-ratelimit-reset\": \"1770208701\",\n  \"cf-cache-status\": \"DYNAMIC\",\n  \"cf-ray\": \"9c8a3973bc85caa7-GIG\",\n  \"alt-svc\": \"h3=\\\":443\\\"; ma=86400\"\n}\nBody: TypeError: Cannot read properties of undefined (reading 'id')\n    at update (/app/node_modules/json-server/lib/server/router/plural.js:262:24)\n    at Layer.handle [as handle_request] (/app/node_modules/express/lib/router/layer.js:95:5)\n    at next (/app/node_modules/express/lib/router/route.js:137:13)\n    at next (/app/node_modules/express/lib/router/route.js:131:14)\n    at Route.dispatch (/app/node_modules/express/lib/router/route.js:112:3)\n    at Layer.handle [as handle_request] (/app/node_modules/express/lib/router/layer.js:95:5)\n    at <unknown> (/app/node_modules/express/lib/router/index.js:281:22)\n    at param (/app/node_modules/express/lib/router/index.js:354:14)\n    at param (/app/node_modules/express/lib/router/index.js:365:14)\n    at Function.process_params (/app/node_modules/express/lib/router/index.js:410:3)\n\n    at <unknown> (https://jsonplaceholder.typicode.com/__cypress/runner/cypress_runner.js:136154:72)\n    at tryCatcher (https://jsonplaceholder.typicode.com/__cypress/runner/cypress_runner.js:1777:23)\n    at Promise._settlePromiseFromHandler (https://jsonplaceholder.typicode.com/__cypress/runner/cypress_runner.js:1489:31)\n    at Promise._settlePromise (https://jsonplaceholder.typicode.com/__cypress/runner/cypress_runner.js:1546:18)\n    at Promise._settlePromise0 (https://jsonplaceholder.typicode.com/__cypress/runner/cypress_runner.js:1591:10)\n    at Promise._settlePromises (https://jsonplaceholder.typicode.com/__cypress/runner/cypress_runner.js:1671:18)\n    at _drainQueueStep (https://jsonplaceholder.typicode.com/__cypress/runner/cypress_runner.js:2377:12)\n    at _drainQueue (https://jsonplaceholder.typicode.com/__cypress/runner/cypress_runner.js:2370:9)\n    at Async._drainQueues (https://jsonplaceholder.typicode.com/__cypress/runner/cypress_runner.js:2386:5)\n    at Async.drainQueues (https://jsonplaceholder.typicode.com/__cypress/runner/cypress_runner.js:2256:14)\nFrom Your Spec Code:\n    at Context.eval (webpack://outsera-cypress-automation/./cypress/e2e/api/users.cy.js:192:8)\n    at getRet (https://jsonplaceholder.typicode.com/__cypress/runner/cypress_runner.js:122690:20)\n    at tryCatcher (https://jsonplaceholder.typicode.com/__cypress/runner/cypress_runner.js:1777:23)\n    at Promise.attempt.Promise.try (https://jsonplaceholder.typicode.com/__cypress/runner/cypress_runner.js:4285:29)\n    at Context.thenFn (https://jsonplaceholder.typicode.com/__cypress/runner/cypress_runner.js:122701:66)\n    at Context.then (https://jsonplaceholder.typicode.com/__cypress/runner/cypress_runner.js:122952:21)\n    at wrapped (https://jsonplaceholder.typicode.com/__cypress/runner/cypress_runner.js:146050:19)",
                    "diff": null
                  },
                  "uuid": "9c2b47dc-b545-4fa8-bdc8-e7fae2ebd32a",
                  "parentUUID": "a701751f-c31e-4e09-a635-7853f4734fda",
                  "isHook": false,
                  "skipped": false
                },
                {
                  "title": "should perform CRUD operations in batch",
                  "fullTitle": "JSONPlaceholder API - Posts (Escalável) Integration Tests should perform CRUD operations in batch",
                  "timedOut": null,
                  "duration": 529,
                  "state": "passed",
                  "speed": "fast",
                  "pass": true,
                  "fail": false,
                  "pending": false,
                  "context": null,
                  "code": "const posts = _PostFactory.default.createMultiple(3);\nposts.forEach(payload => {\n  _JsonPlaceholderService.default.createPost(payload).then(response => {\n    expect(response.status).to.eq(201);\n    expect(response.body).to.have.property('id');\n    expect(response.body.title).to.eq(payload.title);\n    expect(response.body.body).to.eq(payload.body);\n  });\n});",
                  "err": {},
                  "uuid": "ca21c35a-57da-4d5a-a075-6c8140cd9b35",
                  "parentUUID": "a701751f-c31e-4e09-a635-7853f4734fda",
                  "isHook": false,
                  "skipped": false
                }
              ],
              "suites": [],
              "passes": [
                "ca21c35a-57da-4d5a-a075-6c8140cd9b35"
              ],
              "failures": [
                "9c2b47dc-b545-4fa8-bdc8-e7fae2ebd32a"
              ],
              "pending": [],
              "skipped": [],
              "duration": 1784,
              "root": false,
              "rootEmpty": false,
              "_timeout": 2000
            }
          ],
          "passes": [],
          "failures": [],
          "pending": [],
          "skipped": [],
          "duration": 0,
          "root": false,
          "rootEmpty": false,
          "_timeout": 2000
        }
      ],
      "passes": [],
      "failures": [],
      "pending": [],
      "skipped": [],
      "duration": 0,
      "root": true,
      "rootEmpty": true,
      "_timeout": 2000
    }
  ],
  "meta": {
    "mocha": {
      "version": "7.2.0"
    },
    "mochawesome": {
      "options": {
        "quiet": false,
        "reportFilename": "mochawesome",
        "saveHtml": false,
        "saveJson": true,
        "consoleReporter": "spec",
        "useInlineDiffs": false,
        "code": true
      },
      "version": "7.1.4"
    },
    "marge": {
      "options": {
        "reportDir": "cypress/reports",
        "overwrite": false,
        "html": false,
        "json": true
      },
      "version": "6.3.2"
    }
  }
}