{
  "stats": {
    "suites": 1,
    "tests": 13,
    "passes": 13,
    "pending": 0,
    "failures": 0,
    "start": "2026-02-04T15:01:14.270Z",
    "end": "2026-02-04T15:01:17.534Z",
    "duration": 3264,
    "testsRegistered": 13,
    "passPercent": 100,
    "pendingPercent": 0,
    "other": 0,
    "hasOther": false,
    "skipped": 0,
    "hasSkipped": false
  },
  "results": [
    {
      "uuid": "38af974b-a2e1-4e96-b8f7-4b97a1cc891e",
      "title": "",
      "fullFile": "cypress/e2e/api/users.cy.js",
      "file": "cypress/e2e/api/users.cy.js",
      "beforeHooks": [],
      "afterHooks": [],
      "tests": [],
      "suites": [
        {
          "uuid": "c6400728-73f0-4370-af0c-4c6e2dc1aed9",
          "title": "JSONPlaceholder API - Posts",
          "fullFile": "",
          "file": "",
          "beforeHooks": [],
          "afterHooks": [],
          "tests": [
            {
              "title": "GET /posts - should return list of posts",
              "fullTitle": "JSONPlaceholder API - Posts GET /posts - should return list of posts",
              "timedOut": null,
              "duration": 202,
              "state": "passed",
              "speed": "fast",
              "pass": true,
              "fail": false,
              "pending": false,
              "context": null,
              "code": "cy.request({\n  method: 'GET',\n  url: `${baseUrl}/posts`\n}).then(response => {\n  expect(response.status).to.eq(200);\n  expect(response.body).to.be.an('array');\n});",
              "err": {},
              "uuid": "65e7b636-6229-4067-9421-668a24e7e9cc",
              "parentUUID": "c6400728-73f0-4370-af0c-4c6e2dc1aed9",
              "isHook": false,
              "skipped": false
            },
            {
              "title": "GET /posts - should have valid structure",
              "fullTitle": "JSONPlaceholder API - Posts GET /posts - should have valid structure",
              "timedOut": null,
              "duration": 75,
              "state": "passed",
              "speed": "fast",
              "pass": true,
              "fail": false,
              "pending": false,
              "context": null,
              "code": "cy.request({\n  method: 'GET',\n  url: `${baseUrl}/posts`\n}).then(response => {\n  expect(response.status).to.eq(200);\n  expect(response.body).to.be.an('array');\n  expect(response.body.length).to.be.greaterThan(0);\n  const firstPost = response.body[0];\n  expect(firstPost).to.have.all.keys('userId', 'id', 'title', 'body');\n});",
              "err": {},
              "uuid": "13e11b88-4f11-48c6-bd21-80548c0490ad",
              "parentUUID": "c6400728-73f0-4370-af0c-4c6e2dc1aed9",
              "isHook": false,
              "skipped": false
            },
            {
              "title": "GET /posts/1 - should return specific post",
              "fullTitle": "JSONPlaceholder API - Posts GET /posts/1 - should return specific post",
              "timedOut": null,
              "duration": 60,
              "state": "passed",
              "speed": "fast",
              "pass": true,
              "fail": false,
              "pending": false,
              "context": null,
              "code": "cy.request({\n  method: 'GET',\n  url: `${baseUrl}/posts/1`\n}).then(response => {\n  expect(response.status).to.eq(200);\n  expect(response.body).to.have.property('id', 1);\n  expect(response.body).to.have.property('userId');\n  expect(response.body).to.have.property('title');\n  expect(response.body).to.have.property('body');\n});",
              "err": {},
              "uuid": "6755ba16-faf5-4ef3-8926-6aff7bf73504",
              "parentUUID": "c6400728-73f0-4370-af0c-4c6e2dc1aed9",
              "isHook": false,
              "skipped": false
            },
            {
              "title": "GET /posts/99999 - should return 404 for non-existent post",
              "fullTitle": "JSONPlaceholder API - Posts GET /posts/99999 - should return 404 for non-existent post",
              "timedOut": null,
              "duration": 535,
              "state": "passed",
              "speed": "fast",
              "pass": true,
              "fail": false,
              "pending": false,
              "context": null,
              "code": "cy.request({\n  method: 'GET',\n  url: `${baseUrl}/posts/99999`,\n  failOnStatusCode: false\n}).then(response => {\n  expect(response.status).to.eq(404);\n});",
              "err": {},
              "uuid": "a5e10baf-5f08-4753-a721-a619d0f6d521",
              "parentUUID": "c6400728-73f0-4370-af0c-4c6e2dc1aed9",
              "isHook": false,
              "skipped": false
            },
            {
              "title": "POST /posts - should create a post with valid payload",
              "fullTitle": "JSONPlaceholder API - Posts POST /posts - should create a post with valid payload",
              "timedOut": null,
              "duration": 305,
              "state": "passed",
              "speed": "fast",
              "pass": true,
              "fail": false,
              "pending": false,
              "context": null,
              "code": "cy.request({\n  method: 'POST',\n  url: `${baseUrl}/posts`,\n  body: _postPayloads.default.validPost\n}).then(response => {\n  expect(response.status).to.eq(201);\n  expect(response.body).to.have.property('id');\n  expect(response.body.title).to.eq(_postPayloads.default.validPost.title);\n  expect(response.body.body).to.eq(_postPayloads.default.validPost.body);\n  expect(response.body.userId).to.eq(_postPayloads.default.validPost.userId);\n});",
              "err": {},
              "uuid": "650a1de4-7de7-4c84-93c1-819bbf8cbdfb",
              "parentUUID": "c6400728-73f0-4370-af0c-4c6e2dc1aed9",
              "isHook": false,
              "skipped": false
            },
            {
              "title": "POST /posts - should handle invalid payload",
              "fullTitle": "JSONPlaceholder API - Posts POST /posts - should handle invalid payload",
              "timedOut": null,
              "duration": 194,
              "state": "passed",
              "speed": "fast",
              "pass": true,
              "fail": false,
              "pending": false,
              "context": null,
              "code": "cy.request({\n  method: 'POST',\n  url: `${baseUrl}/posts`,\n  body: _postPayloads.default.invalidUser,\n  failOnStatusCode: false\n}).then(response => {\n  // JSONPlaceholder não valida payloads, então retorna 201\n  expect([201, 400]).to.include(response.status);\n});",
              "err": {},
              "uuid": "fe18fb24-0fed-4e25-801e-c71cb36ae9bc",
              "parentUUID": "c6400728-73f0-4370-af0c-4c6e2dc1aed9",
              "isHook": false,
              "skipped": false
            },
            {
              "title": "POST /posts - should create post with only title",
              "fullTitle": "JSONPlaceholder API - Posts POST /posts - should create post with only title",
              "timedOut": null,
              "duration": 240,
              "state": "passed",
              "speed": "fast",
              "pass": true,
              "fail": false,
              "pending": false,
              "context": null,
              "code": "const minimalPayload = {\n  title: 'Minimal Post'\n};\ncy.request({\n  method: 'POST',\n  url: `${baseUrl}/posts`,\n  body: minimalPayload\n}).then(response => {\n  expect(response.status).to.eq(201);\n  expect(response.body).to.have.property('id');\n  expect(response.body.title).to.eq('Minimal Post');\n});",
              "err": {},
              "uuid": "545ffb5c-9ca6-4b9d-ab9f-64418c0c0b2e",
              "parentUUID": "c6400728-73f0-4370-af0c-4c6e2dc1aed9",
              "isHook": false,
              "skipped": false
            },
            {
              "title": "PUT /posts/1 - should update a post completely",
              "fullTitle": "JSONPlaceholder API - Posts PUT /posts/1 - should update a post completely",
              "timedOut": null,
              "duration": 479,
              "state": "passed",
              "speed": "fast",
              "pass": true,
              "fail": false,
              "pending": false,
              "context": null,
              "code": "cy.request({\n  method: 'PUT',\n  url: `${baseUrl}/posts/1`,\n  body: _postPayloads.default.validPost\n}).then(response => {\n  expect(response.status).to.eq(200);\n  expect(response.body.id).to.eq(1);\n  expect(response.body.title).to.eq(_postPayloads.default.validPost.title);\n});",
              "err": {},
              "uuid": "3bd9fd4e-118b-4131-8317-c22e426bbfa6",
              "parentUUID": "c6400728-73f0-4370-af0c-4c6e2dc1aed9",
              "isHook": false,
              "skipped": false
            },
            {
              "title": "PUT /posts/1 - should update only specific fields",
              "fullTitle": "JSONPlaceholder API - Posts PUT /posts/1 - should update only specific fields",
              "timedOut": null,
              "duration": 199,
              "state": "passed",
              "speed": "fast",
              "pass": true,
              "fail": false,
              "pending": false,
              "context": null,
              "code": "const partialUpdate = {\n  title: 'Updated Title'\n};\ncy.request({\n  method: 'PUT',\n  url: `${baseUrl}/posts/1`,\n  body: partialUpdate\n}).then(response => {\n  expect(response.status).to.eq(200);\n  expect(response.body.title).to.eq('Updated Title');\n});",
              "err": {},
              "uuid": "d90cf8b9-baab-4d7d-9d2f-8459981920ec",
              "parentUUID": "c6400728-73f0-4370-af0c-4c6e2dc1aed9",
              "isHook": false,
              "skipped": false
            },
            {
              "title": "PATCH /posts/1 - should partially update a post",
              "fullTitle": "JSONPlaceholder API - Posts PATCH /posts/1 - should partially update a post",
              "timedOut": null,
              "duration": 183,
              "state": "passed",
              "speed": "fast",
              "pass": true,
              "fail": false,
              "pending": false,
              "context": null,
              "code": "const partialUpdate = {\n  title: 'Patched Title'\n};\ncy.request({\n  method: 'PATCH',\n  url: `${baseUrl}/posts/1`,\n  body: partialUpdate\n}).then(response => {\n  expect(response.status).to.eq(200);\n  expect(response.body.title).to.eq('Patched Title');\n  expect(response.body.id).to.eq(1);\n});",
              "err": {},
              "uuid": "64ce425d-b1cb-4ecc-a5a6-39d82110f392",
              "parentUUID": "c6400728-73f0-4370-af0c-4c6e2dc1aed9",
              "isHook": false,
              "skipped": false
            },
            {
              "title": "PATCH /posts/2 - should update just the body",
              "fullTitle": "JSONPlaceholder API - Posts PATCH /posts/2 - should update just the body",
              "timedOut": null,
              "duration": 175,
              "state": "passed",
              "speed": "fast",
              "pass": true,
              "fail": false,
              "pending": false,
              "context": null,
              "code": "const bodyUpdate = {\n  body: 'This is the updated body content'\n};\ncy.request({\n  method: 'PATCH',\n  url: `${baseUrl}/posts/2`,\n  body: bodyUpdate\n}).then(response => {\n  expect(response.status).to.eq(200);\n  expect(response.body.body).to.eq('This is the updated body content');\n});",
              "err": {},
              "uuid": "bf3fde91-23f7-422f-b727-dd048a083f06",
              "parentUUID": "c6400728-73f0-4370-af0c-4c6e2dc1aed9",
              "isHook": false,
              "skipped": false
            },
            {
              "title": "DELETE /posts/1 - should delete a post",
              "fullTitle": "JSONPlaceholder API - Posts DELETE /posts/1 - should delete a post",
              "timedOut": null,
              "duration": 172,
              "state": "passed",
              "speed": "fast",
              "pass": true,
              "fail": false,
              "pending": false,
              "context": null,
              "code": "cy.request({\n  method: 'DELETE',\n  url: `${baseUrl}/posts/1`\n}).then(response => {\n  expect(response.status).to.eq(200);\n});",
              "err": {},
              "uuid": "bfd61085-18cf-4b58-9357-2319dc66c911",
              "parentUUID": "c6400728-73f0-4370-af0c-4c6e2dc1aed9",
              "isHook": false,
              "skipped": false
            },
            {
              "title": "DELETE /posts/99999 - should return 200 for non-existent post",
              "fullTitle": "JSONPlaceholder API - Posts DELETE /posts/99999 - should return 200 for non-existent post",
              "timedOut": null,
              "duration": 169,
              "state": "passed",
              "speed": "fast",
              "pass": true,
              "fail": false,
              "pending": false,
              "context": null,
              "code": "cy.request({\n  method: 'DELETE',\n  url: `${baseUrl}/posts/99999`\n}).then(response => {\n  // JSONPlaceholder sempre retorna 200 para DELETE\n  expect(response.status).to.eq(200);\n});",
              "err": {},
              "uuid": "3cd93b7b-1665-4dc2-be3b-db5bf2b98194",
              "parentUUID": "c6400728-73f0-4370-af0c-4c6e2dc1aed9",
              "isHook": false,
              "skipped": false
            }
          ],
          "suites": [],
          "passes": [
            "65e7b636-6229-4067-9421-668a24e7e9cc",
            "13e11b88-4f11-48c6-bd21-80548c0490ad",
            "6755ba16-faf5-4ef3-8926-6aff7bf73504",
            "a5e10baf-5f08-4753-a721-a619d0f6d521",
            "650a1de4-7de7-4c84-93c1-819bbf8cbdfb",
            "fe18fb24-0fed-4e25-801e-c71cb36ae9bc",
            "545ffb5c-9ca6-4b9d-ab9f-64418c0c0b2e",
            "3bd9fd4e-118b-4131-8317-c22e426bbfa6",
            "d90cf8b9-baab-4d7d-9d2f-8459981920ec",
            "64ce425d-b1cb-4ecc-a5a6-39d82110f392",
            "bf3fde91-23f7-422f-b727-dd048a083f06",
            "bfd61085-18cf-4b58-9357-2319dc66c911",
            "3cd93b7b-1665-4dc2-be3b-db5bf2b98194"
          ],
          "failures": [],
          "pending": [],
          "skipped": [],
          "duration": 2988,
          "root": false,
          "rootEmpty": false,
          "_timeout": 2000
        }
      ],
      "passes": [],
      "failures": [],
      "pending": [],
      "skipped": [],
      "duration": 0,
      "root": true,
      "rootEmpty": true,
      "_timeout": 2000
    }
  ],
  "meta": {
    "mocha": {
      "version": "7.2.0"
    },
    "mochawesome": {
      "options": {
        "quiet": false,
        "reportFilename": "mochawesome",
        "saveHtml": false,
        "saveJson": true,
        "consoleReporter": "spec",
        "useInlineDiffs": false,
        "code": true
      },
      "version": "7.1.4"
    },
    "marge": {
      "options": {
        "reportDir": "cypress/reports",
        "overwrite": false,
        "html": false,
        "json": true
      },
      "version": "6.3.2"
    }
  }
}