{
  "stats": {
    "suites": 9,
    "tests": 22,
    "passes": 22,
    "pending": 0,
    "failures": 0,
    "start": "2026-02-04T18:37:41.265Z",
    "end": "2026-02-04T18:37:45.190Z",
    "duration": 3925,
    "testsRegistered": 22,
    "passPercent": 100,
    "pendingPercent": 0,
    "other": 0,
    "hasOther": false,
    "skipped": 0,
    "hasSkipped": false
  },
  "results": [
    {
      "uuid": "4aa31ae9-6463-45bd-974d-d779a8d2e813",
      "title": "",
      "fullFile": "cypress/e2e/api/users.cy.js",
      "file": "cypress/e2e/api/users.cy.js",
      "beforeHooks": [],
      "afterHooks": [],
      "tests": [],
      "suites": [
        {
          "uuid": "47782646-9bf5-4d85-a795-409e9b5f2316",
          "title": "JSONPlaceholder API - Posts",
          "fullFile": "",
          "file": "",
          "beforeHooks": [],
          "afterHooks": [],
          "tests": [],
          "suites": [
            {
              "uuid": "b4e3e267-1ab8-4f29-81cf-19a0c26d64b3",
              "title": "GET /posts",
              "fullFile": "",
              "file": "",
              "beforeHooks": [],
              "afterHooks": [],
              "tests": [
                {
                  "title": "should return list of posts with status 200",
                  "fullTitle": "JSONPlaceholder API - Posts GET /posts should return list of posts with status 200",
                  "timedOut": null,
                  "duration": 187,
                  "state": "passed",
                  "speed": "fast",
                  "pass": true,
                  "fail": false,
                  "pending": false,
                  "context": null,
                  "code": "_JsonPlaceholderService.default.getPosts().then(response => {\n  _ApiAssertions.default.expectStatus(response, 200);\n  _ApiAssertions.default.expectArray(response);\n});",
                  "err": {},
                  "uuid": "383e1804-1cc7-486f-8adc-a0f078f535e2",
                  "parentUUID": "b4e3e267-1ab8-4f29-81cf-19a0c26d64b3",
                  "isHook": false,
                  "skipped": false
                },
                {
                  "title": "should return posts with valid structure",
                  "fullTitle": "JSONPlaceholder API - Posts GET /posts should return posts with valid structure",
                  "timedOut": null,
                  "duration": 67,
                  "state": "passed",
                  "speed": "fast",
                  "pass": true,
                  "fail": false,
                  "pending": false,
                  "context": null,
                  "code": "_JsonPlaceholderService.default.getPosts().then(response => {\n  _ApiAssertions.default.expectStatus(response, 200);\n  _ApiAssertions.default.expectPostsArrayStructure(response);\n});",
                  "err": {},
                  "uuid": "0fcf0912-ccc7-4fa7-b45b-ed1d221233dc",
                  "parentUUID": "b4e3e267-1ab8-4f29-81cf-19a0c26d64b3",
                  "isHook": false,
                  "skipped": false
                },
                {
                  "title": "should return posts within acceptable response time",
                  "fullTitle": "JSONPlaceholder API - Posts GET /posts should return posts within acceptable response time",
                  "timedOut": null,
                  "duration": 76,
                  "state": "passed",
                  "speed": "fast",
                  "pass": true,
                  "fail": false,
                  "pending": false,
                  "context": null,
                  "code": "_JsonPlaceholderService.default.getPosts().then(response => {\n  _ApiAssertions.default.expectStatus(response, 200);\n  _ApiAssertions.default.expectResponseTime(response, 2000);\n});",
                  "err": {},
                  "uuid": "ae451d04-aef4-419d-be45-a7007ef80308",
                  "parentUUID": "b4e3e267-1ab8-4f29-81cf-19a0c26d64b3",
                  "isHook": false,
                  "skipped": false
                }
              ],
              "suites": [],
              "passes": [
                "383e1804-1cc7-486f-8adc-a0f078f535e2",
                "0fcf0912-ccc7-4fa7-b45b-ed1d221233dc",
                "ae451d04-aef4-419d-be45-a7007ef80308"
              ],
              "failures": [],
              "pending": [],
              "skipped": [],
              "duration": 330,
              "root": false,
              "rootEmpty": false,
              "_timeout": 2000
            },
            {
              "uuid": "de4ba597-d0ab-4715-9dd7-c4d0d6080947",
              "title": "GET /posts/{id}",
              "fullFile": "",
              "file": "",
              "beforeHooks": [],
              "afterHooks": [],
              "tests": [
                {
                  "title": "should return specific post with status 200",
                  "fullTitle": "JSONPlaceholder API - Posts GET /posts/{id} should return specific post with status 200",
                  "timedOut": null,
                  "duration": 67,
                  "state": "passed",
                  "speed": "fast",
                  "pass": true,
                  "fail": false,
                  "pending": false,
                  "context": null,
                  "code": "_JsonPlaceholderService.default.getPostById(1).then(response => {\n  _ApiAssertions.default.expectStatus(response, 200);\n  _ApiAssertions.default.expectPostStructure(response);\n  _ApiAssertions.default.expectProperty(response, 'id', 1);\n});",
                  "err": {},
                  "uuid": "bc3df9ea-3403-4b61-9266-a881d76049ed",
                  "parentUUID": "de4ba597-d0ab-4715-9dd7-c4d0d6080947",
                  "isHook": false,
                  "skipped": false
                },
                {
                  "title": "should return 404 for non-existent post",
                  "fullTitle": "JSONPlaceholder API - Posts GET /posts/{id} should return 404 for non-existent post",
                  "timedOut": null,
                  "duration": 51,
                  "state": "passed",
                  "speed": "fast",
                  "pass": true,
                  "fail": false,
                  "pending": false,
                  "context": null,
                  "code": "_JsonPlaceholderService.default.getPostById(99999, false).then(response => {\n  _ApiAssertions.default.expectStatus(response, 404);\n});",
                  "err": {},
                  "uuid": "dcbfa95d-4a0f-49a0-a31d-e6b71fb0e8b0",
                  "parentUUID": "de4ba597-d0ab-4715-9dd7-c4d0d6080947",
                  "isHook": false,
                  "skipped": false
                },
                {
                  "title": "should return valid structure for any post id",
                  "fullTitle": "JSONPlaceholder API - Posts GET /posts/{id} should return valid structure for any post id",
                  "timedOut": null,
                  "duration": 63,
                  "state": "passed",
                  "speed": "fast",
                  "pass": true,
                  "fail": false,
                  "pending": false,
                  "context": null,
                  "code": "_JsonPlaceholderService.default.getPostById(5).then(response => {\n  _ApiAssertions.default.expectStatus(response, 200);\n  _ApiAssertions.default.expectPostStructure(response);\n  _ApiAssertions.default.expectProperty(response, 'id', 5);\n});",
                  "err": {},
                  "uuid": "c3f8ad4f-b93b-4223-ab5f-8e4d6cac3443",
                  "parentUUID": "de4ba597-d0ab-4715-9dd7-c4d0d6080947",
                  "isHook": false,
                  "skipped": false
                }
              ],
              "suites": [],
              "passes": [
                "bc3df9ea-3403-4b61-9266-a881d76049ed",
                "dcbfa95d-4a0f-49a0-a31d-e6b71fb0e8b0",
                "c3f8ad4f-b93b-4223-ab5f-8e4d6cac3443"
              ],
              "failures": [],
              "pending": [],
              "skipped": [],
              "duration": 181,
              "root": false,
              "rootEmpty": false,
              "_timeout": 2000
            },
            {
              "uuid": "053713af-14a9-46c2-86f3-94e53e30ad7a",
              "title": "GET /posts?userId={id}",
              "fullFile": "",
              "file": "",
              "beforeHooks": [],
              "afterHooks": [],
              "tests": [
                {
                  "title": "should return posts filtered by user id",
                  "fullTitle": "JSONPlaceholder API - Posts GET /posts?userId={id} should return posts filtered by user id",
                  "timedOut": null,
                  "duration": 72,
                  "state": "passed",
                  "speed": "fast",
                  "pass": true,
                  "fail": false,
                  "pending": false,
                  "context": null,
                  "code": "_JsonPlaceholderService.default.getPostsByUser(1).then(response => {\n  _ApiAssertions.default.expectStatus(response, 200);\n  _ApiAssertions.default.expectArray(response);\n  response.body.forEach(post => {\n    expect(post.userId).to.eq(1);\n  });\n});",
                  "err": {},
                  "uuid": "39e89beb-4488-4dd4-a4c9-ae6f428f28c8",
                  "parentUUID": "053713af-14a9-46c2-86f3-94e53e30ad7a",
                  "isHook": false,
                  "skipped": false
                }
              ],
              "suites": [],
              "passes": [
                "39e89beb-4488-4dd4-a4c9-ae6f428f28c8"
              ],
              "failures": [],
              "pending": [],
              "skipped": [],
              "duration": 72,
              "root": false,
              "rootEmpty": false,
              "_timeout": 2000
            },
            {
              "uuid": "3d6c7a3b-4e22-42b2-8e00-0e1816bea34c",
              "title": "POST /posts",
              "fullFile": "",
              "file": "",
              "beforeHooks": [],
              "afterHooks": [],
              "tests": [
                {
                  "title": "should create a post with valid payload",
                  "fullTitle": "JSONPlaceholder API - Posts POST /posts should create a post with valid payload",
                  "timedOut": null,
                  "duration": 187,
                  "state": "passed",
                  "speed": "fast",
                  "pass": true,
                  "fail": false,
                  "pending": false,
                  "context": null,
                  "code": "const payload = _PostFactory.default.createPost();\n_JsonPlaceholderService.default.createPost(payload).then(response => {\n  _ApiAssertions.default.expectStatus(response, 201);\n  _ApiAssertions.default.expectCreatedId(response);\n  _ApiAssertions.default.expectProperty(response, 'title', payload.title);\n  _ApiAssertions.default.expectProperty(response, 'body', payload.body);\n  _ApiAssertions.default.expectProperty(response, 'userId', payload.userId);\n});",
                  "err": {},
                  "uuid": "4e487ce6-87aa-4626-8492-0033e5c15bdb",
                  "parentUUID": "3d6c7a3b-4e22-42b2-8e00-0e1816bea34c",
                  "isHook": false,
                  "skipped": false
                },
                {
                  "title": "should create post with only title (minimal payload)",
                  "fullTitle": "JSONPlaceholder API - Posts POST /posts should create post with only title (minimal payload)",
                  "timedOut": null,
                  "duration": 181,
                  "state": "passed",
                  "speed": "fast",
                  "pass": true,
                  "fail": false,
                  "pending": false,
                  "context": null,
                  "code": "const payload = _PostFactory.default.createPostWithOnlyTitle();\n_JsonPlaceholderService.default.createPost(payload).then(response => {\n  _ApiAssertions.default.expectStatus(response, 201);\n  _ApiAssertions.default.expectCreatedId(response);\n  _ApiAssertions.default.expectProperty(response, 'title', payload.title);\n});",
                  "err": {},
                  "uuid": "19cc0964-f76d-410f-b3ac-e6f176843f34",
                  "parentUUID": "3d6c7a3b-4e22-42b2-8e00-0e1816bea34c",
                  "isHook": false,
                  "skipped": false
                },
                {
                  "title": "should handle extra fields in payload",
                  "fullTitle": "JSONPlaceholder API - Posts POST /posts should handle extra fields in payload",
                  "timedOut": null,
                  "duration": 176,
                  "state": "passed",
                  "speed": "fast",
                  "pass": true,
                  "fail": false,
                  "pending": false,
                  "context": null,
                  "code": "const payload = _PostFactory.default.createPostWithExtraFields();\n_JsonPlaceholderService.default.createPost(payload).then(response => {\n  _ApiAssertions.default.expectStatus(response, 201);\n  _ApiAssertions.default.expectCreatedId(response);\n});",
                  "err": {},
                  "uuid": "4c532d08-110d-499e-81d2-0f64ba5099f8",
                  "parentUUID": "3d6c7a3b-4e22-42b2-8e00-0e1816bea34c",
                  "isHook": false,
                  "skipped": false
                },
                {
                  "title": "should return 201 even with empty fields (JSONPlaceholder behavior)",
                  "fullTitle": "JSONPlaceholder API - Posts POST /posts should return 201 even with empty fields (JSONPlaceholder behavior)",
                  "timedOut": null,
                  "duration": 174,
                  "state": "passed",
                  "speed": "fast",
                  "pass": true,
                  "fail": false,
                  "pending": false,
                  "context": null,
                  "code": "const payload = _PostFactory.default.createPostWithEmptyFields();\n_JsonPlaceholderService.default.createPost(payload, false).then(response => {\n  // JSONPlaceholder não valida payload, retorna 201\n  _ApiAssertions.default.expectStatus(response, 201);\n});",
                  "err": {},
                  "uuid": "302a73a4-57b0-4e15-a284-4d50b351fea4",
                  "parentUUID": "3d6c7a3b-4e22-42b2-8e00-0e1816bea34c",
                  "isHook": false,
                  "skipped": false
                }
              ],
              "suites": [],
              "passes": [
                "4e487ce6-87aa-4626-8492-0033e5c15bdb",
                "19cc0964-f76d-410f-b3ac-e6f176843f34",
                "4c532d08-110d-499e-81d2-0f64ba5099f8",
                "302a73a4-57b0-4e15-a284-4d50b351fea4"
              ],
              "failures": [],
              "pending": [],
              "skipped": [],
              "duration": 718,
              "root": false,
              "rootEmpty": false,
              "_timeout": 2000
            },
            {
              "uuid": "106d94fe-1b73-434c-97a2-031c20de3a4f",
              "title": "PUT /posts/{id}",
              "fullFile": "",
              "file": "",
              "beforeHooks": [],
              "afterHooks": [],
              "tests": [
                {
                  "title": "should completely update a post",
                  "fullTitle": "JSONPlaceholder API - Posts PUT /posts/{id} should completely update a post",
                  "timedOut": null,
                  "duration": 431,
                  "state": "passed",
                  "speed": "fast",
                  "pass": true,
                  "fail": false,
                  "pending": false,
                  "context": null,
                  "code": "const payload = _PostFactory.default.createUpdatePayload({\n  id: 1\n});\n_JsonPlaceholderService.default.updatePost(1, payload).then(response => {\n  _ApiAssertions.default.expectStatus(response, 200);\n  _ApiAssertions.default.expectProperty(response, 'id', 1);\n  _ApiAssertions.default.expectProperty(response, 'title', payload.title);\n  _ApiAssertions.default.expectProperty(response, 'body', payload.body);\n});",
                  "err": {},
                  "uuid": "88e923ff-8b0f-4d9e-86a5-572d48a9acf0",
                  "parentUUID": "106d94fe-1b73-434c-97a2-031c20de3a4f",
                  "isHook": false,
                  "skipped": false
                },
                {
                  "title": "should update only specific fields via PUT",
                  "fullTitle": "JSONPlaceholder API - Posts PUT /posts/{id} should update only specific fields via PUT",
                  "timedOut": null,
                  "duration": 180,
                  "state": "passed",
                  "speed": "fast",
                  "pass": true,
                  "fail": false,
                  "pending": false,
                  "context": null,
                  "code": "const payload = _PostFactory.default.createPatchPayload();\n_JsonPlaceholderService.default.updatePost(1, payload).then(response => {\n  _ApiAssertions.default.expectStatus(response, 200);\n  _ApiAssertions.default.expectProperty(response, 'title', payload.title);\n});",
                  "err": {},
                  "uuid": "4fe60d7b-d5c2-48e8-bf41-5a1dd1a00adf",
                  "parentUUID": "106d94fe-1b73-434c-97a2-031c20de3a4f",
                  "isHook": false,
                  "skipped": false
                }
              ],
              "suites": [],
              "passes": [
                "88e923ff-8b0f-4d9e-86a5-572d48a9acf0",
                "4fe60d7b-d5c2-48e8-bf41-5a1dd1a00adf"
              ],
              "failures": [],
              "pending": [],
              "skipped": [],
              "duration": 611,
              "root": false,
              "rootEmpty": false,
              "_timeout": 2000
            },
            {
              "uuid": "dffb6f0e-2cae-45b5-b3dd-140c5bc7acb7",
              "title": "PATCH /posts/{id}",
              "fullFile": "",
              "file": "",
              "beforeHooks": [],
              "afterHooks": [],
              "tests": [
                {
                  "title": "should partially update post title",
                  "fullTitle": "JSONPlaceholder API - Posts PATCH /posts/{id} should partially update post title",
                  "timedOut": null,
                  "duration": 201,
                  "state": "passed",
                  "speed": "fast",
                  "pass": true,
                  "fail": false,
                  "pending": false,
                  "context": null,
                  "code": "const payload = _PostFactory.default.createPatchPayload();\n_JsonPlaceholderService.default.patchPost(1, payload).then(response => {\n  _ApiAssertions.default.expectStatus(response, 200);\n  _ApiAssertions.default.expectProperty(response, 'id', 1);\n  _ApiAssertions.default.expectProperty(response, 'title', payload.title);\n});",
                  "err": {},
                  "uuid": "c1b7f4ab-faee-477d-87be-16df6e648c2a",
                  "parentUUID": "dffb6f0e-2cae-45b5-b3dd-140c5bc7acb7",
                  "isHook": false,
                  "skipped": false
                },
                {
                  "title": "should partially update only the body",
                  "fullTitle": "JSONPlaceholder API - Posts PATCH /posts/{id} should partially update only the body",
                  "timedOut": null,
                  "duration": 177,
                  "state": "passed",
                  "speed": "fast",
                  "pass": true,
                  "fail": false,
                  "pending": false,
                  "context": null,
                  "code": "const payload = _PostFactory.default.createBodyPatchPayload();\n_JsonPlaceholderService.default.patchPost(2, payload).then(response => {\n  _ApiAssertions.default.expectStatus(response, 200);\n  _ApiAssertions.default.expectProperty(response, 'id', 2);\n  _ApiAssertions.default.expectProperty(response, 'body', payload.body);\n});",
                  "err": {},
                  "uuid": "e4b9f812-9c5f-47cf-ad9b-00e975c2f9ad",
                  "parentUUID": "dffb6f0e-2cae-45b5-b3dd-140c5bc7acb7",
                  "isHook": false,
                  "skipped": false
                },
                {
                  "title": "should update with mixed fields",
                  "fullTitle": "JSONPlaceholder API - Posts PATCH /posts/{id} should update with mixed fields",
                  "timedOut": null,
                  "duration": 177,
                  "state": "passed",
                  "speed": "fast",
                  "pass": true,
                  "fail": false,
                  "pending": false,
                  "context": null,
                  "code": "const payload = _PostFactory.default.createPost({\n  title: 'Mixed Update',\n  body: 'Updated body content'\n});\n_JsonPlaceholderService.default.patchPost(3, payload).then(response => {\n  _ApiAssertions.default.expectStatus(response, 200);\n  _ApiAssertions.default.expectProperty(response, 'title', payload.title);\n  _ApiAssertions.default.expectProperty(response, 'body', payload.body);\n});",
                  "err": {},
                  "uuid": "92e1637a-e14d-414a-b924-fdfb93ca4551",
                  "parentUUID": "dffb6f0e-2cae-45b5-b3dd-140c5bc7acb7",
                  "isHook": false,
                  "skipped": false
                }
              ],
              "suites": [],
              "passes": [
                "c1b7f4ab-faee-477d-87be-16df6e648c2a",
                "e4b9f812-9c5f-47cf-ad9b-00e975c2f9ad",
                "92e1637a-e14d-414a-b924-fdfb93ca4551"
              ],
              "failures": [],
              "pending": [],
              "skipped": [],
              "duration": 555,
              "root": false,
              "rootEmpty": false,
              "_timeout": 2000
            },
            {
              "uuid": "75366f37-0606-497e-b269-53539aec56d2",
              "title": "DELETE /posts/{id}",
              "fullFile": "",
              "file": "",
              "beforeHooks": [],
              "afterHooks": [],
              "tests": [
                {
                  "title": "should delete a post with status 200",
                  "fullTitle": "JSONPlaceholder API - Posts DELETE /posts/{id} should delete a post with status 200",
                  "timedOut": null,
                  "duration": 170,
                  "state": "passed",
                  "speed": "fast",
                  "pass": true,
                  "fail": false,
                  "pending": false,
                  "context": null,
                  "code": "_JsonPlaceholderService.default.deletePost(1).then(response => {\n  _ApiAssertions.default.expectStatus(response, 200);\n});",
                  "err": {},
                  "uuid": "c3738b63-4e44-4205-a44f-de91ba977bd4",
                  "parentUUID": "75366f37-0606-497e-b269-53539aec56d2",
                  "isHook": false,
                  "skipped": false
                },
                {
                  "title": "should return 200 for non-existent post (JSONPlaceholder behavior)",
                  "fullTitle": "JSONPlaceholder API - Posts DELETE /posts/{id} should return 200 for non-existent post (JSONPlaceholder behavior)",
                  "timedOut": null,
                  "duration": 181,
                  "state": "passed",
                  "speed": "fast",
                  "pass": true,
                  "fail": false,
                  "pending": false,
                  "context": null,
                  "code": "_JsonPlaceholderService.default.deletePost(99999).then(response => {\n  _ApiAssertions.default.expectStatus(response, 200);\n});",
                  "err": {},
                  "uuid": "1fa27e8c-4d9b-4071-bba4-5813c8a4e998",
                  "parentUUID": "75366f37-0606-497e-b269-53539aec56d2",
                  "isHook": false,
                  "skipped": false
                },
                {
                  "title": "should successfully delete different post ids",
                  "fullTitle": "JSONPlaceholder API - Posts DELETE /posts/{id} should successfully delete different post ids",
                  "timedOut": null,
                  "duration": 335,
                  "state": "passed",
                  "speed": "fast",
                  "pass": true,
                  "fail": false,
                  "pending": false,
                  "context": null,
                  "code": "_JsonPlaceholderService.default.deletePost(5).then(response => {\n  _ApiAssertions.default.expectStatus(response, 200);\n});\n_JsonPlaceholderService.default.deletePost(10).then(response => {\n  _ApiAssertions.default.expectStatus(response, 200);\n});",
                  "err": {},
                  "uuid": "65f6235d-cc21-4480-aba2-ed84d1d8ca64",
                  "parentUUID": "75366f37-0606-497e-b269-53539aec56d2",
                  "isHook": false,
                  "skipped": false
                }
              ],
              "suites": [],
              "passes": [
                "c3738b63-4e44-4205-a44f-de91ba977bd4",
                "1fa27e8c-4d9b-4071-bba4-5813c8a4e998",
                "65f6235d-cc21-4480-aba2-ed84d1d8ca64"
              ],
              "failures": [],
              "pending": [],
              "skipped": [],
              "duration": 686,
              "root": false,
              "rootEmpty": false,
              "_timeout": 2000
            },
            {
              "uuid": "5370f6eb-3350-4336-a097-e6519e256a98",
              "title": "Contract Validation",
              "fullFile": "",
              "file": "",
              "beforeHooks": [],
              "afterHooks": [],
              "tests": [
                {
                  "title": "should validate post response structure",
                  "fullTitle": "JSONPlaceholder API - Posts Contract Validation should validate post response structure",
                  "timedOut": null,
                  "duration": 67,
                  "state": "passed",
                  "speed": "fast",
                  "pass": true,
                  "fail": false,
                  "pending": false,
                  "context": null,
                  "code": "_JsonPlaceholderService.default.getPostById(1).then(response => {\n  _ApiAssertions.default.expectStatus(response, 200);\n  _ApiAssertions.default.expectPostStructure(response);\n});",
                  "err": {},
                  "uuid": "e9279daa-dc84-4ce4-bdf5-a08532b70a61",
                  "parentUUID": "5370f6eb-3350-4336-a097-e6519e256a98",
                  "isHook": false,
                  "skipped": false
                },
                {
                  "title": "should validate posts list response structure",
                  "fullTitle": "JSONPlaceholder API - Posts Contract Validation should validate posts list response structure",
                  "timedOut": null,
                  "duration": 68,
                  "state": "passed",
                  "speed": "fast",
                  "pass": true,
                  "fail": false,
                  "pending": false,
                  "context": null,
                  "code": "_JsonPlaceholderService.default.getPosts().then(response => {\n  _ApiAssertions.default.expectStatus(response, 200);\n  _ApiAssertions.default.expectPostsArrayStructure(response);\n});",
                  "err": {},
                  "uuid": "36f1bf87-3afc-4cde-8d12-985f0508e7e3",
                  "parentUUID": "5370f6eb-3350-4336-a097-e6519e256a98",
                  "isHook": false,
                  "skipped": false
                },
                {
                  "title": "should validate created post structure",
                  "fullTitle": "JSONPlaceholder API - Posts Contract Validation should validate created post structure",
                  "timedOut": null,
                  "duration": 208,
                  "state": "passed",
                  "speed": "fast",
                  "pass": true,
                  "fail": false,
                  "pending": false,
                  "context": null,
                  "code": "const payload = _PostFactory.default.createPost();\n_JsonPlaceholderService.default.createPost(payload).then(response => {\n  _ApiAssertions.default.expectStatus(response, 201);\n  _ApiAssertions.default.expectCreatedId(response);\n  _ApiAssertions.default.expectPostStructure(response);\n});",
                  "err": {},
                  "uuid": "b70e0467-0551-4e2b-9acd-e90e476339a8",
                  "parentUUID": "5370f6eb-3350-4336-a097-e6519e256a98",
                  "isHook": false,
                  "skipped": false
                }
              ],
              "suites": [],
              "passes": [
                "e9279daa-dc84-4ce4-bdf5-a08532b70a61",
                "36f1bf87-3afc-4cde-8d12-985f0508e7e3",
                "b70e0467-0551-4e2b-9acd-e90e476339a8"
              ],
              "failures": [],
              "pending": [],
              "skipped": [],
              "duration": 343,
              "root": false,
              "rootEmpty": false,
              "_timeout": 2000
            }
          ],
          "passes": [],
          "failures": [],
          "pending": [],
          "skipped": [],
          "duration": 0,
          "root": false,
          "rootEmpty": false,
          "_timeout": 2000
        }
      ],
      "passes": [],
      "failures": [],
      "pending": [],
      "skipped": [],
      "duration": 0,
      "root": true,
      "rootEmpty": true,
      "_timeout": 2000
    }
  ],
  "meta": {
    "mocha": {
      "version": "7.2.0"
    },
    "mochawesome": {
      "options": {
        "quiet": false,
        "reportFilename": "mochawesome",
        "saveHtml": false,
        "saveJson": true,
        "consoleReporter": "spec",
        "useInlineDiffs": false,
        "code": true
      },
      "version": "7.1.4"
    },
    "marge": {
      "options": {
        "reportDir": "cypress/reports",
        "overwrite": false,
        "html": false,
        "json": true
      },
      "version": "6.3.2"
    }
  }
}